INFO: 2021-04-08T21:23:24 - Loaded AI-Heat-Normal for tag: ai_heat_normal
INFO: 2021-04-08T21:23:24 - Applied AI-Heat-Normal for tag: ai_heat_normal, with Mood Defensive
INFO: 2021-04-08T21:23:24 - Applied AI-Heat-Normal for tag: ai_heat_normal, with Mood Aggressive
INFO: 2021-04-08T21:23:24 - Applied AI-Heat-Normal for tag: ai_heat_normal, with Mood SensorLocking
INFO: 2021-04-08T21:23:24 - Applied AI-Heat-Normal for tag: ai_heat_normal, with Mood Ruthless
INFO: 2021-04-08T21:23:24 - Loaded AI-DFA-Normal for tag: ai_dfa_normal
INFO: 2021-04-08T21:23:24 - Applied AI-DFA-Normal for tag: ai_dfa_normal, with Mood Defensive
INFO: 2021-04-08T21:23:24 - Applied AI-DFA-Normal for tag: ai_dfa_normal, with Mood Aggressive
INFO: 2021-04-08T21:23:24 - Applied AI-DFA-Normal for tag: ai_dfa_normal, with Mood SensorLocking
INFO: 2021-04-08T21:23:24 - Applied AI-DFA-Normal for tag: ai_dfa_normal, with Mood Ruthless
INFO: 2021-04-08T21:23:24 - Loaded AI-Flank-Normal for tag: ai_flank_normal
INFO: 2021-04-08T21:23:24 - Applied AI-Flank-Normal for tag: ai_flank_normal, with Mood Defensive
INFO: 2021-04-08T21:23:24 - Applied AI-Flank-Normal for tag: ai_flank_normal, with Mood Aggressive
INFO: 2021-04-08T21:23:24 - Applied AI-Flank-Normal for tag: ai_flank_normal, with Mood SensorLocking
INFO: 2021-04-08T21:23:24 - Applied AI-Flank-Normal for tag: ai_flank_normal, with Mood Ruthless
INFO: 2021-04-08T21:23:24 - Loaded AI-Lancemates-Normal for tag: ai_lance_normal
INFO: 2021-04-08T21:23:24 - Applied AI-Lancemates-Normal for tag: ai_lance_normal, with Mood Defensive
INFO: 2021-04-08T21:23:24 - Applied AI-Lancemates-Normal for tag: ai_lance_normal, with Mood Aggressive
INFO: 2021-04-08T21:23:24 - Applied AI-Lancemates-Normal for tag: ai_lance_normal, with Mood SensorLocking
INFO: 2021-04-08T21:23:24 - Applied AI-Lancemates-Normal for tag: ai_lance_normal, with Mood Ruthless
INFO: 2021-04-08T21:23:24 - Loaded AI-LethalSelfDamage-Normal for tag: ai_lethalself_normal
INFO: 2021-04-08T21:23:24 - Applied AI-LethalSelfDamage-Normal for tag: ai_lethalself_normal, with Mood Defensive
INFO: 2021-04-08T21:23:24 - Applied AI-LethalSelfDamage-Normal for tag: ai_lethalself_normal, with Mood Aggressive
INFO: 2021-04-08T21:23:24 - Applied AI-LethalSelfDamage-Normal for tag: ai_lethalself_normal, with Mood SensorLocking
INFO: 2021-04-08T21:23:24 - Applied AI-LethalSelfDamage-Normal for tag: ai_lethalself_normal, with Mood Ruthless
INFO: 2021-04-08T21:23:24 - Loaded AI-Melee-Normal for tag: ai_melee_normal
INFO: 2021-04-08T21:23:24 - Applied AI-Melee-Normal for tag: ai_melee_normal, with Mood Defensive
INFO: 2021-04-08T21:23:24 - Applied AI-Melee-Normal for tag: ai_melee_normal, with Mood Aggressive
INFO: 2021-04-08T21:23:24 - Applied AI-Melee-Normal for tag: ai_melee_normal, with Mood SensorLocking
INFO: 2021-04-08T21:23:24 - Applied AI-Melee-Normal for tag: ai_melee_normal, with Mood Ruthless
INFO: 2021-04-08T21:23:24 - Loaded AI-Move-Normal for tag: ai_move_normal
INFO: 2021-04-08T21:23:24 - Applied AI-Move-Normal for tag: ai_move_normal, with Mood Defensive
INFO: 2021-04-08T21:23:24 - Applied AI-Move-Normal for tag: ai_move_normal, with Mood Aggressive
INFO: 2021-04-08T21:23:24 - Applied AI-Move-Normal for tag: ai_move_normal, with Mood SensorLocking
INFO: 2021-04-08T21:23:24 - Applied AI-Move-Normal for tag: ai_move_normal, with Mood Ruthless
INFO: 2021-04-08T21:23:24 - Loaded AI-Priority-Normal for tag: ai_priority_normal
INFO: 2021-04-08T21:23:24 - Applied AI-Priority-Normal for tag: ai_priority_normal, with Mood Defensive
INFO: 2021-04-08T21:23:24 - Applied AI-Priority-Normal for tag: ai_priority_normal, with Mood Aggressive
INFO: 2021-04-08T21:23:24 - Applied AI-Priority-Normal for tag: ai_priority_normal, with Mood SensorLocking
INFO: 2021-04-08T21:23:24 - Applied AI-Priority-Normal for tag: ai_priority_normal, with Mood Ruthless
INFO: 2021-04-08T21:23:24 - Loaded AI-Reserve-Normal for tag: ai_reserve_normal
INFO: 2021-04-08T21:23:24 - Applied AI-Reserve-Normal for tag: ai_reserve_normal, with Mood Defensive
INFO: 2021-04-08T21:23:24 - Applied AI-Reserve-Normal for tag: ai_reserve_normal, with Mood Aggressive
INFO: 2021-04-08T21:23:24 - Applied AI-Reserve-Normal for tag: ai_reserve_normal, with Mood SensorLocking
INFO: 2021-04-08T21:23:24 - Applied AI-Reserve-Normal for tag: ai_reserve_normal, with Mood Ruthless
INFO: 2021-04-08T21:23:24 - Loaded AI-Shooting-Normal for tag: ai_shooting_normal
INFO: 2021-04-08T21:23:24 - Applied AI-Shooting-Normal for tag: ai_shooting_normal, with Mood Defensive
INFO: 2021-04-08T21:23:24 - Applied AI-Shooting-Normal for tag: ai_shooting_normal, with Mood Aggressive
INFO: 2021-04-08T21:23:24 - Applied AI-Shooting-Normal for tag: ai_shooting_normal, with Mood SensorLocking
INFO: 2021-04-08T21:23:24 - Applied AI-Shooting-Normal for tag: ai_shooting_normal, with Mood Ruthless
INFO: 2021-04-08T21:23:24 - Loaded AI-Surrounded-Normal for tag: ai_surrounded_normal
INFO: 2021-04-08T21:23:24 - Applied AI-Surrounded-Normal for tag: ai_surrounded_normal, with Mood Defensive
INFO: 2021-04-08T21:23:24 - Applied AI-Surrounded-Normal for tag: ai_surrounded_normal, with Mood Aggressive
INFO: 2021-04-08T21:23:24 - Applied AI-Surrounded-Normal for tag: ai_surrounded_normal, with Mood SensorLocking
INFO: 2021-04-08T21:23:24 - Applied AI-Surrounded-Normal for tag: ai_surrounded_normal, with Mood Ruthless
ERROR: 2021-04-08T21:23:24 - Missing Behaviour file: role_vtol
