D:\RogueTechStuff\RogueTech\ArtilleryUnits\chassis\chassisdef_helepolis_HEP-FC.json
System.IO.IOException: Cannot create a file when that file already exists.

   at System.IO.__Error.WinIOError(Int32 errorCode, String maybeFullPath)
   at System.IO.__Error.WinIOError()
   at System.IO.File.InternalMove(String sourceFileName, String destFileName, Boolean checkHost)
   at System.IO.File.Move(String sourceFileName, String destFileName)
   at BTJsonIDCheck.MainForm.backgroundWorker1_DoWork(Object sender, DoWorkEventArgs e)
D:\RogueTechStuff\RogueTech\ArtilleryUnits\mech\mechdef_helepolis_HEP-4A.json
Newtonsoft.Json.JsonReaderException: After parsing a value an unexpected character was encountered: {. Path 'inventory[35]', line 553, position 4.
   at Newtonsoft.Json.JsonTextReader.ParsePostValue(Boolean ignoreComments)
   at Newtonsoft.Json.JsonTextReader.Read()
   at Newtonsoft.Json.Linq.JContainer.ReadContentFrom(JsonReader r, JsonLoadSettings settings)
   at Newtonsoft.Json.Linq.JContainer.ReadTokenFrom(JsonReader reader, JsonLoadSettings options)
   at Newtonsoft.Json.Linq.JObject.Load(JsonReader reader, JsonLoadSettings settings)
   at Newtonsoft.Json.Linq.JObject.Parse(String json, JsonLoadSettings settings)
   at Newtonsoft.Json.Linq.JObject.Parse(String json)
   at BTJsonIDCheck.MainForm.backgroundWorker1_DoWork(Object sender, DoWorkEventArgs e)
D:\RogueTechStuff\RogueTech\CustomAmmoCategories\CustomAmmoCategories.json
Newtonsoft.Json.JsonReaderException: Error reading JObject from JsonReader. Current JsonReader item is not an object: StartArray. Path '', line 1, position 1.
   at Newtonsoft.Json.Linq.JObject.Load(JsonReader reader, JsonLoadSettings settings)
   at Newtonsoft.Json.Linq.JObject.Parse(String json, JsonLoadSettings settings)
   at Newtonsoft.Json.Linq.JObject.Parse(String json)
   at BTJsonIDCheck.MainForm.backgroundWorker1_DoWork(Object sender, DoWorkEventArgs e)
D:\RogueTechStuff\RogueTech\InnerSphereMap\Factions\faction_Axumite.json
System.InvalidOperationException: Cannot access child value on Newtonsoft.Json.Linq.JValue.
   at Newtonsoft.Json.Linq.JToken.get_Item(Object key)
   at BTJsonIDCheck.MainForm.backgroundWorker1_DoWork(Object sender, DoWorkEventArgs e)
D:\RogueTechStuff\RogueTech\InnerSphereMap\Factions\faction_Castile.json
System.InvalidOperationException: Cannot access child value on Newtonsoft.Json.Linq.JValue.
   at Newtonsoft.Json.Linq.JToken.get_Item(Object key)
   at BTJsonIDCheck.MainForm.backgroundWorker1_DoWork(Object sender, DoWorkEventArgs e)
D:\RogueTechStuff\RogueTech\InnerSphereMap\Factions\faction_Chainelane.json
System.InvalidOperationException: Cannot access child value on Newtonsoft.Json.Linq.JValue.
   at Newtonsoft.Json.Linq.JToken.get_Item(Object key)
   at BTJsonIDCheck.MainForm.backgroundWorker1_DoWork(Object sender, DoWorkEventArgs e)
D:\RogueTechStuff\RogueTech\InnerSphereMap\Factions\faction_Circinus.json
System.InvalidOperationException: Cannot access child value on Newtonsoft.Json.Linq.JValue.
   at Newtonsoft.Json.Linq.JToken.get_Item(Object key)
   at BTJsonIDCheck.MainForm.backgroundWorker1_DoWork(Object sender, DoWorkEventArgs e)
D:\RogueTechStuff\RogueTech\InnerSphereMap\Factions\faction_ClanBurrock.json
System.InvalidOperationException: Cannot access child value on Newtonsoft.Json.Linq.JValue.
   at Newtonsoft.Json.Linq.JToken.get_Item(Object key)
   at BTJsonIDCheck.MainForm.backgroundWorker1_DoWork(Object sender, DoWorkEventArgs e)
D:\RogueTechStuff\RogueTech\InnerSphereMap\Factions\faction_ClanCloudCobra.json
System.InvalidOperationException: Cannot access child value on Newtonsoft.Json.Linq.JValue.
   at Newtonsoft.Json.Linq.JToken.get_Item(Object key)
   at BTJsonIDCheck.MainForm.backgroundWorker1_DoWork(Object sender, DoWorkEventArgs e)
D:\RogueTechStuff\RogueTech\InnerSphereMap\Factions\faction_ClanCoyote.json
System.InvalidOperationException: Cannot access child value on Newtonsoft.Json.Linq.JValue.
   at Newtonsoft.Json.Linq.JToken.get_Item(Object key)
   at BTJsonIDCheck.MainForm.backgroundWorker1_DoWork(Object sender, DoWorkEventArgs e)
D:\RogueTechStuff\RogueTech\InnerSphereMap\Factions\faction_ClanDiamondShark.json
System.InvalidOperationException: Cannot access child value on Newtonsoft.Json.Linq.JValue.
   at Newtonsoft.Json.Linq.JToken.get_Item(Object key)
   at BTJsonIDCheck.MainForm.backgroundWorker1_DoWork(Object sender, DoWorkEventArgs e)
D:\RogueTechStuff\RogueTech\InnerSphereMap\Factions\faction_ClanFireMandrill.json
System.InvalidOperationException: Cannot access child value on Newtonsoft.Json.Linq.JValue.
   at Newtonsoft.Json.Linq.JToken.get_Item(Object key)
   at BTJsonIDCheck.MainForm.backgroundWorker1_DoWork(Object sender, DoWorkEventArgs e)
D:\RogueTechStuff\RogueTech\InnerSphereMap\Factions\faction_ClanGhostBear.json
System.InvalidOperationException: Cannot access child value on Newtonsoft.Json.Linq.JValue.
   at Newtonsoft.Json.Linq.JToken.get_Item(Object key)
   at BTJsonIDCheck.MainForm.backgroundWorker1_DoWork(Object sender, DoWorkEventArgs e)
D:\RogueTechStuff\RogueTech\InnerSphereMap\Factions\faction_ClanGoliathScorpion.json
System.InvalidOperationException: Cannot access child value on Newtonsoft.Json.Linq.JValue.
   at Newtonsoft.Json.Linq.JToken.get_Item(Object key)
   at BTJsonIDCheck.MainForm.backgroundWorker1_DoWork(Object sender, DoWorkEventArgs e)
D:\RogueTechStuff\RogueTech\InnerSphereMap\Factions\faction_ClanHellsHorses.json
System.InvalidOperationException: Cannot access child value on Newtonsoft.Json.Linq.JValue.
   at Newtonsoft.Json.Linq.JToken.get_Item(Object key)
   at BTJsonIDCheck.MainForm.backgroundWorker1_DoWork(Object sender, DoWorkEventArgs e)
D:\RogueTechStuff\RogueTech\InnerSphereMap\Factions\faction_ClanIceHellion.json
System.InvalidOperationException: Cannot access child value on Newtonsoft.Json.Linq.JValue.
   at Newtonsoft.Json.Linq.JToken.get_Item(Object key)
   at BTJsonIDCheck.MainForm.backgroundWorker1_DoWork(Object sender, DoWorkEventArgs e)
D:\RogueTechStuff\RogueTech\InnerSphereMap\Factions\faction_ClanJadeFalcon.json
System.InvalidOperationException: Cannot access child value on Newtonsoft.Json.Linq.JValue.
   at Newtonsoft.Json.Linq.JToken.get_Item(Object key)
   at BTJsonIDCheck.MainForm.backgroundWorker1_DoWork(Object sender, DoWorkEventArgs e)
D:\RogueTechStuff\RogueTech\InnerSphereMap\Factions\faction_ClanNovaCat.json
System.InvalidOperationException: Cannot access child value on Newtonsoft.Json.Linq.JValue.
   at Newtonsoft.Json.Linq.JToken.get_Item(Object key)
   at BTJsonIDCheck.MainForm.backgroundWorker1_DoWork(Object sender, DoWorkEventArgs e)
D:\RogueTechStuff\RogueTech\InnerSphereMap\Factions\faction_ClansGeneric.json
System.InvalidOperationException: Cannot access child value on Newtonsoft.Json.Linq.JValue.
   at Newtonsoft.Json.Linq.JToken.get_Item(Object key)
   at BTJsonIDCheck.MainForm.backgroundWorker1_DoWork(Object sender, DoWorkEventArgs e)
D:\RogueTechStuff\RogueTech\InnerSphereMap\Factions\faction_ClanSmokeJaguar.json
System.InvalidOperationException: Cannot access child value on Newtonsoft.Json.Linq.JValue.
   at Newtonsoft.Json.Linq.JToken.get_Item(Object key)
   at BTJsonIDCheck.MainForm.backgroundWorker1_DoWork(Object sender, DoWorkEventArgs e)
D:\RogueTechStuff\RogueTech\InnerSphereMap\Factions\faction_ClanSnowRaven.json
System.InvalidOperationException: Cannot access child value on Newtonsoft.Json.Linq.JValue.
   at Newtonsoft.Json.Linq.JToken.get_Item(Object key)
   at BTJsonIDCheck.MainForm.backgroundWorker1_DoWork(Object sender, DoWorkEventArgs e)
D:\RogueTechStuff\RogueTech\InnerSphereMap\Factions\faction_ClanStarAdder.json
System.InvalidOperationException: Cannot access child value on Newtonsoft.Json.Linq.JValue.
   at Newtonsoft.Json.Linq.JToken.get_Item(Object key)
   at BTJsonIDCheck.MainForm.backgroundWorker1_DoWork(Object sender, DoWorkEventArgs e)
D:\RogueTechStuff\RogueTech\InnerSphereMap\Factions\faction_ClanSteelViper.json
System.InvalidOperationException: Cannot access child value on Newtonsoft.Json.Linq.JValue.
   at Newtonsoft.Json.Linq.JToken.get_Item(Object key)
   at BTJsonIDCheck.MainForm.backgroundWorker1_DoWork(Object sender, DoWorkEventArgs e)
D:\RogueTechStuff\RogueTech\InnerSphereMap\Factions\faction_ClanWolf.json
System.InvalidOperationException: Cannot access child value on Newtonsoft.Json.Linq.JValue.
   at Newtonsoft.Json.Linq.JToken.get_Item(Object key)
   at BTJsonIDCheck.MainForm.backgroundWorker1_DoWork(Object sender, DoWorkEventArgs e)
D:\RogueTechStuff\RogueTech\InnerSphereMap\Factions\faction_ComStar.json
System.InvalidOperationException: Cannot access child value on Newtonsoft.Json.Linq.JValue.
   at Newtonsoft.Json.Linq.JToken.get_Item(Object key)
   at BTJsonIDCheck.MainForm.backgroundWorker1_DoWork(Object sender, DoWorkEventArgs e)
D:\RogueTechStuff\RogueTech\InnerSphereMap\Factions\faction_Delphi.json
System.InvalidOperationException: Cannot access child value on Newtonsoft.Json.Linq.JValue.
   at Newtonsoft.Json.Linq.JToken.get_Item(Object key)
   at BTJsonIDCheck.MainForm.backgroundWorker1_DoWork(Object sender, DoWorkEventArgs e)
D:\RogueTechStuff\RogueTech\InnerSphereMap\Factions\faction_Elysia.json
System.InvalidOperationException: Cannot access child value on Newtonsoft.Json.Linq.JValue.
   at Newtonsoft.Json.Linq.JToken.get_Item(Object key)
   at BTJsonIDCheck.MainForm.backgroundWorker1_DoWork(Object sender, DoWorkEventArgs e)
D:\RogueTechStuff\RogueTech\InnerSphereMap\Factions\faction_Hanse.json
System.InvalidOperationException: Cannot access child value on Newtonsoft.Json.Linq.JValue.
   at Newtonsoft.Json.Linq.JToken.get_Item(Object key)
   at BTJsonIDCheck.MainForm.backgroundWorker1_DoWork(Object sender, DoWorkEventArgs e)
D:\RogueTechStuff\RogueTech\InnerSphereMap\Factions\faction_Illyrian.json
System.InvalidOperationException: Cannot access child value on Newtonsoft.Json.Linq.JValue.
   at Newtonsoft.Json.Linq.JToken.get_Item(Object key)
   at BTJsonIDCheck.MainForm.backgroundWorker1_DoWork(Object sender, DoWorkEventArgs e)
D:\RogueTechStuff\RogueTech\InnerSphereMap\Factions\faction_Ives.json
System.InvalidOperationException: Cannot access child value on Newtonsoft.Json.Linq.JValue.
   at Newtonsoft.Json.Linq.JToken.get_Item(Object key)
   at BTJsonIDCheck.MainForm.backgroundWorker1_DoWork(Object sender, DoWorkEventArgs e)
D:\RogueTechStuff\RogueTech\InnerSphereMap\Factions\faction_JarnFolk.json
System.InvalidOperationException: Cannot access child value on Newtonsoft.Json.Linq.JValue.
   at Newtonsoft.Json.Linq.JToken.get_Item(Object key)
   at BTJsonIDCheck.MainForm.backgroundWorker1_DoWork(Object sender, DoWorkEventArgs e)
D:\RogueTechStuff\RogueTech\InnerSphereMap\Factions\faction_Lothian.json
System.InvalidOperationException: Cannot access child value on Newtonsoft.Json.Linq.JValue.
   at Newtonsoft.Json.Linq.JToken.get_Item(Object key)
   at BTJsonIDCheck.MainForm.backgroundWorker1_DoWork(Object sender, DoWorkEventArgs e)
D:\RogueTechStuff\RogueTech\InnerSphereMap\Factions\faction_Marian.json
System.InvalidOperationException: Cannot access child value on Newtonsoft.Json.Linq.JValue.
   at Newtonsoft.Json.Linq.JToken.get_Item(Object key)
   at BTJsonIDCheck.MainForm.backgroundWorker1_DoWork(Object sender, DoWorkEventArgs e)
D:\RogueTechStuff\RogueTech\InnerSphereMap\Factions\faction_Oberon.json
System.InvalidOperationException: Cannot access child value on Newtonsoft.Json.Linq.JValue.
   at Newtonsoft.Json.Linq.JToken.get_Item(Object key)
   at BTJsonIDCheck.MainForm.backgroundWorker1_DoWork(Object sender, DoWorkEventArgs e)
D:\RogueTechStuff\RogueTech\InnerSphereMap\Factions\faction_Outworld.json
System.InvalidOperationException: Cannot access child value on Newtonsoft.Json.Linq.JValue.
   at Newtonsoft.Json.Linq.JToken.get_Item(Object key)
   at BTJsonIDCheck.MainForm.backgroundWorker1_DoWork(Object sender, DoWorkEventArgs e)
D:\RogueTechStuff\RogueTech\InnerSphereMap\Factions\faction_Rasalhague.json
System.InvalidOperationException: Cannot access child value on Newtonsoft.Json.Linq.JValue.
   at Newtonsoft.Json.Linq.JToken.get_Item(Object key)
   at BTJsonIDCheck.MainForm.backgroundWorker1_DoWork(Object sender, DoWorkEventArgs e)
D:\RogueTechStuff\RogueTech\InnerSphereMap\Factions\faction_Tortuga.json
System.InvalidOperationException: Cannot access child value on Newtonsoft.Json.Linq.JValue.
   at Newtonsoft.Json.Linq.JToken.get_Item(Object key)
   at BTJsonIDCheck.MainForm.backgroundWorker1_DoWork(Object sender, DoWorkEventArgs e)
D:\RogueTechStuff\RogueTech\InnerSphereMap\Factions\faction_Valkyrate.json
System.InvalidOperationException: Cannot access child value on Newtonsoft.Json.Linq.JValue.
   at Newtonsoft.Json.Linq.JToken.get_Item(Object key)
   at BTJsonIDCheck.MainForm.backgroundWorker1_DoWork(Object sender, DoWorkEventArgs e)
D:\RogueTechStuff\RogueTech\InnerSphereMap\Factions\faction_WordOfBlake.json
System.InvalidOperationException: Cannot access child value on Newtonsoft.Json.Linq.JValue.
   at Newtonsoft.Json.Linq.JToken.get_Item(Object key)
   at BTJsonIDCheck.MainForm.backgroundWorker1_DoWork(Object sender, DoWorkEventArgs e)
D:\RogueTechStuff\RogueTech\InnerSphereMap\StreamingAssets\data\factions\faction_AuriganBetrayers.json
System.InvalidOperationException: Cannot access child value on Newtonsoft.Json.Linq.JValue.
   at Newtonsoft.Json.Linq.JToken.get_Item(Object key)
   at BTJsonIDCheck.MainForm.backgroundWorker1_DoWork(Object sender, DoWorkEventArgs e)
D:\RogueTechStuff\RogueTech\InnerSphereMap\StreamingAssets\data\factions\faction_AuriganDirectorate.json
System.InvalidOperationException: Cannot access child value on Newtonsoft.Json.Linq.JValue.
   at Newtonsoft.Json.Linq.JToken.get_Item(Object key)
   at BTJsonIDCheck.MainForm.backgroundWorker1_DoWork(Object sender, DoWorkEventArgs e)
D:\RogueTechStuff\RogueTech\InnerSphereMap\StreamingAssets\data\factions\faction_AuriganMercenaries.json
System.InvalidOperationException: Cannot access child value on Newtonsoft.Json.Linq.JValue.
   at Newtonsoft.Json.Linq.JToken.get_Item(Object key)
   at BTJsonIDCheck.MainForm.backgroundWorker1_DoWork(Object sender, DoWorkEventArgs e)
D:\RogueTechStuff\RogueTech\InnerSphereMap\StreamingAssets\data\factions\faction_AuriganPirates.json
System.InvalidOperationException: Cannot access child value on Newtonsoft.Json.Linq.JValue.
   at Newtonsoft.Json.Linq.JToken.get_Item(Object key)
   at BTJsonIDCheck.MainForm.backgroundWorker1_DoWork(Object sender, DoWorkEventArgs e)
D:\RogueTechStuff\RogueTech\InnerSphereMap\StreamingAssets\data\factions\faction_AuriganRestoration.json
System.InvalidOperationException: Cannot access child value on Newtonsoft.Json.Linq.JValue.
   at Newtonsoft.Json.Linq.JToken.get_Item(Object key)
   at BTJsonIDCheck.MainForm.backgroundWorker1_DoWork(Object sender, DoWorkEventArgs e)
D:\RogueTechStuff\RogueTech\InnerSphereMap\StreamingAssets\data\factions\faction_ComStar.json
System.InvalidOperationException: Cannot access child value on Newtonsoft.Json.Linq.JValue.
   at Newtonsoft.Json.Linq.JToken.get_Item(Object key)
   at BTJsonIDCheck.MainForm.backgroundWorker1_DoWork(Object sender, DoWorkEventArgs e)
D:\RogueTechStuff\RogueTech\InnerSphereMap\StreamingAssets\data\factions\faction_Davion.json
System.InvalidOperationException: Cannot access child value on Newtonsoft.Json.Linq.JValue.
   at Newtonsoft.Json.Linq.JToken.get_Item(Object key)
   at BTJsonIDCheck.MainForm.backgroundWorker1_DoWork(Object sender, DoWorkEventArgs e)
D:\RogueTechStuff\RogueTech\InnerSphereMap\StreamingAssets\data\factions\faction_Kurita.json
System.InvalidOperationException: Cannot access child value on Newtonsoft.Json.Linq.JValue.
   at Newtonsoft.Json.Linq.JToken.get_Item(Object key)
   at BTJsonIDCheck.MainForm.backgroundWorker1_DoWork(Object sender, DoWorkEventArgs e)
D:\RogueTechStuff\RogueTech\InnerSphereMap\StreamingAssets\data\factions\faction_Liao.json
System.InvalidOperationException: Cannot access child value on Newtonsoft.Json.Linq.JValue.
   at Newtonsoft.Json.Linq.JToken.get_Item(Object key)
   at BTJsonIDCheck.MainForm.backgroundWorker1_DoWork(Object sender, DoWorkEventArgs e)
D:\RogueTechStuff\RogueTech\InnerSphereMap\StreamingAssets\data\factions\faction_Locals.json
System.InvalidOperationException: Cannot access child value on Newtonsoft.Json.Linq.JValue.
   at Newtonsoft.Json.Linq.JToken.get_Item(Object key)
   at BTJsonIDCheck.MainForm.backgroundWorker1_DoWork(Object sender, DoWorkEventArgs e)
D:\RogueTechStuff\RogueTech\InnerSphereMap\StreamingAssets\data\factions\faction_MagistracyCentrella.json
System.InvalidOperationException: Cannot access child value on Newtonsoft.Json.Linq.JValue.
   at Newtonsoft.Json.Linq.JToken.get_Item(Object key)
   at BTJsonIDCheck.MainForm.backgroundWorker1_DoWork(Object sender, DoWorkEventArgs e)
D:\RogueTechStuff\RogueTech\InnerSphereMap\StreamingAssets\data\factions\faction_MagistracyOfCanopus.json
System.InvalidOperationException: Cannot access child value on Newtonsoft.Json.Linq.JValue.
   at Newtonsoft.Json.Linq.JToken.get_Item(Object key)
   at BTJsonIDCheck.MainForm.backgroundWorker1_DoWork(Object sender, DoWorkEventArgs e)
D:\RogueTechStuff\RogueTech\InnerSphereMap\StreamingAssets\data\factions\faction_MajestyMetals.json
System.InvalidOperationException: Cannot access child value on Newtonsoft.Json.Linq.JValue.
   at Newtonsoft.Json.Linq.JToken.get_Item(Object key)
   at BTJsonIDCheck.MainForm.backgroundWorker1_DoWork(Object sender, DoWorkEventArgs e)
D:\RogueTechStuff\RogueTech\InnerSphereMap\StreamingAssets\data\factions\faction_Marik.json
System.InvalidOperationException: Cannot access child value on Newtonsoft.Json.Linq.JValue.
   at Newtonsoft.Json.Linq.JToken.get_Item(Object key)
   at BTJsonIDCheck.MainForm.backgroundWorker1_DoWork(Object sender, DoWorkEventArgs e)
D:\RogueTechStuff\RogueTech\InnerSphereMap\StreamingAssets\data\factions\faction_MercenaryReviewBoard.json
System.InvalidOperationException: Cannot access child value on Newtonsoft.Json.Linq.JValue.
   at Newtonsoft.Json.Linq.JToken.get_Item(Object key)
   at BTJsonIDCheck.MainForm.backgroundWorker1_DoWork(Object sender, DoWorkEventArgs e)
D:\RogueTechStuff\RogueTech\InnerSphereMap\StreamingAssets\data\factions\faction_Nautilus.json
System.InvalidOperationException: Cannot access child value on Newtonsoft.Json.Linq.JValue.
   at Newtonsoft.Json.Linq.JToken.get_Item(Object key)
   at BTJsonIDCheck.MainForm.backgroundWorker1_DoWork(Object sender, DoWorkEventArgs e)
D:\RogueTechStuff\RogueTech\InnerSphereMap\StreamingAssets\data\factions\faction_NoFaction.json
System.InvalidOperationException: Cannot access child value on Newtonsoft.Json.Linq.JValue.
   at Newtonsoft.Json.Linq.JToken.get_Item(Object key)
   at BTJsonIDCheck.MainForm.backgroundWorker1_DoWork(Object sender, DoWorkEventArgs e)
D:\RogueTechStuff\RogueTech\InnerSphereMap\StreamingAssets\data\factions\faction_Steiner.json
System.InvalidOperationException: Cannot access child value on Newtonsoft.Json.Linq.JValue.
   at Newtonsoft.Json.Linq.JToken.get_Item(Object key)
   at BTJsonIDCheck.MainForm.backgroundWorker1_DoWork(Object sender, DoWorkEventArgs e)
D:\RogueTechStuff\RogueTech\InnerSphereMap\StreamingAssets\data\factions\faction_TaurianConcordat.json
System.InvalidOperationException: Cannot access child value on Newtonsoft.Json.Linq.JValue.
   at Newtonsoft.Json.Linq.JToken.get_Item(Object key)
   at BTJsonIDCheck.MainForm.backgroundWorker1_DoWork(Object sender, DoWorkEventArgs e)
D:\RogueTechStuff\RogueTech\PirateTech\turret\Turbie\turretdef_Light_Urbie_LPPC.json
System.IO.IOException: Cannot create a file when that file already exists.

   at System.IO.__Error.WinIOError(Int32 errorCode, String maybeFullPath)
   at System.IO.__Error.WinIOError()
   at System.IO.File.InternalMove(String sourceFileName, String destFileName, Boolean checkHost)
   at System.IO.File.Move(String sourceFileName, String destFileName)
   at BTJsonIDCheck.MainForm.backgroundWorker1_DoWork(Object sender, DoWorkEventArgs e)
D:\RogueTechStuff\RogueTech\PirateTech\turret\Turbie\turretdef_Standard_Urbie_PPC.json
System.IO.IOException: Cannot create a file when that file already exists.

   at System.IO.__Error.WinIOError(Int32 errorCode, String maybeFullPath)
   at System.IO.__Error.WinIOError()
   at System.IO.File.InternalMove(String sourceFileName, String destFileName, Boolean checkHost)
   at System.IO.File.Move(String sourceFileName, String destFileName)
   at BTJsonIDCheck.MainForm.backgroundWorker1_DoWork(Object sender, DoWorkEventArgs e)
D:\RogueTechStuff\RogueTech\PirateTech\turret\TurbieChassis\turretchassisdef_Light_Urbie_LPPC.json
System.IO.IOException: Cannot create a file when that file already exists.

   at System.IO.__Error.WinIOError(Int32 errorCode, String maybeFullPath)
   at System.IO.__Error.WinIOError()
   at System.IO.File.InternalMove(String sourceFileName, String destFileName, Boolean checkHost)
   at System.IO.File.Move(String sourceFileName, String destFileName)
   at BTJsonIDCheck.MainForm.backgroundWorker1_DoWork(Object sender, DoWorkEventArgs e)
D:\RogueTechStuff\RogueTech\PirateTech\turret\TurbieChassis\turretchassisdef_Standard_Urbie_PPC.json
System.IO.IOException: Cannot create a file when that file already exists.

   at System.IO.__Error.WinIOError(Int32 errorCode, String maybeFullPath)
   at System.IO.__Error.WinIOError()
   at System.IO.File.InternalMove(String sourceFileName, String destFileName, Boolean checkHost)
   at System.IO.File.Move(String sourceFileName, String destFileName)
   at BTJsonIDCheck.MainForm.backgroundWorker1_DoWork(Object sender, DoWorkEventArgs e)
D:\RogueTechStuff\RogueTech\RISCtech module\vehicle\vehicledef_BOLLA_F.json
System.IO.IOException: Cannot create a file when that file already exists.

   at System.IO.__Error.WinIOError(Int32 errorCode, String maybeFullPath)
   at System.IO.__Error.WinIOError()
   at System.IO.File.InternalMove(String sourceFileName, String destFileName, Boolean checkHost)
   at System.IO.File.Move(String sourceFileName, String destFileName)
   at BTJsonIDCheck.MainForm.backgroundWorker1_DoWork(Object sender, DoWorkEventArgs e)
D:\RogueTechStuff\RogueTech\RISCtech module\vehiclechassis\vehiclechassisdef_PEGASUS_RISC.json
System.IO.IOException: Cannot create a file when that file already exists.

   at System.IO.__Error.WinIOError(Int32 errorCode, String maybeFullPath)
   at System.IO.__Error.WinIOError()
   at System.IO.File.InternalMove(String sourceFileName, String destFileName, Boolean checkHost)
   at System.IO.File.Move(String sourceFileName, String destFileName)
   at BTJsonIDCheck.MainForm.backgroundWorker1_DoWork(Object sender, DoWorkEventArgs e)
D:\RogueTechStuff\RogueTech\RISCtech module\vehiclechassis\vehiclechassisdef_PEGASUS_RISC2.json
System.IO.IOException: Cannot create a file when that file already exists.

   at System.IO.__Error.WinIOError(Int32 errorCode, String maybeFullPath)
   at System.IO.__Error.WinIOError()
   at System.IO.File.InternalMove(String sourceFileName, String destFileName, Boolean checkHost)
   at System.IO.File.Move(String sourceFileName, String destFileName)
   at BTJsonIDCheck.MainForm.backgroundWorker1_DoWork(Object sender, DoWorkEventArgs e)
D:\RogueTechStuff\RogueTech\RogueFlashPointModule\lance\gladiator\lancedef_mech_d10_gladiator3.json
System.IO.IOException: Cannot create a file when that file already exists.

   at System.IO.__Error.WinIOError(Int32 errorCode, String maybeFullPath)
   at System.IO.__Error.WinIOError()
   at System.IO.File.InternalMove(String sourceFileName, String destFileName, Boolean checkHost)
   at System.IO.File.Move(String sourceFileName, String destFileName)
   at BTJsonIDCheck.MainForm.backgroundWorker1_DoWork(Object sender, DoWorkEventArgs e)
D:\RogueTechStuff\RogueTech\RogueFlashPointModule\lance\gladiator\lancedef_mech_d10_gladiator_littlefriend.json
System.IO.IOException: Cannot create a file when that file already exists.

   at System.IO.__Error.WinIOError(Int32 errorCode, String maybeFullPath)
   at System.IO.__Error.WinIOError()
   at System.IO.File.InternalMove(String sourceFileName, String destFileName, Boolean checkHost)
   at System.IO.File.Move(String sourceFileName, String destFileName)
   at BTJsonIDCheck.MainForm.backgroundWorker1_DoWork(Object sender, DoWorkEventArgs e)
D:\RogueTechStuff\RogueTech\RogueFlashPointModule\lance\gladiator\lancedef_mech_d3_gladiator2.json
System.IO.IOException: Cannot create a file when that file already exists.

   at System.IO.__Error.WinIOError(Int32 errorCode, String maybeFullPath)
   at System.IO.__Error.WinIOError()
   at System.IO.File.InternalMove(String sourceFileName, String destFileName, Boolean checkHost)
   at System.IO.File.Move(String sourceFileName, String destFileName)
   at BTJsonIDCheck.MainForm.backgroundWorker1_DoWork(Object sender, DoWorkEventArgs e)
D:\RogueTechStuff\RogueTech\RogueFlashPointModule\lance\gladiator\lancedef_mech_d4_gladiator_littlefriend.json
System.IO.IOException: Cannot create a file when that file already exists.

   at System.IO.__Error.WinIOError(Int32 errorCode, String maybeFullPath)
   at System.IO.__Error.WinIOError()
   at System.IO.File.InternalMove(String sourceFileName, String destFileName, Boolean checkHost)
   at System.IO.File.Move(String sourceFileName, String destFileName)
   at BTJsonIDCheck.MainForm.backgroundWorker1_DoWork(Object sender, DoWorkEventArgs e)
D:\RogueTechStuff\RogueTech\RogueFlashPointModule\lance\gladiator\lancedef_mech_d7_gladiator_littlefriend.json
System.IO.IOException: Cannot create a file when that file already exists.

   at System.IO.__Error.WinIOError(Int32 errorCode, String maybeFullPath)
   at System.IO.__Error.WinIOError()
   at System.IO.File.InternalMove(String sourceFileName, String destFileName, Boolean checkHost)
   at System.IO.File.Move(String sourceFileName, String destFileName)
   at BTJsonIDCheck.MainForm.backgroundWorker1_DoWork(Object sender, DoWorkEventArgs e)
D:\RogueTechStuff\RogueTech\RogueModuleElites\ElitePilots\pilot_d10_NatashaKerensky.json
System.IO.IOException: Cannot create a file when that file already exists.

   at System.IO.__Error.WinIOError(Int32 errorCode, String maybeFullPath)
   at System.IO.__Error.WinIOError()
   at System.IO.File.InternalMove(String sourceFileName, String destFileName, Boolean checkHost)
   at System.IO.File.Move(String sourceFileName, String destFileName)
   at BTJsonIDCheck.MainForm.backgroundWorker1_DoWork(Object sender, DoWorkEventArgs e)
D:\RogueTechStuff\RogueTech\RogueModuleElites\ElitePilots\pilot_d8_Cargo.json
System.IO.IOException: Cannot create a file when that file already exists.

   at System.IO.__Error.WinIOError(Int32 errorCode, String maybeFullPath)
   at System.IO.__Error.WinIOError()
   at System.IO.File.InternalMove(String sourceFileName, String destFileName, Boolean checkHost)
   at System.IO.File.Move(String sourceFileName, String destFileName)
   at BTJsonIDCheck.MainForm.backgroundWorker1_DoWork(Object sender, DoWorkEventArgs e)
D:\RogueTechStuff\RogueTech\RogueModuleElites\SoloMech\lancedef_elite_d10_dynamic_solo3.json
System.IO.IOException: Cannot create a file when that file already exists.

   at System.IO.__Error.WinIOError(Int32 errorCode, String maybeFullPath)
   at System.IO.__Error.WinIOError()
   at System.IO.File.InternalMove(String sourceFileName, String destFileName, Boolean checkHost)
   at System.IO.File.Move(String sourceFileName, String destFileName)
   at BTJsonIDCheck.MainForm.backgroundWorker1_DoWork(Object sender, DoWorkEventArgs e)
D:\RogueTechStuff\RogueTech\RogueModuleElites\SoloMech\lancedef_elite_d10_dynamic_solo_littlefriend.json
System.IO.IOException: Cannot create a file when that file already exists.

   at System.IO.__Error.WinIOError(Int32 errorCode, String maybeFullPath)
   at System.IO.__Error.WinIOError()
   at System.IO.File.InternalMove(String sourceFileName, String destFileName, Boolean checkHost)
   at System.IO.File.Move(String sourceFileName, String destFileName)
   at BTJsonIDCheck.MainForm.backgroundWorker1_DoWork(Object sender, DoWorkEventArgs e)
D:\RogueTechStuff\RogueTech\RogueModuleElites\SoloMech\lancedef_elite_d3_dynamic_solo2.json
System.IO.IOException: Cannot create a file when that file already exists.

   at System.IO.__Error.WinIOError(Int32 errorCode, String maybeFullPath)
   at System.IO.__Error.WinIOError()
   at System.IO.File.InternalMove(String sourceFileName, String destFileName, Boolean checkHost)
   at System.IO.File.Move(String sourceFileName, String destFileName)
   at BTJsonIDCheck.MainForm.backgroundWorker1_DoWork(Object sender, DoWorkEventArgs e)
D:\RogueTechStuff\RogueTech\RogueModuleElites\SoloMech\lancedef_elite_d4_dynamic_solo_littlefriend.json
System.IO.IOException: Cannot create a file when that file already exists.

   at System.IO.__Error.WinIOError(Int32 errorCode, String maybeFullPath)
   at System.IO.__Error.WinIOError()
   at System.IO.File.InternalMove(String sourceFileName, String destFileName, Boolean checkHost)
   at System.IO.File.Move(String sourceFileName, String destFileName)
   at BTJsonIDCheck.MainForm.backgroundWorker1_DoWork(Object sender, DoWorkEventArgs e)
D:\RogueTechStuff\RogueTech\RogueModuleElites\SoloMech\lancedef_elite_d7_dynamic_solo_littlefriend.json
System.IO.IOException: Cannot create a file when that file already exists.

   at System.IO.__Error.WinIOError(Int32 errorCode, String maybeFullPath)
   at System.IO.__Error.WinIOError()
   at System.IO.File.InternalMove(String sourceFileName, String destFileName, Boolean checkHost)
   at System.IO.File.Move(String sourceFileName, String destFileName)
   at BTJsonIDCheck.MainForm.backgroundWorker1_DoWork(Object sender, DoWorkEventArgs e)
D:\RogueTechStuff\RogueTech\RogueTech Core\Contracts\lance\Depricated\lancedef_mixed_d4_dynamic_lightBattle2.json
System.IO.IOException: Cannot create a file when that file already exists.

   at System.IO.__Error.WinIOError(Int32 errorCode, String maybeFullPath)
   at System.IO.__Error.WinIOError()
   at System.IO.File.InternalMove(String sourceFileName, String destFileName, Boolean checkHost)
   at System.IO.File.Move(String sourceFileName, String destFileName)
   at BTJsonIDCheck.MainForm.backgroundWorker1_DoWork(Object sender, DoWorkEventArgs e)
D:\RogueTechStuff\RogueTech\RogueTech Core\Contracts\lance\SoloMech\lancedef_mech_d10_dynamic_solo3.json
System.IO.IOException: Cannot create a file when that file already exists.

   at System.IO.__Error.WinIOError(Int32 errorCode, String maybeFullPath)
   at System.IO.__Error.WinIOError()
   at System.IO.File.InternalMove(String sourceFileName, String destFileName, Boolean checkHost)
   at System.IO.File.Move(String sourceFileName, String destFileName)
   at BTJsonIDCheck.MainForm.backgroundWorker1_DoWork(Object sender, DoWorkEventArgs e)
D:\RogueTechStuff\RogueTech\RogueTech Core\Contracts\lance\SoloMech\lancedef_mech_d10_dynamic_solo_littlefriend.json
System.IO.IOException: Cannot create a file when that file already exists.

   at System.IO.__Error.WinIOError(Int32 errorCode, String maybeFullPath)
   at System.IO.__Error.WinIOError()
   at System.IO.File.InternalMove(String sourceFileName, String destFileName, Boolean checkHost)
   at System.IO.File.Move(String sourceFileName, String destFileName)
   at BTJsonIDCheck.MainForm.backgroundWorker1_DoWork(Object sender, DoWorkEventArgs e)
D:\RogueTechStuff\RogueTech\RogueTech Core\Contracts\lance\SoloMech\lancedef_mech_d3_dynamic_solo2.json
System.IO.IOException: Cannot create a file when that file already exists.

   at System.IO.__Error.WinIOError(Int32 errorCode, String maybeFullPath)
   at System.IO.__Error.WinIOError()
   at System.IO.File.InternalMove(String sourceFileName, String destFileName, Boolean checkHost)
   at System.IO.File.Move(String sourceFileName, String destFileName)
   at BTJsonIDCheck.MainForm.backgroundWorker1_DoWork(Object sender, DoWorkEventArgs e)
D:\RogueTechStuff\RogueTech\RogueTech Core\Contracts\lance\SoloMech\lancedef_mech_d4_dynamic_solo_littlefriend.json
System.IO.IOException: Cannot create a file when that file already exists.

   at System.IO.__Error.WinIOError(Int32 errorCode, String maybeFullPath)
   at System.IO.__Error.WinIOError()
   at System.IO.File.InternalMove(String sourceFileName, String destFileName, Boolean checkHost)
   at System.IO.File.Move(String sourceFileName, String destFileName)
   at BTJsonIDCheck.MainForm.backgroundWorker1_DoWork(Object sender, DoWorkEventArgs e)
D:\RogueTechStuff\RogueTech\RogueTech Core\Contracts\lance\SoloMech\lancedef_mech_d7_dynamic_solo_littlefriend.json
System.IO.IOException: Cannot create a file when that file already exists.

   at System.IO.__Error.WinIOError(Int32 errorCode, String maybeFullPath)
   at System.IO.__Error.WinIOError()
   at System.IO.File.InternalMove(String sourceFileName, String destFileName, Boolean checkHost)
   at System.IO.File.Move(String sourceFileName, String destFileName)
   at BTJsonIDCheck.MainForm.backgroundWorker1_DoWork(Object sender, DoWorkEventArgs e)
D:\RogueTechStuff\RogueTech\RogueTech Core\Tanks\VTOL\MediumVTOL\vehicledef_Balac_WOB.json
System.IO.IOException: Cannot create a file when that file already exists.

   at System.IO.__Error.WinIOError(Int32 errorCode, String maybeFullPath)
   at System.IO.__Error.WinIOError()
   at System.IO.File.InternalMove(String sourceFileName, String destFileName, Boolean checkHost)
   at System.IO.File.Move(String sourceFileName, String destFileName)
   at BTJsonIDCheck.MainForm.backgroundWorker1_DoWork(Object sender, DoWorkEventArgs e)
D:\RogueTechStuff\RogueTech\RogueUrbanWarfareModule\factions\faction_SecuritySolutionsInc.json
System.InvalidOperationException: Cannot access child value on Newtonsoft.Json.Linq.JValue.
   at Newtonsoft.Json.Linq.JToken.get_Item(Object key)
   at BTJsonIDCheck.MainForm.backgroundWorker1_DoWork(Object sender, DoWorkEventArgs e)
