Initing...
Custom ammo categories:
Custom ammo categories:
  'NotSet'= (0/NotSet/NotSet)
  'AC2'= (1/AC2/AC2)
  'AC5'= (2/AC5/AC5)
  'AC10'= (3/AC10/AC10)
  'AC20'= (4/AC20/AC20)
  'LRM'= (5/LRM/LRM)
  'SRM'= (6/SRM/SRM)
  'MG'= (7/MG/MG)
  'AMS'= (8/AMS/AMS)
  'GAUSS'= (9/GAUSS/GAUSS)
  'Flamer'= (10/Flamer/Flamer)
  'ArrowIV'= (11/ArrowIV/LRM)
  'Sniper'= (12/Sniper/AC20)
  'LongTom'= (13/LongTom/AC20)
  'Thumper'= (14/Thumper/AC10)
  'Railgun'= (15/Railgun/GAUSS)
  'LGAUSS'= (16/LGAUSS/GAUSS)
  'HGAUSS'= (17/HGAUSS/GAUSS)
  'HYPERGAUSS'= (18/HYPERGAUSS/GAUSS)
  'Plasma'= (19/Plasma/GAUSS)
  'RiflePot'= (20/RiflePot/AC2)
  'RifleLight'= (21/RifleLight/AC5)
  'RifleMedium'= (22/RifleMedium/AC10)
  'RifleHeavy'= (23/RifleHeavy/AC20)
  'UAC2'= (24/UAC2/AC2)
  'UAC5'= (25/UAC5/AC5)
  'UAC10'= (26/UAC10/AC10)
  'UAC20'= (27/UAC20/AC20)
  'RAC2'= (28/RAC2/AC2)
  'RAC5'= (29/RAC5/AC5)
  'RAC10'= (30/RAC10/AC10)
  'RAC20'= (31/RAC20/AC20)
  'LBX2'= (32/LBX2/AC2)
  'LBX5'= (33/LBX5/AC5)
  'LBX10'= (34/LBX10/AC10)
  'LBX20'= (35/LBX20/AC20)
  'MRM'= (36/MRM/LRM)
  'MML'= (37/MML/LRM)
  'ATM'= (38/ATM/LRM)
  'iATM'= (39/iATM/LRM)
  'STREAKLRM'= (40/STREAKLRM/LRM)
  'STREAKSRM'= (41/STREAKSRM/SRM)
  'TBOLT5'= (42/TBOLT5/LRM)
  'TBOLT10'= (43/TBOLT10/LRM)
  'TBOLT15'= (44/TBOLT15/LRM)
  'TBOLT20'= (45/TBOLT20/LRM)
  'Fluid'= (46/Fluid/MG)
  'HMG'= (47/HMG/MG)
  'LMG'= (48/LMG/MG)
  'Taser'= (49/Taser/MG)
  'Narc'= (50/Narc/MG)
WeaponDef fromJSON
RegisterWeapon CustomAmmoCategory(SRM/SRM) for Weapon_SRM_SRM2_0-STOCK
WeaponDef fromJSON
RegisterWeapon CustomAmmoCategory(NotSet/NotSet) for Weapon_Laser_MediumLaser_0-STOCK
WeaponDef fromJSON
RegisterWeapon CustomAmmoCategory(AC5/AC5) for Weapon_Autocannon_AC5_0-STOCK
WeaponDef fromJSON
RegisterWeapon CustomAmmoCategory(LRM/LRM) for Weapon_LRM_LRM5_0-STOCK
WeaponDef fromJSON
RegisterWeapon CustomAmmoCategory(NotSet/NotSet) for Weapon_MeleeAttack
WeaponDef fromJSON
RegisterWeapon CustomAmmoCategory(NotSet/NotSet) for Weapon_DFAAttack
WeaponDef fromJSON
RegisterWeapon CustomAmmoCategory(NotSet/NotSet) for Weapon_Laser_AI_Imaginary
AmmunitionDef fromJSON
RegisterAmmunition CustomAmmoCategory(SRM/SRM) for Ammunition_SRM
Registring extAmmoDef Ammunition_SRM D/H/A 0/0/0
AmmunitionDef fromJSON
RegisterAmmunition CustomAmmoCategory(AC5/AC5) for Ammunition_AC5
[{"durationData":{"duration":2,"ticksOnActivations":true,"useActivationsOfTarget":true,"ticksOnEndOfRound":false,"ticksOnMovements":false,"stackLimit":-1,"clearedWhenAttacked":false},"targetingData":{"effectTriggerType":2,"triggerLimit":0,"extendDurationOnTrigger":0,"specialRules":0,"effectTargetType":0,"range":0.0,"forcePathRebuild":false,"forceVisRebuild":false,"showInTargetPreview":true,"showInStatusPanel":true,"effectTargetsCreator":false},"effectType":1,"Description":{"Id":null,"Name":null,"Details":null,"Icon":null},"nature":2,"statisticData":{"appliesEachTick":false,"effectsPersistAfterDestruction":false,"statName":"HeatSinkCapacity","operation":2,"modValue":"9","modType":"System.Int32","additionalRules":0,"targetCollection":0,"targetWeaponCategory":0,"targetWeaponType":0,"targetAmmoCategory":0,"targetWeaponSubType":0},"tagData":null,"floatieData":null,"actorBurningData":null,"vfxData":null,"instantModData":null,"poorlyMaintainedEffectData":null}]
Registring extAmmoDef Ammunition_AC5 D/H/A -18/18/0
AmmunitionDef fromJSON
RegisterAmmunition CustomAmmoCategory(LRM/LRM) for Ammunition_LRM
Registring extAmmoDef Ammunition_LRM D/H/A 0/0/0
AmmunitionDef fromJSON
RegisterAmmunition CustomAmmoCategory(AC10/AC10) for Ammunition_AC10
[{"durationData":{"duration":2,"ticksOnActivations":true,"useActivationsOfTarget":true,"ticksOnEndOfRound":false,"ticksOnMovements":false,"stackLimit":-1,"clearedWhenAttacked":false},"targetingData":{"effectTriggerType":2,"triggerLimit":0,"extendDurationOnTrigger":0,"specialRules":0,"effectTargetType":0,"range":0.0,"forcePathRebuild":false,"forceVisRebuild":false,"showInTargetPreview":true,"showInStatusPanel":true,"effectTargetsCreator":false},"effectType":1,"Description":{"Id":null,"Name":null,"Details":null,"Icon":null},"nature":2,"statisticData":{"appliesEachTick":false,"effectsPersistAfterDestruction":false,"statName":"HeatSinkCapacity","operation":2,"modValue":"12","modType":"System.Int32","additionalRules":0,"targetCollection":0,"targetWeaponCategory":0,"targetWeaponType":0,"targetAmmoCategory":0,"targetWeaponSubType":0},"tagData":null,"floatieData":null,"actorBurningData":null,"vfxData":null,"instantModData":null,"poorlyMaintainedEffectData":null}]
Registring extAmmoDef Ammunition_AC10 D/H/A -24/24/0
AmmunitionDef fromJSON
RegisterAmmunition CustomAmmoCategory(AC2/AC2) for Ammunition_AC2
[{"durationData":{"duration":2,"ticksOnActivations":true,"useActivationsOfTarget":true,"ticksOnEndOfRound":false,"ticksOnMovements":false,"stackLimit":-1,"clearedWhenAttacked":false},"targetingData":{"effectTriggerType":2,"triggerLimit":0,"extendDurationOnTrigger":0,"specialRules":0,"effectTargetType":0,"range":0.0,"forcePathRebuild":false,"forceVisRebuild":false,"showInTargetPreview":true,"showInStatusPanel":true,"effectTargetsCreator":false},"effectType":1,"Description":{"Id":null,"Name":null,"Details":null,"Icon":null},"nature":2,"statisticData":{"appliesEachTick":false,"effectsPersistAfterDestruction":false,"statName":"HeatSinkCapacity","operation":2,"modValue":"5","modType":"System.Int32","additionalRules":0,"targetCollection":0,"targetWeaponCategory":0,"targetWeaponType":0,"targetAmmoCategory":0,"targetWeaponSubType":0},"tagData":null,"floatieData":null,"actorBurningData":null,"vfxData":null,"instantModData":null,"poorlyMaintainedEffectData":null}]
Registring extAmmoDef Ammunition_AC2 D/H/A -15/10/0
AmmunitionDef fromJSON
RegisterAmmunition CustomAmmoCategory(AC20/AC20) for Ammunition_AC20
[{"durationData":{"duration":2,"ticksOnActivations":true,"useActivationsOfTarget":true,"ticksOnEndOfRound":false,"ticksOnMovements":false,"stackLimit":-1,"clearedWhenAttacked":false},"targetingData":{"effectTriggerType":2,"triggerLimit":0,"extendDurationOnTrigger":0,"specialRules":0,"effectTargetType":0,"range":0.0,"forcePathRebuild":false,"forceVisRebuild":false,"showInTargetPreview":true,"showInStatusPanel":true,"effectTargetsCreator":false},"effectType":1,"Description":{"Id":null,"Name":null,"Details":null,"Icon":null},"nature":2,"statisticData":{"appliesEachTick":false,"effectsPersistAfterDestruction":false,"statName":"HeatSinkCapacity","operation":2,"modValue":"20","modType":"System.Int32","additionalRules":0,"targetCollection":0,"targetWeaponCategory":0,"targetWeaponType":0,"targetAmmoCategory":0,"targetWeaponSubType":0},"tagData":null,"floatieData":null,"actorBurningData":null,"vfxData":null,"instantModData":null,"poorlyMaintainedEffectData":null}]
Registring extAmmoDef Ammunition_AC20 D/H/A -40/40/0
AmmunitionDef fromJSON
RegisterAmmunition CustomAmmoCategory(AMS/AMS) for Ammunition_AMS
Registring extAmmoDef Ammunition_AMS D/H/A 0/0/0
AmmunitionDef fromJSON
RegisterAmmunition CustomAmmoCategory(Flamer/Flamer) for Ammunition_Flamer
Registring extAmmoDef Ammunition_Flamer D/H/A 0/0/0
AmmunitionDef fromJSON
RegisterAmmunition CustomAmmoCategory(GAUSS/GAUSS) for Ammunition_GAUSS
Registring extAmmoDef Ammunition_GAUSS D/H/A 0/0/0
AmmunitionDef fromJSON
RegisterAmmunition CustomAmmoCategory(MG/MG) for Ammunition_MG
Registring extAmmoDef Ammunition_MG D/H/A 0/0/0
AmmunitionDef fromJSON
RegisterAmmunition CustomAmmoCategory(AC10/AC10) for Ammunition_AC10_AP
Registring extAmmoDef Ammunition_AC10_AP D/H/A 0/0/0
AmmunitionDef fromJSON
RegisterAmmunition CustomAmmoCategory(AC10/AC10) for Ammunition_AC10_Caseless
Registring extAmmoDef Ammunition_AC10_Caseless D/H/A 0/0/0
AmmunitionDef fromJSON
RegisterAmmunition CustomAmmoCategory(AC10/AC10) for Ammunition_AC10_Precision
Registring extAmmoDef Ammunition_AC10_Precision D/H/A 0/0/-1
AmmunitionDef fromJSON
RegisterAmmunition CustomAmmoCategory(AC20/AC20) for Ammunition_AC20_AP
Registring extAmmoDef Ammunition_AC20_AP D/H/A 0/0/0
AmmunitionDef fromJSON
RegisterAmmunition CustomAmmoCategory(AC20/AC20) for Ammunition_AC20_Caseless
Registring extAmmoDef Ammunition_AC20_Caseless D/H/A 0/0/0
AmmunitionDef fromJSON
RegisterAmmunition CustomAmmoCategory(AC20/AC20) for Ammunition_AC20_Precision
Registring extAmmoDef Ammunition_AC20_Precision D/H/A 0/0/-1
AmmunitionDef fromJSON
RegisterAmmunition CustomAmmoCategory(AC2/AC2) for Ammunition_AC2_AP
Registring extAmmoDef Ammunition_AC2_AP D/H/A 0/0/0
AmmunitionDef fromJSON
RegisterAmmunition CustomAmmoCategory(AC2/AC2) for Ammunition_AC2_Caseless
Registring extAmmoDef Ammunition_AC2_Caseless D/H/A 0/0/0
AmmunitionDef fromJSON
RegisterAmmunition CustomAmmoCategory(AC2/AC2) for Ammunition_AC2_Precision
Registring extAmmoDef Ammunition_AC2_Precision D/H/A 0/0/-1
AmmunitionDef fromJSON
RegisterAmmunition CustomAmmoCategory(AC5/AC5) for Ammunition_AC5_AP
Registring extAmmoDef Ammunition_AC5_AP D/H/A 0/0/0
AmmunitionDef fromJSON
RegisterAmmunition CustomAmmoCategory(AC5/AC5) for Ammunition_AC5_Caseless
Registring extAmmoDef Ammunition_AC5_Caseless D/H/A 0/0/0
AmmunitionDef fromJSON
RegisterAmmunition CustomAmmoCategory(AC5/AC5) for Ammunition_AC5_Precision
Registring extAmmoDef Ammunition_AC5_Precision D/H/A 0/0/-1
AmmunitionDef fromJSON
RegisterAmmunition CustomAmmoCategory(ArrowIV/LRM) for Ammunition_ArrowIV
Registring extAmmoDef Ammunition_ArrowIV D/H/A 0/0/0
AmmunitionDef fromJSON
RegisterAmmunition CustomAmmoCategory(ArrowIV/LRM) for Ammunition_ArrowIV_Inferno
[{"durationData":{"duration":6,"ticksOnActivations":true,"useActivationsOfTarget":true,"ticksOnEndOfRound":false,"ticksOnMovements":false,"stackLimit":-1,"clearedWhenAttacked":false},"targetingData":{"effectTriggerType":2,"triggerLimit":0,"extendDurationOnTrigger":2,"specialRules":0,"effectTargetType":0,"range":0.0,"forcePathRebuild":false,"forceVisRebuild":false,"showInTargetPreview":true,"showInStatusPanel":true,"effectTargetsCreator":false},"effectType":1,"Description":{"Id":null,"Name":null,"Details":null,"Icon":null},"nature":2,"statisticData":{"appliesEachTick":false,"effectsPersistAfterDestruction":false,"statName":"HeatSinkCapacity","operation":2,"modValue":"40","modType":"System.Int32","additionalRules":0,"targetCollection":0,"targetWeaponCategory":0,"targetWeaponType":0,"targetAmmoCategory":0,"targetWeaponSubType":0},"tagData":null,"floatieData":null,"actorBurningData":null,"vfxData":null,"instantModData":null,"poorlyMaintainedEffectData":null}]
Registring extAmmoDef Ammunition_ArrowIV_Inferno D/H/A -100/30/0
AmmunitionDef fromJSON
RegisterAmmunition CustomAmmoCategory(ATM/LRM) for Ammunition_ATM
Registring extAmmoDef Ammunition_ATM D/H/A 0/0/0
AmmunitionDef fromJSON
RegisterAmmunition CustomAmmoCategory(ATM/LRM) for Ammunition_ATM_ER
Registring extAmmoDef Ammunition_ATM_ER D/H/A -4/0/0
AmmunitionDef fromJSON
RegisterAmmunition CustomAmmoCategory(ATM/LRM) for Ammunition_ATM_HE
Registring extAmmoDef Ammunition_ATM_HE D/H/A 4/0/0
AmmunitionDef fromJSON
RegisterAmmunition CustomAmmoCategory(Fluid/MG) for Ammunition_Fluid_Acid
[{"durationData":{"duration":2,"ticksOnActivations":true,"useActivationsOfTarget":true,"ticksOnEndOfRound":false,"ticksOnMovements":false,"stackLimit":-1,"clearedWhenAttacked":false},"targetingData":{"effectTriggerType":2,"triggerLimit":0,"extendDurationOnTrigger":2,"specialRules":0,"effectTargetType":0,"range":0.0,"forcePathRebuild":false,"forceVisRebuild":false,"showInTargetPreview":true,"showInStatusPanel":true,"effectTargetsCreator":false},"effectType":1,"Description":{"Id":null,"Name":null,"Details":null,"Icon":null},"nature":2,"statisticData":{"appliesEachTick":false,"effectsPersistAfterDestruction":false,"statName":"DamageReductionMultiplierAll","operation":10,"modValue":"0.3","modType":"System.Single","additionalRules":0,"targetCollection":0,"targetWeaponCategory":0,"targetWeaponType":0,"targetAmmoCategory":0,"targetWeaponSubType":0},"tagData":null,"floatieData":null,"actorBurningData":null,"vfxData":null,"instantModData":null,"poorlyMaintainedEffectData":null}]
Registring extAmmoDef Ammunition_Fluid_Acid D/H/A 8/0/0
AmmunitionDef fromJSON
RegisterAmmunition CustomAmmoCategory(Fluid/MG) for Ammunition_Fluid_Inferno
[{"durationData":{"duration":2,"ticksOnActivations":true,"useActivationsOfTarget":true,"ticksOnEndOfRound":false,"ticksOnMovements":false,"stackLimit":-1,"clearedWhenAttacked":false},"targetingData":{"effectTriggerType":2,"triggerLimit":0,"extendDurationOnTrigger":2,"specialRules":0,"effectTargetType":0,"range":0.0,"forcePathRebuild":false,"forceVisRebuild":false,"showInTargetPreview":true,"showInStatusPanel":true,"effectTargetsCreator":false},"effectType":1,"Description":{"Id":null,"Name":null,"Details":null,"Icon":null},"nature":2,"statisticData":{"appliesEachTick":false,"effectsPersistAfterDestruction":false,"statName":"HeatSinkCapacity","operation":1,"modValue":"-15","modType":"System.Int32","additionalRules":0,"targetCollection":0,"targetWeaponCategory":0,"targetWeaponType":0,"targetAmmoCategory":0,"targetWeaponSubType":0},"tagData":null,"floatieData":null,"actorBurningData":null,"vfxData":null,"instantModData":null,"poorlyMaintainedEffectData":null}]
Registring extAmmoDef Ammunition_Fluid_Inferno D/H/A 0/8/0
AmmunitionDef fromJSON
RegisterAmmunition CustomAmmoCategory(Fluid/MG) for Ammunition_Fluid_Oil
[{"durationData":{"duration":2,"ticksOnActivations":true,"useActivationsOfTarget":true,"ticksOnEndOfRound":false,"ticksOnMovements":false,"stackLimit":-1,"clearedWhenAttacked":false},"targetingData":{"effectTriggerType":2,"triggerLimit":0,"extendDurationOnTrigger":2,"specialRules":0,"effectTargetType":0,"range":0.0,"forcePathRebuild":false,"forceVisRebuild":false,"showInTargetPreview":false,"showInStatusPanel":true,"effectTargetsCreator":false},"effectType":1,"Description":{"Id":null,"Name":null,"Details":null,"Icon":null},"nature":2,"statisticData":{"appliesEachTick":false,"effectsPersistAfterDestruction":false,"statName":"ReceivedInstabilityMultiplier","operation":12,"modValue":"2.0","modType":"System.Single","additionalRules":0,"targetCollection":0,"targetWeaponCategory":0,"targetWeaponType":0,"targetAmmoCategory":0,"targetWeaponSubType":0},"tagData":null,"floatieData":null,"actorBurningData":null,"vfxData":null,"instantModData":null,"poorlyMaintainedEffectData":null},{"durationData":{"duration":2,"ticksOnActivations":true,"useActivationsOfTarget":true,"ticksOnEndOfRound":false,"ticksOnMovements":false,"stackLimit":1,"clearedWhenAttacked":false},"targetingData":{"effectTriggerType":2,"triggerLimit":0,"extendDurationOnTrigger":2,"specialRules":0,"effectTargetType":0,"range":0.0,"forcePathRebuild":false,"forceVisRebuild":false,"showInTargetPreview":false,"showInStatusPanel":false,"effectTargetsCreator":false},"effectType":1,"Description":{"Id":null,"Name":null,"Details":null,"Icon":null},"nature":2,"statisticData":{"appliesEachTick":false,"effectsPersistAfterDestruction":false,"statName":"RunSpeed","operation":12,"modValue":"0.5","modType":"System.Single","additionalRules":0,"targetCollection":0,"targetWeaponCategory":0,"targetWeaponType":0,"targetAmmoCategory":0,"targetWeaponSubType":0},"tagData":null,"floatieData":null,"actorBurningData":null,"vfxData":null,"instantModData":null,"poorlyMaintainedEffectData":null},{"durationData":{"duration":2,"ticksOnActivations":true,"useActivationsOfTarget":true,"ticksOnEndOfRound":false,"ticksOnMovements":false,"stackLimit":1,"clearedWhenAttacked":false},"targetingData":{"effectTriggerType":2,"triggerLimit":0,"extendDurationOnTrigger":2,"specialRules":0,"effectTargetType":0,"range":0.0,"forcePathRebuild":false,"forceVisRebuild":false,"showInTargetPreview":false,"showInStatusPanel":false,"effectTargetsCreator":false},"effectType":1,"Description":{"Id":null,"Name":null,"Details":null,"Icon":null},"nature":2,"statisticData":{"appliesEachTick":false,"effectsPersistAfterDestruction":false,"statName":"WalkSpeed","operation":12,"modValue":"0.5","modType":"System.Single","additionalRules":0,"targetCollection":0,"targetWeaponCategory":0,"targetWeaponType":0,"targetAmmoCategory":0,"targetWeaponSubType":0},"tagData":null,"floatieData":null,"actorBurningData":null,"vfxData":null,"instantModData":null,"poorlyMaintainedEffectData":null}]
Registring extAmmoDef Ammunition_Fluid_Oil D/H/A 0/0/0
AmmunitionDef fromJSON
RegisterAmmunition CustomAmmoCategory(Fluid/MG) for Ammunition_Fluid_Paint
[{"durationData":{"duration":2,"ticksOnActivations":true,"useActivationsOfTarget":true,"ticksOnEndOfRound":false,"ticksOnMovements":false,"stackLimit":-1,"clearedWhenAttacked":false},"targetingData":{"effectTriggerType":2,"triggerLimit":0,"extendDurationOnTrigger":2,"specialRules":0,"effectTargetType":0,"range":0.0,"forcePathRebuild":false,"forceVisRebuild":false,"showInTargetPreview":true,"showInStatusPanel":true,"effectTargetsCreator":false},"effectType":1,"Description":{"Id":null,"Name":null,"Details":null,"Icon":null},"nature":2,"statisticData":{"appliesEachTick":false,"effectsPersistAfterDestruction":false,"statName":"AccuracyModifier","operation":10,"modValue":"2.0","modType":"System.Single","additionalRules":0,"targetCollection":2,"targetWeaponCategory":0,"targetWeaponType":0,"targetAmmoCategory":0,"targetWeaponSubType":0},"tagData":null,"floatieData":null,"actorBurningData":null,"vfxData":null,"instantModData":null,"poorlyMaintainedEffectData":null},{"durationData":{"duration":2,"ticksOnActivations":true,"useActivationsOfTarget":true,"ticksOnEndOfRound":false,"ticksOnMovements":false,"stackLimit":-1,"clearedWhenAttacked":false},"targetingData":{"effectTriggerType":2,"triggerLimit":0,"extendDurationOnTrigger":0,"specialRules":0,"effectTargetType":0,"range":0.0,"forcePathRebuild":false,"forceVisRebuild":false,"showInTargetPreview":false,"showInStatusPanel":false,"effectTargetsCreator":false},"effectType":1,"Description":{"Id":null,"Name":null,"Details":null,"Icon":null},"nature":2,"statisticData":{"appliesEachTick":false,"effectsPersistAfterDestruction":false,"statName":"SpotterDistanceAbsolute","operation":12,"modValue":"0.5","modType":"System.Single","additionalRules":0,"targetCollection":0,"targetWeaponCategory":0,"targetWeaponType":0,"targetAmmoCategory":0,"targetWeaponSubType":0},"tagData":null,"floatieData":null,"actorBurningData":null,"vfxData":null,"instantModData":null,"poorlyMaintainedEffectData":null}]
Registring extAmmoDef Ammunition_Fluid_Paint D/H/A 0/0/0
AmmunitionDef fromJSON
RegisterAmmunition CustomAmmoCategory(HGAUSS/GAUSS) for Ammunition_HGAUSS
Registring extAmmoDef Ammunition_HGAUSS D/H/A 0/0/0
AmmunitionDef fromJSON
RegisterAmmunition CustomAmmoCategory(HMG/MG) for Ammunition_HMG
Registring extAmmoDef Ammunition_HMG D/H/A 0/0/0
AmmunitionDef fromJSON
RegisterAmmunition CustomAmmoCategory(HMG/MG) for Ammunition_HMG_AP
Registring extAmmoDef Ammunition_HMG_AP D/H/A 0/0/0
AmmunitionDef fromJSON
RegisterAmmunition CustomAmmoCategory(HMG/MG) for Ammunition_HMG_HE
Registring extAmmoDef Ammunition_HMG_HE D/H/A 1/0/0
AmmunitionDef fromJSON
RegisterAmmunition CustomAmmoCategory(HMG/MG) for Ammunition_HMG_Incendiary
Registring extAmmoDef Ammunition_HMG_Incendiary D/H/A -1/1/0
AmmunitionDef fromJSON
RegisterAmmunition CustomAmmoCategory(HMG/MG) for Ammunition_HMG_Tracer
Registring extAmmoDef Ammunition_HMG_Tracer D/H/A 0/0/-1
AmmunitionDef fromJSON
RegisterAmmunition CustomAmmoCategory(HYPERGAUSS/GAUSS) for Ammunition_HYPERGAUSS
Registring extAmmoDef Ammunition_HYPERGAUSS D/H/A 0/0/0
AmmunitionDef fromJSON
RegisterAmmunition CustomAmmoCategory(iATM/LRM) for Ammunition_iATM
Registring extAmmoDef Ammunition_iATM D/H/A 0/0/0
AmmunitionDef fromJSON
RegisterAmmunition CustomAmmoCategory(iATM/LRM) for Ammunition_iATM_EMP
[{"durationData":{"duration":2,"ticksOnActivations":true,"useActivationsOfTarget":true,"ticksOnEndOfRound":false,"ticksOnMovements":false,"stackLimit":6,"clearedWhenAttacked":false},"targetingData":{"effectTriggerType":2,"triggerLimit":0,"extendDurationOnTrigger":0,"specialRules":0,"effectTargetType":0,"range":0.0,"forcePathRebuild":false,"forceVisRebuild":false,"showInTargetPreview":false,"showInStatusPanel":true,"effectTargetsCreator":false},"effectType":1,"Description":{"Id":null,"Name":null,"Details":null,"Icon":null},"nature":2,"statisticData":{"appliesEachTick":false,"effectsPersistAfterDestruction":false,"statName":"AccuracyModifier","operation":10,"modValue":"1.0","modType":"System.Single","additionalRules":0,"targetCollection":0,"targetWeaponCategory":0,"targetWeaponType":0,"targetAmmoCategory":0,"targetWeaponSubType":0},"tagData":null,"floatieData":null,"actorBurningData":null,"vfxData":null,"instantModData":null,"poorlyMaintainedEffectData":null},{"durationData":{"duration":2,"ticksOnActivations":true,"useActivationsOfTarget":true,"ticksOnEndOfRound":false,"ticksOnMovements":false,"stackLimit":6,"clearedWhenAttacked":false},"targetingData":{"effectTriggerType":2,"triggerLimit":0,"extendDurationOnTrigger":0,"specialRules":0,"effectTargetType":0,"range":0.0,"forcePathRebuild":false,"forceVisRebuild":false,"showInTargetPreview":false,"showInStatusPanel":false,"effectTargetsCreator":false},"effectType":1,"Description":{"Id":null,"Name":null,"Details":null,"Icon":null},"nature":2,"statisticData":{"appliesEachTick":false,"effectsPersistAfterDestruction":false,"statName":"WalkSpeed","operation":12,"modValue":"0.85","modType":"System.Single","additionalRules":0,"targetCollection":0,"targetWeaponCategory":0,"targetWeaponType":0,"targetAmmoCategory":0,"targetWeaponSubType":0},"tagData":null,"floatieData":null,"actorBurningData":null,"vfxData":null,"instantModData":null,"poorlyMaintainedEffectData":null},{"durationData":{"duration":2,"ticksOnActivations":true,"useActivationsOfTarget":true,"ticksOnEndOfRound":false,"ticksOnMovements":false,"stackLimit":6,"clearedWhenAttacked":false},"targetingData":{"effectTriggerType":2,"triggerLimit":0,"extendDurationOnTrigger":0,"specialRules":0,"effectTargetType":0,"range":0.0,"forcePathRebuild":false,"forceVisRebuild":false,"showInTargetPreview":false,"showInStatusPanel":false,"effectTargetsCreator":false},"effectType":1,"Description":{"Id":null,"Name":null,"Details":null,"Icon":null},"nature":2,"statisticData":{"appliesEachTick":false,"effectsPersistAfterDestruction":false,"statName":"RunSpeed","operation":12,"modValue":"0.85","modType":"System.Single","additionalRules":0,"targetCollection":0,"targetWeaponCategory":0,"targetWeaponType":0,"targetAmmoCategory":0,"targetWeaponSubType":0},"tagData":null,"floatieData":null,"actorBurningData":null,"vfxData":null,"instantModData":null,"poorlyMaintainedEffectData":null},{"durationData":{"duration":2,"ticksOnActivations":true,"useActivationsOfTarget":true,"ticksOnEndOfRound":false,"ticksOnMovements":false,"stackLimit":6,"clearedWhenAttacked":false},"targetingData":{"effectTriggerType":2,"triggerLimit":0,"extendDurationOnTrigger":0,"specialRules":0,"effectTargetType":2,"range":0.0,"forcePathRebuild":false,"forceVisRebuild":false,"showInTargetPreview":false,"showInStatusPanel":false,"effectTargetsCreator":false},"effectType":1,"Description":{"Id":null,"Name":null,"Details":null,"Icon":null},"nature":2,"statisticData":{"appliesEachTick":false,"effectsPersistAfterDestruction":false,"statName":"HeatGenerated","operation":12,"modValue":"1.2","modType":"System.Single","additionalRules":0,"targetCollection":2,"targetWeaponCategory":0,"targetWeaponType":0,"targetAmmoCategory":0,"targetWeaponSubType":0},"tagData":null,"floatieData":null,"actorBurningData":null,"vfxData":null,"instantModData":null,"poorlyMaintainedEffectData":null}]
Registring extAmmoDef Ammunition_iATM_EMP D/H/A -2/0/0
AmmunitionDef fromJSON
RegisterAmmunition CustomAmmoCategory(iATM/LRM) for Ammunition_iATM_ER
Registring extAmmoDef Ammunition_iATM_ER D/H/A -4/0/0
AmmunitionDef fromJSON
RegisterAmmunition CustomAmmoCategory(iATM/LRM) for Ammunition_iATM_HE
Registring extAmmoDef Ammunition_iATM_HE D/H/A 4/0/0
AmmunitionDef fromJSON
RegisterAmmunition CustomAmmoCategory(iATM/LRM) for Ammunition_iATM_Incendiary
[{"durationData":{"duration":2,"ticksOnActivations":true,"useActivationsOfTarget":true,"ticksOnEndOfRound":false,"ticksOnMovements":false,"stackLimit":-1,"clearedWhenAttacked":false},"targetingData":{"effectTriggerType":2,"triggerLimit":0,"extendDurationOnTrigger":0,"specialRules":0,"effectTargetType":0,"range":0.0,"forcePathRebuild":false,"forceVisRebuild":false,"showInTargetPreview":true,"showInStatusPanel":true,"effectTargetsCreator":false},"effectType":1,"Description":{"Id":null,"Name":null,"Details":null,"Icon":null},"nature":2,"statisticData":{"appliesEachTick":false,"effectsPersistAfterDestruction":false,"statName":"HeatSinkCapacity","operation":2,"modValue":"2","modType":"System.Int32","additionalRules":0,"targetCollection":0,"targetWeaponCategory":0,"targetWeaponType":0,"targetAmmoCategory":0,"targetWeaponSubType":0},"tagData":null,"floatieData":null,"actorBurningData":null,"vfxData":null,"instantModData":null,"poorlyMaintainedEffectData":null}]
Registring extAmmoDef Ammunition_iATM_Incendiary D/H/A -4/2/0
AmmunitionDef fromJSON
RegisterAmmunition CustomAmmoCategory(LRM/LRM) for Ammunition_ILRM
[{"durationData":{"duration":2,"ticksOnActivations":true,"useActivationsOfTarget":true,"ticksOnEndOfRound":false,"ticksOnMovements":false,"stackLimit":-1,"clearedWhenAttacked":false},"targetingData":{"effectTriggerType":2,"triggerLimit":0,"extendDurationOnTrigger":0,"specialRules":0,"effectTargetType":0,"range":0.0,"forcePathRebuild":false,"forceVisRebuild":false,"showInTargetPreview":true,"showInStatusPanel":true,"effectTargetsCreator":false},"effectType":1,"Description":{"Id":null,"Name":null,"Details":null,"Icon":null},"nature":2,"statisticData":{"appliesEachTick":false,"effectsPersistAfterDestruction":false,"statName":"HeatSinkCapacity","operation":2,"modValue":"1","modType":"System.Int32","additionalRules":0,"targetCollection":0,"targetWeaponCategory":0,"targetWeaponType":0,"targetAmmoCategory":0,"targetWeaponSubType":0},"tagData":null,"floatieData":null,"actorBurningData":null,"vfxData":null,"instantModData":null,"poorlyMaintainedEffectData":null}]
Registring extAmmoDef Ammunition_ILRM D/H/A -2/1/0
AmmunitionDef fromJSON
RegisterAmmunition CustomAmmoCategory(MML/LRM) for Ammunition_IMML
[{"durationData":{"duration":2,"ticksOnActivations":true,"useActivationsOfTarget":true,"ticksOnEndOfRound":false,"ticksOnMovements":false,"stackLimit":-1,"clearedWhenAttacked":false},"targetingData":{"effectTriggerType":2,"triggerLimit":0,"extendDurationOnTrigger":0,"specialRules":0,"effectTargetType":0,"range":0.0,"forcePathRebuild":false,"forceVisRebuild":false,"showInTargetPreview":true,"showInStatusPanel":true,"effectTargetsCreator":false},"effectType":1,"Description":{"Id":null,"Name":null,"Details":null,"Icon":null},"nature":2,"statisticData":{"appliesEachTick":false,"effectsPersistAfterDestruction":false,"statName":"HeatSinkCapacity","operation":2,"modValue":"3","modType":"System.Int32","additionalRules":0,"targetCollection":0,"targetWeaponCategory":0,"targetWeaponType":0,"targetAmmoCategory":0,"targetWeaponSubType":0},"tagData":null,"floatieData":null,"actorBurningData":null,"vfxData":null,"instantModData":null,"poorlyMaintainedEffectData":null}]
Registring extAmmoDef Ammunition_IMML D/H/A -7/4/0
AmmunitionDef fromJSON
RegisterAmmunition CustomAmmoCategory(MRM/LRM) for Ammunition_IMRM
[{"durationData":{"duration":2,"ticksOnActivations":true,"useActivationsOfTarget":true,"ticksOnEndOfRound":false,"ticksOnMovements":false,"stackLimit":-1,"clearedWhenAttacked":false},"targetingData":{"effectTriggerType":2,"triggerLimit":0,"extendDurationOnTrigger":0,"specialRules":0,"effectTargetType":0,"range":0.0,"forcePathRebuild":false,"forceVisRebuild":false,"showInTargetPreview":true,"showInStatusPanel":true,"effectTargetsCreator":false},"effectType":1,"Description":{"Id":null,"Name":null,"Details":null,"Icon":null},"nature":2,"statisticData":{"appliesEachTick":false,"effectsPersistAfterDestruction":false,"statName":"HeatSinkCapacity","operation":2,"modValue":"1","modType":"System.Int32","additionalRules":0,"targetCollection":0,"targetWeaponCategory":0,"targetWeaponType":0,"targetAmmoCategory":0,"targetWeaponSubType":0},"tagData":null,"floatieData":null,"actorBurningData":null,"vfxData":null,"instantModData":null,"poorlyMaintainedEffectData":null}]
Registring extAmmoDef Ammunition_IMRM D/H/A -2/1/0
AmmunitionDef fromJSON
RegisterAmmunition CustomAmmoCategory(SRM/SRM) for Ammunition_ISRM
[{"durationData":{"duration":2,"ticksOnActivations":true,"useActivationsOfTarget":true,"ticksOnEndOfRound":false,"ticksOnMovements":false,"stackLimit":-1,"clearedWhenAttacked":false},"targetingData":{"effectTriggerType":2,"triggerLimit":0,"extendDurationOnTrigger":0,"specialRules":0,"effectTargetType":0,"range":0.0,"forcePathRebuild":false,"forceVisRebuild":false,"showInTargetPreview":true,"showInStatusPanel":true,"effectTargetsCreator":false},"effectType":1,"Description":{"Id":null,"Name":null,"Details":null,"Icon":null},"nature":2,"statisticData":{"appliesEachTick":false,"effectsPersistAfterDestruction":false,"statName":"HeatSinkCapacity","operation":2,"modValue":"2","modType":"System.Int32","additionalRules":0,"targetCollection":0,"targetWeaponCategory":0,"targetWeaponType":0,"targetAmmoCategory":0,"targetWeaponSubType":0},"tagData":null,"floatieData":null,"actorBurningData":null,"vfxData":null,"instantModData":null,"poorlyMaintainedEffectData":null}]
Registring extAmmoDef Ammunition_ISRM D/H/A -7/5/0
AmmunitionDef fromJSON
RegisterAmmunition CustomAmmoCategory(LBX10/AC10) for Ammunition_LBX10_CLUSTER
Registring extAmmoDef Ammunition_LBX10_CLUSTER D/H/A -52/0/-1
AmmunitionDef fromJSON
RegisterAmmunition CustomAmmoCategory(LBX10/AC10) for Ammunition_LBX10_SLUG
Registring extAmmoDef Ammunition_LBX10_SLUG D/H/A 0/0/0
AmmunitionDef fromJSON
RegisterAmmunition CustomAmmoCategory(LBX20/AC20) for Ammunition_LBX20_CLUSTER
Registring extAmmoDef Ammunition_LBX20_CLUSTER D/H/A -93/0/-1
AmmunitionDef fromJSON
RegisterAmmunition CustomAmmoCategory(LBX20/AC20) for Ammunition_LBX20_SLUG
Registring extAmmoDef Ammunition_LBX20_SLUG D/H/A 0/0/0
AmmunitionDef fromJSON
RegisterAmmunition CustomAmmoCategory(LBX2/AC2) for Ammunition_LBX2_CLUSTER
Registring extAmmoDef Ammunition_LBX2_CLUSTER D/H/A -12/0/-1
AmmunitionDef fromJSON
RegisterAmmunition CustomAmmoCategory(LBX2/AC2) for Ammunition_LBX2_SLUG
Registring extAmmoDef Ammunition_LBX2_SLUG D/H/A 0/0/0
AmmunitionDef fromJSON
RegisterAmmunition CustomAmmoCategory(LBX5/AC5) for Ammunition_LBX5_CLUSTER
Registring extAmmoDef Ammunition_LBX5_CLUSTER D/H/A -35/0/-1
AmmunitionDef fromJSON
RegisterAmmunition CustomAmmoCategory(LBX5/AC5) for Ammunition_LBX5_SLUG
Registring extAmmoDef Ammunition_LBX5_SLUG D/H/A 0/0/0
AmmunitionDef fromJSON
RegisterAmmunition CustomAmmoCategory(LGAUSS/GAUSS) for Ammunition_LGAUSS
Registring extAmmoDef Ammunition_LGAUSS D/H/A 0/0/0
AmmunitionDef fromJSON
RegisterAmmunition CustomAmmoCategory(LMG/MG) for Ammunition_LMG
Registring extAmmoDef Ammunition_LMG D/H/A 0/0/0
AmmunitionDef fromJSON
RegisterAmmunition CustomAmmoCategory(LMG/MG) for Ammunition_LMG_AP
Registring extAmmoDef Ammunition_LMG_AP D/H/A 0/0/0
AmmunitionDef fromJSON
RegisterAmmunition CustomAmmoCategory(LMG/MG) for Ammunition_LMG_HE
Registring extAmmoDef Ammunition_LMG_HE D/H/A 1/0/0
AmmunitionDef fromJSON
RegisterAmmunition CustomAmmoCategory(LMG/MG) for Ammunition_LMG_Incendiary
Registring extAmmoDef Ammunition_LMG_Incendiary D/H/A -1/1/0
AmmunitionDef fromJSON
RegisterAmmunition CustomAmmoCategory(LMG/MG) for Ammunition_LMG_Tracer
Registring extAmmoDef Ammunition_LMG_Tracer D/H/A 0/0/-1
AmmunitionDef fromJSON
RegisterAmmunition CustomAmmoCategory(LongTom/AC20) for Ammunition_LongTom
Registring extAmmoDef Ammunition_LongTom D/H/A 0/0/0
AmmunitionDef fromJSON
RegisterAmmunition CustomAmmoCategory(LRM/LRM) for Ammunition_LRM_ArtemisIV
Registring extAmmoDef Ammunition_LRM_ArtemisIV D/H/A 0/0/0
AmmunitionDef fromJSON
RegisterAmmunition CustomAmmoCategory(LRM/LRM) for Ammunition_LRM_Chaff
[{"durationData":{"duration":2,"ticksOnActivations":true,"useActivationsOfTarget":true,"ticksOnEndOfRound":false,"ticksOnMovements":false,"stackLimit":-1,"clearedWhenAttacked":false},"targetingData":{"effectTriggerType":2,"triggerLimit":0,"extendDurationOnTrigger":0,"specialRules":0,"effectTargetType":0,"range":0.0,"forcePathRebuild":false,"forceVisRebuild":false,"showInTargetPreview":false,"showInStatusPanel":true,"effectTargetsCreator":false},"effectType":1,"Description":{"Id":null,"Name":null,"Details":null,"Icon":null},"nature":2,"statisticData":{"appliesEachTick":false,"effectsPersistAfterDestruction":false,"statName":"AccuracyModifier","operation":10,"modValue":"1.0","modType":"System.Single","additionalRules":0,"targetCollection":0,"targetWeaponCategory":0,"targetWeaponType":0,"targetAmmoCategory":0,"targetWeaponSubType":0},"tagData":null,"floatieData":null,"actorBurningData":null,"vfxData":null,"instantModData":null,"poorlyMaintainedEffectData":null},{"durationData":{"duration":2,"ticksOnActivations":true,"useActivationsOfTarget":true,"ticksOnEndOfRound":false,"ticksOnMovements":false,"stackLimit":-1,"clearedWhenAttacked":false},"targetingData":{"effectTriggerType":2,"triggerLimit":0,"extendDurationOnTrigger":0,"specialRules":0,"effectTargetType":0,"range":0.0,"forcePathRebuild":false,"forceVisRebuild":false,"showInTargetPreview":false,"showInStatusPanel":true,"effectTargetsCreator":false},"effectType":1,"Description":{"Id":null,"Name":null,"Details":null,"Icon":null},"nature":2,"statisticData":{"appliesEachTick":false,"effectsPersistAfterDestruction":false,"statName":"SpotterDistanceAbsolute","operation":12,"modValue":"0.8","modType":"System.Single","additionalRules":0,"targetCollection":0,"targetWeaponCategory":0,"targetWeaponType":0,"targetAmmoCategory":0,"targetWeaponSubType":0},"tagData":null,"floatieData":null,"actorBurningData":null,"vfxData":null,"instantModData":null,"poorlyMaintainedEffectData":null},{"durationData":{"duration":2,"ticksOnActivations":true,"useActivationsOfTarget":true,"ticksOnEndOfRound":false,"ticksOnMovements":false,"stackLimit":-1,"clearedWhenAttacked":false},"targetingData":{"effectTriggerType":2,"triggerLimit":0,"extendDurationOnTrigger":0,"specialRules":0,"effectTargetType":0,"range":0.0,"forcePathRebuild":false,"forceVisRebuild":false,"showInTargetPreview":false,"showInStatusPanel":true,"effectTargetsCreator":false},"effectType":1,"Description":{"Id":null,"Name":null,"Details":null,"Icon":null},"nature":2,"statisticData":{"appliesEachTick":false,"effectsPersistAfterDestruction":false,"statName":"SensorDistanceAbsolute","operation":12,"modValue":"0.7","modType":"System.Single","additionalRules":0,"targetCollection":0,"targetWeaponCategory":0,"targetWeaponType":0,"targetAmmoCategory":0,"targetWeaponSubType":0},"tagData":null,"floatieData":null,"actorBurningData":null,"vfxData":null,"instantModData":null,"poorlyMaintainedEffectData":null}]
Registring extAmmoDef Ammunition_LRM_Chaff D/H/A -3/0/0
AmmunitionDef fromJSON
RegisterAmmunition CustomAmmoCategory(LRM/LRM) for Ammunition_LRM_Deadfire
Registring extAmmoDef Ammunition_LRM_Deadfire D/H/A 2/0/1
AmmunitionDef fromJSON
RegisterAmmunition CustomAmmoCategory(LRM/LRM) for Ammunition_LRM_ER
Registring extAmmoDef Ammunition_LRM_ER D/H/A -1/0/0
AmmunitionDef fromJSON
RegisterAmmunition CustomAmmoCategory(LRM/LRM) for Ammunition_LRM_Narc
[{"durationData":{"duration":2,"ticksOnActivations":true,"useActivationsOfTarget":true,"ticksOnEndOfRound":false,"ticksOnMovements":false,"stackLimit":10,"clearedWhenAttacked":false},"targetingData":{"effectTriggerType":2,"triggerLimit":0,"extendDurationOnTrigger":0,"specialRules":0,"effectTargetType":0,"range":0.0,"forcePathRebuild":false,"forceVisRebuild":false,"showInTargetPreview":false,"showInStatusPanel":true,"effectTargetsCreator":false},"effectType":1,"Description":{"Id":null,"Name":null,"Details":null,"Icon":null},"nature":2,"statisticData":{"appliesEachTick":false,"effectsPersistAfterDestruction":false,"statName":"ToHitThisActor","operation":10,"modValue":"-1.0","modType":"System.Single","additionalRules":0,"targetCollection":0,"targetWeaponCategory":0,"targetWeaponType":0,"targetAmmoCategory":0,"targetWeaponSubType":0},"tagData":{"tagList":["lv-narc-effect_m3"]},"floatieData":null,"actorBurningData":null,"vfxData":null,"instantModData":null,"poorlyMaintainedEffectData":null}]
Registring extAmmoDef Ammunition_LRM_Narc D/H/A -3/0/0
AmmunitionDef fromJSON
RegisterAmmunition CustomAmmoCategory(STREAKLRM/LRM) for Ammunition_LRM_STREAK
Registring extAmmoDef Ammunition_LRM_STREAK D/H/A 0/0/0
AmmunitionDef fromJSON
RegisterAmmunition CustomAmmoCategory(MG/MG) for Ammunition_MG_AP
Registring extAmmoDef Ammunition_MG_AP D/H/A 0/0/0
AmmunitionDef fromJSON
RegisterAmmunition CustomAmmoCategory(MG/MG) for Ammunition_MG_HE
Registring extAmmoDef Ammunition_MG_HE D/H/A 1/0/0
AmmunitionDef fromJSON
RegisterAmmunition CustomAmmoCategory(MG/MG) for Ammunition_MG_Incendiary
Registring extAmmoDef Ammunition_MG_Incendiary D/H/A -1/1/0
AmmunitionDef fromJSON
RegisterAmmunition CustomAmmoCategory(MG/MG) for Ammunition_MG_Tracer
Registring extAmmoDef Ammunition_MG_Tracer D/H/A 0/0/-1
AmmunitionDef fromJSON
RegisterAmmunition CustomAmmoCategory(MML/LRM) for Ammunition_MML
Registring extAmmoDef Ammunition_MML D/H/A 0/0/0
AmmunitionDef fromJSON
RegisterAmmunition CustomAmmoCategory(MML/LRM) for Ammunition_MML_ArtemisIV
Registring extAmmoDef Ammunition_MML_ArtemisIV D/H/A 0/0/0
AmmunitionDef fromJSON
RegisterAmmunition CustomAmmoCategory(MML/LRM) for Ammunition_MML_Chaff
[{"durationData":{"duration":2,"ticksOnActivations":true,"useActivationsOfTarget":true,"ticksOnEndOfRound":false,"ticksOnMovements":false,"stackLimit":-1,"clearedWhenAttacked":false},"targetingData":{"effectTriggerType":2,"triggerLimit":0,"extendDurationOnTrigger":0,"specialRules":0,"effectTargetType":0,"range":0.0,"forcePathRebuild":false,"forceVisRebuild":false,"showInTargetPreview":false,"showInStatusPanel":true,"effectTargetsCreator":false},"effectType":1,"Description":{"Id":null,"Name":null,"Details":null,"Icon":null},"nature":2,"statisticData":{"appliesEachTick":false,"effectsPersistAfterDestruction":false,"statName":"AccuracyModifier","operation":10,"modValue":"1.0","modType":"System.Single","additionalRules":0,"targetCollection":0,"targetWeaponCategory":0,"targetWeaponType":0,"targetAmmoCategory":0,"targetWeaponSubType":0},"tagData":null,"floatieData":null,"actorBurningData":null,"vfxData":null,"instantModData":null,"poorlyMaintainedEffectData":null},{"durationData":{"duration":2,"ticksOnActivations":true,"useActivationsOfTarget":true,"ticksOnEndOfRound":false,"ticksOnMovements":false,"stackLimit":-1,"clearedWhenAttacked":false},"targetingData":{"effectTriggerType":2,"triggerLimit":0,"extendDurationOnTrigger":0,"specialRules":0,"effectTargetType":0,"range":0.0,"forcePathRebuild":false,"forceVisRebuild":false,"showInTargetPreview":false,"showInStatusPanel":true,"effectTargetsCreator":false},"effectType":1,"Description":{"Id":null,"Name":null,"Details":null,"Icon":null},"nature":2,"statisticData":{"appliesEachTick":false,"effectsPersistAfterDestruction":false,"statName":"SpotterDistanceAbsolute","operation":12,"modValue":"0.7","modType":"System.Single","additionalRules":0,"targetCollection":0,"targetWeaponCategory":0,"targetWeaponType":0,"targetAmmoCategory":0,"targetWeaponSubType":0},"tagData":null,"floatieData":null,"actorBurningData":null,"vfxData":null,"instantModData":null,"poorlyMaintainedEffectData":null},{"durationData":{"duration":2,"ticksOnActivations":true,"useActivationsOfTarget":true,"ticksOnEndOfRound":false,"ticksOnMovements":false,"stackLimit":-1,"clearedWhenAttacked":false},"targetingData":{"effectTriggerType":2,"triggerLimit":0,"extendDurationOnTrigger":0,"specialRules":0,"effectTargetType":0,"range":0.0,"forcePathRebuild":false,"forceVisRebuild":false,"showInTargetPreview":false,"showInStatusPanel":true,"effectTargetsCreator":false},"effectType":1,"Description":{"Id":null,"Name":null,"Details":null,"Icon":null},"nature":2,"statisticData":{"appliesEachTick":false,"effectsPersistAfterDestruction":false,"statName":"SensorDistanceAbsolute","operation":12,"modValue":"0.6","modType":"System.Single","additionalRules":0,"targetCollection":0,"targetWeaponCategory":0,"targetWeaponType":0,"targetAmmoCategory":0,"targetWeaponSubType":0},"tagData":null,"floatieData":null,"actorBurningData":null,"vfxData":null,"instantModData":null,"poorlyMaintainedEffectData":null}]
Registring extAmmoDef Ammunition_MML_Chaff D/H/A -6/0/0
AmmunitionDef fromJSON
RegisterAmmunition CustomAmmoCategory(MML/LRM) for Ammunition_MML_Deadfire
Registring extAmmoDef Ammunition_MML_Deadfire D/H/A 3/0/1
AmmunitionDef fromJSON
RegisterAmmunition CustomAmmoCategory(MML/LRM) for Ammunition_MML_ER
Registring extAmmoDef Ammunition_MML_ER D/H/A -2/0/0
AmmunitionDef fromJSON
RegisterAmmunition CustomAmmoCategory(MML/LRM) for Ammunition_MML_Narc
[{"durationData":{"duration":2,"ticksOnActivations":true,"useActivationsOfTarget":true,"ticksOnEndOfRound":false,"ticksOnMovements":false,"stackLimit":10,"clearedWhenAttacked":false},"targetingData":{"effectTriggerType":2,"triggerLimit":0,"extendDurationOnTrigger":0,"specialRules":0,"effectTargetType":0,"range":0.0,"forcePathRebuild":false,"forceVisRebuild":false,"showInTargetPreview":false,"showInStatusPanel":true,"effectTargetsCreator":false},"effectType":1,"Description":{"Id":null,"Name":null,"Details":null,"Icon":null},"nature":2,"statisticData":{"appliesEachTick":false,"effectsPersistAfterDestruction":false,"statName":"ToHitThisActor","operation":10,"modValue":"-1.0","modType":"System.Single","additionalRules":0,"targetCollection":0,"targetWeaponCategory":0,"targetWeaponType":0,"targetAmmoCategory":0,"targetWeaponSubType":0},"tagData":{"tagList":["lv-narc-effect_m5"]},"floatieData":null,"actorBurningData":null,"vfxData":null,"instantModData":null,"poorlyMaintainedEffectData":null}]
Registring extAmmoDef Ammunition_MML_Narc D/H/A -3/0/0
AmmunitionDef fromJSON
RegisterAmmunition CustomAmmoCategory(MML/LRM) for Ammunition_MML_Tandem
Registring extAmmoDef Ammunition_MML_Tandem D/H/A -2/0/0
AmmunitionDef fromJSON
RegisterAmmunition CustomAmmoCategory(MRM/LRM) for Ammunition_MRM
Registring extAmmoDef Ammunition_MRM D/H/A 0/0/0
AmmunitionDef fromJSON
RegisterAmmunition CustomAmmoCategory(MRM/LRM) for Ammunition_MRM_Improved
Registring extAmmoDef Ammunition_MRM_Improved D/H/A 0/0/-2
AmmunitionDef fromJSON
RegisterAmmunition CustomAmmoCategory(NotSet/NotSet) for Ammunition_Narc_Beacon
[{"durationData":{"duration":2,"ticksOnActivations":true,"useActivationsOfTarget":true,"ticksOnEndOfRound":false,"ticksOnMovements":false,"stackLimit":10,"clearedWhenAttacked":false},"targetingData":{"effectTriggerType":2,"triggerLimit":0,"extendDurationOnTrigger":0,"specialRules":0,"effectTargetType":0,"range":0.0,"forcePathRebuild":false,"forceVisRebuild":false,"showInTargetPreview":false,"showInStatusPanel":true,"effectTargetsCreator":false},"effectType":1,"Description":{"Id":null,"Name":null,"Details":null,"Icon":null},"nature":2,"statisticData":{"appliesEachTick":false,"effectsPersistAfterDestruction":false,"statName":"ToHitThisActor","operation":10,"modValue":"-1.0","modType":"System.Single","additionalRules":0,"targetCollection":0,"targetWeaponCategory":0,"targetWeaponType":0,"targetAmmoCategory":0,"targetWeaponSubType":0},"tagData":{"tagList":["lv-narc-effect_m10"]},"floatieData":null,"actorBurningData":null,"vfxData":null,"instantModData":null,"poorlyMaintainedEffectData":null}]
Registring extAmmoDef Ammunition_Narc_Beacon D/H/A 0/0/0
AmmunitionDef fromJSON
RegisterAmmunition CustomAmmoCategory(NotSet/NotSet) for Ammunition_Narc_Beacon_Improved
[{"durationData":{"duration":2,"ticksOnActivations":true,"useActivationsOfTarget":true,"ticksOnEndOfRound":false,"ticksOnMovements":false,"stackLimit":10,"clearedWhenAttacked":false},"targetingData":{"effectTriggerType":2,"triggerLimit":0,"extendDurationOnTrigger":0,"specialRules":0,"effectTargetType":0,"range":0.0,"forcePathRebuild":false,"forceVisRebuild":false,"showInTargetPreview":false,"showInStatusPanel":true,"effectTargetsCreator":false},"effectType":1,"Description":{"Id":null,"Name":null,"Details":null,"Icon":null},"nature":2,"statisticData":{"appliesEachTick":false,"effectsPersistAfterDestruction":false,"statName":"ToHitThisActor","operation":10,"modValue":"-1.0","modType":"System.Single","additionalRules":0,"targetCollection":0,"targetWeaponCategory":0,"targetWeaponType":0,"targetAmmoCategory":0,"targetWeaponSubType":0},"tagData":{"tagList":["lv-narc-effect_m15"]},"floatieData":null,"actorBurningData":null,"vfxData":null,"instantModData":null,"poorlyMaintainedEffectData":null}]
Registring extAmmoDef Ammunition_Narc_Beacon_Improved D/H/A 0/0/0
AmmunitionDef fromJSON
RegisterAmmunition CustomAmmoCategory(NotSet/NotSet) for Ammunition_Narc_Haywire
[{"durationData":{"duration":2,"ticksOnActivations":true,"useActivationsOfTarget":true,"ticksOnEndOfRound":false,"ticksOnMovements":false,"stackLimit":6,"clearedWhenAttacked":false},"targetingData":{"effectTriggerType":2,"triggerLimit":0,"extendDurationOnTrigger":0,"specialRules":0,"effectTargetType":0,"range":0.0,"forcePathRebuild":false,"forceVisRebuild":false,"showInTargetPreview":false,"showInStatusPanel":true,"effectTargetsCreator":false},"effectType":1,"Description":{"Id":null,"Name":null,"Details":null,"Icon":null},"nature":2,"statisticData":{"appliesEachTick":false,"effectsPersistAfterDestruction":false,"statName":"AccuracyModifier","operation":10,"modValue":"1.0","modType":"System.Single","additionalRules":0,"targetCollection":0,"targetWeaponCategory":0,"targetWeaponType":0,"targetAmmoCategory":0,"targetWeaponSubType":0},"tagData":null,"floatieData":null,"actorBurningData":null,"vfxData":null,"instantModData":null,"poorlyMaintainedEffectData":null},{"durationData":{"duration":2,"ticksOnActivations":true,"useActivationsOfTarget":true,"ticksOnEndOfRound":false,"ticksOnMovements":false,"stackLimit":6,"clearedWhenAttacked":false},"targetingData":{"effectTriggerType":2,"triggerLimit":0,"extendDurationOnTrigger":0,"specialRules":0,"effectTargetType":0,"range":0.0,"forcePathRebuild":false,"forceVisRebuild":false,"showInTargetPreview":false,"showInStatusPanel":false,"effectTargetsCreator":false},"effectType":1,"Description":{"Id":null,"Name":null,"Details":null,"Icon":null},"nature":2,"statisticData":{"appliesEachTick":false,"effectsPersistAfterDestruction":false,"statName":"WalkSpeed","operation":12,"modValue":"0.85","modType":"System.Single","additionalRules":0,"targetCollection":0,"targetWeaponCategory":0,"targetWeaponType":0,"targetAmmoCategory":0,"targetWeaponSubType":0},"tagData":null,"floatieData":null,"actorBurningData":null,"vfxData":null,"instantModData":null,"poorlyMaintainedEffectData":null},{"durationData":{"duration":2,"ticksOnActivations":true,"useActivationsOfTarget":true,"ticksOnEndOfRound":false,"ticksOnMovements":false,"stackLimit":6,"clearedWhenAttacked":false},"targetingData":{"effectTriggerType":2,"triggerLimit":0,"extendDurationOnTrigger":0,"specialRules":0,"effectTargetType":0,"range":0.0,"forcePathRebuild":false,"forceVisRebuild":false,"showInTargetPreview":false,"showInStatusPanel":false,"effectTargetsCreator":false},"effectType":1,"Description":{"Id":null,"Name":null,"Details":null,"Icon":null},"nature":2,"statisticData":{"appliesEachTick":false,"effectsPersistAfterDestruction":false,"statName":"RunSpeed","operation":12,"modValue":"0.85","modType":"System.Single","additionalRules":0,"targetCollection":0,"targetWeaponCategory":0,"targetWeaponType":0,"targetAmmoCategory":0,"targetWeaponSubType":0},"tagData":null,"floatieData":null,"actorBurningData":null,"vfxData":null,"instantModData":null,"poorlyMaintainedEffectData":null},{"durationData":{"duration":2,"ticksOnActivations":true,"useActivationsOfTarget":true,"ticksOnEndOfRound":false,"ticksOnMovements":false,"stackLimit":6,"clearedWhenAttacked":false},"targetingData":{"effectTriggerType":2,"triggerLimit":0,"extendDurationOnTrigger":0,"specialRules":0,"effectTargetType":2,"range":0.0,"forcePathRebuild":false,"forceVisRebuild":false,"showInTargetPreview":false,"showInStatusPanel":false,"effectTargetsCreator":false},"effectType":1,"Description":{"Id":null,"Name":null,"Details":null,"Icon":null},"nature":2,"statisticData":{"appliesEachTick":false,"effectsPersistAfterDestruction":false,"statName":"HeatGenerated","operation":12,"modValue":"1.2","modType":"System.Single","additionalRules":0,"targetCollection":2,"targetWeaponCategory":0,"targetWeaponType":0,"targetAmmoCategory":0,"targetWeaponSubType":0},"tagData":null,"floatieData":null,"actorBurningData":null,"vfxData":null,"instantModData":null,"poorlyMaintainedEffectData":null}]
Registring extAmmoDef Ammunition_Narc_Haywire D/H/A 0/0/0
AmmunitionDef fromJSON
RegisterAmmunition CustomAmmoCategory(Plasma/GAUSS) for Ammunition_Plasma
Registring extAmmoDef Ammunition_Plasma D/H/A 0/0/0
AmmunitionDef fromJSON
RegisterAmmunition CustomAmmoCategory(RAC10/AC10) for Ammunition_RAC10
Registring extAmmoDef Ammunition_RAC10 D/H/A 0/0/0
AmmunitionDef fromJSON
RegisterAmmunition CustomAmmoCategory(RAC2/AC2) for Ammunition_RAC2
Registring extAmmoDef Ammunition_RAC2 D/H/A 0/0/0
AmmunitionDef fromJSON
RegisterAmmunition CustomAmmoCategory(RAC20/AC20) for Ammunition_RAC20
Registring extAmmoDef Ammunition_RAC20 D/H/A 0/0/0
AmmunitionDef fromJSON
RegisterAmmunition CustomAmmoCategory(RAC5/AC5) for Ammunition_RAC5
Registring extAmmoDef Ammunition_RAC5 D/H/A 0/0/0
AmmunitionDef fromJSON
RegisterAmmunition CustomAmmoCategory(Railgun/GAUSS) for Ammunition_Railgun
Registring extAmmoDef Ammunition_Railgun D/H/A 0/0/0
AmmunitionDef fromJSON
RegisterAmmunition CustomAmmoCategory(RifleHeavy/AC20) for Ammunition_RifleHeavy
Registring extAmmoDef Ammunition_RifleHeavy D/H/A 0/0/0
AmmunitionDef fromJSON
RegisterAmmunition CustomAmmoCategory(RifleLight/AC5) for Ammunition_RifleLight
Registring extAmmoDef Ammunition_RifleLight D/H/A 0/0/0
AmmunitionDef fromJSON
RegisterAmmunition CustomAmmoCategory(RifleMedium/AC10) for Ammunition_RifleMedium
Registring extAmmoDef Ammunition_RifleMedium D/H/A 0/0/0
AmmunitionDef fromJSON
RegisterAmmunition CustomAmmoCategory(RiflePot/AC2) for Ammunition_RiflePot
Registring extAmmoDef Ammunition_RiflePot D/H/A 0/0/0
AmmunitionDef fromJSON
RegisterAmmunition CustomAmmoCategory(Sniper/AC20) for Ammunition_Sniper
Registring extAmmoDef Ammunition_Sniper D/H/A 0/0/0
AmmunitionDef fromJSON
RegisterAmmunition CustomAmmoCategory(SRM/SRM) for Ammunition_SRM_ArtemisIV
Registring extAmmoDef Ammunition_SRM_ArtemisIV D/H/A 0/0/0
AmmunitionDef fromJSON
RegisterAmmunition CustomAmmoCategory(SRM/SRM) for Ammunition_SRM_Deadfire
Registring extAmmoDef Ammunition_SRM_Deadfire D/H/A 4/0/1
AmmunitionDef fromJSON
RegisterAmmunition CustomAmmoCategory(STREAKSRM/SRM) for Ammunition_SRM_Streak
Registring extAmmoDef Ammunition_SRM_Streak D/H/A 0/0/0
AmmunitionDef fromJSON
RegisterAmmunition CustomAmmoCategory(SRM/SRM) for Ammunition_SRM_Tandem
Registring extAmmoDef Ammunition_SRM_Tandem D/H/A -4/0/0
AmmunitionDef fromJSON
RegisterAmmunition CustomAmmoCategory(Taser/MG) for Ammunition_Taser
Registring extAmmoDef Ammunition_Taser D/H/A 0/0/0
AmmunitionDef fromJSON
RegisterAmmunition CustomAmmoCategory(TBOLT10/LRM) for Ammunition_TBOLT10
Registring extAmmoDef Ammunition_TBOLT10 D/H/A 0/0/0
AmmunitionDef fromJSON
RegisterAmmunition CustomAmmoCategory(TBOLT10/LRM) for Ammunition_TBOLT10_Thermo
[{"durationData":{"duration":4,"ticksOnActivations":true,"useActivationsOfTarget":true,"ticksOnEndOfRound":false,"ticksOnMovements":false,"stackLimit":1,"clearedWhenAttacked":false},"targetingData":{"effectTriggerType":2,"triggerLimit":0,"extendDurationOnTrigger":2,"specialRules":0,"effectTargetType":0,"range":0.0,"forcePathRebuild":false,"forceVisRebuild":false,"showInTargetPreview":true,"showInStatusPanel":true,"effectTargetsCreator":false},"effectType":1,"Description":{"Id":null,"Name":null,"Details":null,"Icon":null},"nature":2,"statisticData":{"appliesEachTick":false,"effectsPersistAfterDestruction":false,"statName":"HeatSinkCapacity","operation":2,"modValue":"10","modType":"System.Int32","additionalRules":0,"targetCollection":0,"targetWeaponCategory":0,"targetWeaponType":0,"targetAmmoCategory":0,"targetWeaponSubType":0},"tagData":null,"floatieData":null,"actorBurningData":null,"vfxData":null,"instantModData":null,"poorlyMaintainedEffectData":null}]
Registring extAmmoDef Ammunition_TBOLT10_Thermo D/H/A -25/25/0
AmmunitionDef fromJSON
RegisterAmmunition CustomAmmoCategory(TBOLT15/LRM) for Ammunition_TBOLT15
Registring extAmmoDef Ammunition_TBOLT15 D/H/A 0/0/0
AmmunitionDef fromJSON
RegisterAmmunition CustomAmmoCategory(TBOLT15/LRM) for Ammunition_TBOLT15_Thermo
[{"durationData":{"duration":4,"ticksOnActivations":true,"useActivationsOfTarget":true,"ticksOnEndOfRound":false,"ticksOnMovements":false,"stackLimit":1,"clearedWhenAttacked":false},"targetingData":{"effectTriggerType":2,"triggerLimit":0,"extendDurationOnTrigger":2,"specialRules":0,"effectTargetType":0,"range":0.0,"forcePathRebuild":false,"forceVisRebuild":false,"showInTargetPreview":true,"showInStatusPanel":true,"effectTargetsCreator":false},"effectType":1,"Description":{"Id":null,"Name":null,"Details":null,"Icon":null},"nature":2,"statisticData":{"appliesEachTick":false,"effectsPersistAfterDestruction":false,"statName":"HeatSinkCapacity","operation":2,"modValue":"15","modType":"System.Int32","additionalRules":0,"targetCollection":0,"targetWeaponCategory":0,"targetWeaponType":0,"targetAmmoCategory":0,"targetWeaponSubType":0},"tagData":null,"floatieData":null,"actorBurningData":null,"vfxData":null,"instantModData":null,"poorlyMaintainedEffectData":null}]
Registring extAmmoDef Ammunition_TBOLT15_Thermo D/H/A -38/38/0
AmmunitionDef fromJSON
RegisterAmmunition CustomAmmoCategory(TBOLT20/LRM) for Ammunition_TBOLT20
Registring extAmmoDef Ammunition_TBOLT20 D/H/A 0/0/0
AmmunitionDef fromJSON
RegisterAmmunition CustomAmmoCategory(TBOLT20/LRM) for Ammunition_TBOLT20_Thermo
[{"durationData":{"duration":4,"ticksOnActivations":true,"useActivationsOfTarget":true,"ticksOnEndOfRound":false,"ticksOnMovements":false,"stackLimit":1,"clearedWhenAttacked":false},"targetingData":{"effectTriggerType":2,"triggerLimit":0,"extendDurationOnTrigger":2,"specialRules":0,"effectTargetType":0,"range":0.0,"forcePathRebuild":false,"forceVisRebuild":false,"showInTargetPreview":true,"showInStatusPanel":true,"effectTargetsCreator":false},"effectType":1,"Description":{"Id":null,"Name":null,"Details":null,"Icon":null},"nature":2,"statisticData":{"appliesEachTick":false,"effectsPersistAfterDestruction":false,"statName":"HeatSinkCapacity","operation":2,"modValue":"20","modType":"System.Int32","additionalRules":0,"targetCollection":0,"targetWeaponCategory":0,"targetWeaponType":0,"targetAmmoCategory":0,"targetWeaponSubType":0},"tagData":null,"floatieData":null,"actorBurningData":null,"vfxData":null,"instantModData":null,"poorlyMaintainedEffectData":null}]
Registring extAmmoDef Ammunition_TBOLT20_Thermo D/H/A -50/50/0
AmmunitionDef fromJSON
RegisterAmmunition CustomAmmoCategory(TBOLT5/LRM) for Ammunition_TBOLT5
Registring extAmmoDef Ammunition_TBOLT5 D/H/A 0/0/0
AmmunitionDef fromJSON
RegisterAmmunition CustomAmmoCategory(TBOLT5/LRM) for Ammunition_TBOLT5_Thermo
[{"durationData":{"duration":4,"ticksOnActivations":true,"useActivationsOfTarget":true,"ticksOnEndOfRound":false,"ticksOnMovements":false,"stackLimit":1,"clearedWhenAttacked":false},"targetingData":{"effectTriggerType":2,"triggerLimit":0,"extendDurationOnTrigger":2,"specialRules":0,"effectTargetType":0,"range":0.0,"forcePathRebuild":false,"forceVisRebuild":false,"showInTargetPreview":true,"showInStatusPanel":true,"effectTargetsCreator":false},"effectType":1,"Description":{"Id":null,"Name":null,"Details":null,"Icon":null},"nature":2,"statisticData":{"appliesEachTick":false,"effectsPersistAfterDestruction":false,"statName":"HeatSinkCapacity","operation":2,"modValue":"5","modType":"System.Int32","additionalRules":0,"targetCollection":0,"targetWeaponCategory":0,"targetWeaponType":0,"targetAmmoCategory":0,"targetWeaponSubType":0},"tagData":null,"floatieData":null,"actorBurningData":null,"vfxData":null,"instantModData":null,"poorlyMaintainedEffectData":null}]
Registring extAmmoDef Ammunition_TBOLT5_Thermo D/H/A -15/15/0
AmmunitionDef fromJSON
RegisterAmmunition CustomAmmoCategory(Thumper/AC10) for Ammunition_Thumper
Registring extAmmoDef Ammunition_Thumper D/H/A 0/0/0
AmmunitionDef fromJSON
RegisterAmmunition CustomAmmoCategory(UAC10/AC10) for Ammunition_UAC10
Registring extAmmoDef Ammunition_UAC10 D/H/A 0/0/0
AmmunitionDef fromJSON
RegisterAmmunition CustomAmmoCategory(UAC2/AC2) for Ammunition_UAC2
Registring extAmmoDef Ammunition_UAC2 D/H/A 0/0/0
AmmunitionDef fromJSON
RegisterAmmunition CustomAmmoCategory(UAC20/AC20) for Ammunition_UAC20
Registring extAmmoDef Ammunition_UAC20 D/H/A 0/0/0
AmmunitionDef fromJSON
RegisterAmmunition CustomAmmoCategory(UAC5/AC5) for Ammunition_UAC5
Registring extAmmoDef Ammunition_UAC5 D/H/A 0/0/0
WeaponDef fromJSON
RegisterWeapon CustomAmmoCategory(AC10/AC10) for Weapon_Autocannon_AC10_0-STOCK
WeaponDef fromJSON
RegisterWeapon CustomAmmoCategory(AC10/AC10) for Weapon_Autocannon_AC10_1-Defiance
WeaponDef fromJSON
RegisterWeapon CustomAmmoCategory(AC10/AC10) for Weapon_Autocannon_AC10_1-Imperator
WeaponDef fromJSON
RegisterWeapon CustomAmmoCategory(AC10/AC10) for Weapon_Autocannon_AC10_1-Kali_Yama
WeaponDef fromJSON
RegisterWeapon CustomAmmoCategory(AC10/AC10) for Weapon_Autocannon_AC10_1-Mydron
WeaponDef fromJSON
RegisterWeapon CustomAmmoCategory(AC10/AC10) for Weapon_Autocannon_AC10_2-Defiance
WeaponDef fromJSON
RegisterWeapon CustomAmmoCategory(AC10/AC10) for Weapon_Autocannon_AC10_2-Federated
WeaponDef fromJSON
RegisterWeapon CustomAmmoCategory(AC10/AC10) for Weapon_Autocannon_AC10_2-Imperator
WeaponDef fromJSON
RegisterWeapon CustomAmmoCategory(AC10/AC10) for Weapon_Autocannon_AC10_2-Kali_Yama
WeaponDef fromJSON
RegisterWeapon CustomAmmoCategory(AC10/AC10) for Weapon_Autocannon_AC10_2-Mydron
WeaponDef fromJSON
RegisterWeapon CustomAmmoCategory(AC10/AC10) for Weapon_Autocannon_AC10_3-Federated
WeaponDef fromJSON
RegisterWeapon CustomAmmoCategory(AC20/AC20) for Weapon_Autocannon_AC20_0-STOCK
WeaponDef fromJSON
RegisterWeapon CustomAmmoCategory(AC20/AC20) for Weapon_Autocannon_AC20_1-Defiance
WeaponDef fromJSON
RegisterWeapon CustomAmmoCategory(AC20/AC20) for Weapon_Autocannon_AC20_1-Federated
WeaponDef fromJSON
RegisterWeapon CustomAmmoCategory(AC20/AC20) for Weapon_Autocannon_AC20_1-Imperator
WeaponDef fromJSON
RegisterWeapon CustomAmmoCategory(AC20/AC20) for Weapon_Autocannon_AC20_1-Mydron
WeaponDef fromJSON
RegisterWeapon CustomAmmoCategory(AC20/AC20) for Weapon_Autocannon_AC20_2-Defiance
WeaponDef fromJSON
RegisterWeapon CustomAmmoCategory(AC20/AC20) for Weapon_Autocannon_AC20_2-Federated
WeaponDef fromJSON
RegisterWeapon CustomAmmoCategory(AC20/AC20) for Weapon_Autocannon_AC20_2-Imperator
WeaponDef fromJSON
RegisterWeapon CustomAmmoCategory(AC20/AC20) for Weapon_Autocannon_AC20_2-Kali_Yama
WeaponDef fromJSON
RegisterWeapon CustomAmmoCategory(AC20/AC20) for Weapon_Autocannon_AC20_2-Mydron
WeaponDef fromJSON
RegisterWeapon CustomAmmoCategory(AC20/AC20) for Weapon_Autocannon_AC20_3-Kali_Yama
WeaponDef fromJSON
RegisterWeapon CustomAmmoCategory(AC2/AC2) for Weapon_Autocannon_AC2_0-STOCK
WeaponDef fromJSON
RegisterWeapon CustomAmmoCategory(AC2/AC2) for Weapon_Autocannon_AC2_1-Defiance
WeaponDef fromJSON
RegisterWeapon CustomAmmoCategory(AC2/AC2) for Weapon_Autocannon_AC2_1-Federated
WeaponDef fromJSON
RegisterWeapon CustomAmmoCategory(AC2/AC2) for Weapon_Autocannon_AC2_1-Kali_Yama
WeaponDef fromJSON
RegisterWeapon CustomAmmoCategory(AC2/AC2) for Weapon_Autocannon_AC2_1-Mydron
WeaponDef fromJSON
RegisterWeapon CustomAmmoCategory(AC2/AC2) for Weapon_Autocannon_AC2_2-Defiance
WeaponDef fromJSON
RegisterWeapon CustomAmmoCategory(AC2/AC2) for Weapon_Autocannon_AC2_2-Federated
WeaponDef fromJSON
RegisterWeapon CustomAmmoCategory(AC2/AC2) for Weapon_Autocannon_AC2_2-Imperator
WeaponDef fromJSON
RegisterWeapon CustomAmmoCategory(AC2/AC2) for Weapon_Autocannon_AC2_2-Kali_Yama
WeaponDef fromJSON
RegisterWeapon CustomAmmoCategory(AC2/AC2) for Weapon_Autocannon_AC2_2-Mydron
WeaponDef fromJSON
RegisterWeapon CustomAmmoCategory(AC2/AC2) for Weapon_Autocannon_AC2_3-Imperator
WeaponDef fromJSON
RegisterWeapon CustomAmmoCategory(AC5/AC5) for Weapon_Autocannon_AC5_1-Defiance
WeaponDef fromJSON
RegisterWeapon CustomAmmoCategory(AC5/AC5) for Weapon_Autocannon_AC5_1-Federated
WeaponDef fromJSON
RegisterWeapon CustomAmmoCategory(AC5/AC5) for Weapon_Autocannon_AC5_1-Imperator
WeaponDef fromJSON
RegisterWeapon CustomAmmoCategory(AC5/AC5) for Weapon_Autocannon_AC5_1-Kali_Yama
WeaponDef fromJSON
RegisterWeapon CustomAmmoCategory(AC5/AC5) for Weapon_Autocannon_AC5_2-Defiance
WeaponDef fromJSON
RegisterWeapon CustomAmmoCategory(AC5/AC5) for Weapon_Autocannon_AC5_2-Federated
WeaponDef fromJSON
RegisterWeapon CustomAmmoCategory(AC5/AC5) for Weapon_Autocannon_AC5_2-Imperator
WeaponDef fromJSON
RegisterWeapon CustomAmmoCategory(AC5/AC5) for Weapon_Autocannon_AC5_2-Kali_Yama
WeaponDef fromJSON
RegisterWeapon CustomAmmoCategory(AC5/AC5) for Weapon_Autocannon_AC5_2-Mydron
WeaponDef fromJSON
RegisterWeapon CustomAmmoCategory(AC5/AC5) for Weapon_Autocannon_AC5_3-Mydron
WeaponDef fromJSON
RegisterWeapon CustomAmmoCategory(NotSet/NotSet) for Weapon_Flamer_Flamer_0-STOCK
WeaponDef fromJSON
RegisterWeapon CustomAmmoCategory(NotSet/NotSet) for Weapon_Flamer_Flamer_1-Hotshot
WeaponDef fromJSON
RegisterWeapon CustomAmmoCategory(NotSet/NotSet) for Weapon_Flamer_Flamer_2-Olympus
WeaponDef fromJSON
RegisterWeapon CustomAmmoCategory(GAUSS/GAUSS) for Weapon_Gauss_Gauss_0-STOCK
WeaponDef fromJSON
RegisterWeapon CustomAmmoCategory(NotSet/NotSet) for Weapon_Laser_LargeLaserER_0-STOCK
WeaponDef fromJSON
RegisterWeapon CustomAmmoCategory(NotSet/NotSet) for Weapon_Laser_LargeLaserPulse_0-STOCK
WeaponDef fromJSON
RegisterWeapon CustomAmmoCategory(NotSet/NotSet) for Weapon_Laser_LargeLaser_0-STOCK
WeaponDef fromJSON
RegisterWeapon CustomAmmoCategory(NotSet/NotSet) for Weapon_Laser_LargeLaser_1-Diverse_Optics
WeaponDef fromJSON
RegisterWeapon CustomAmmoCategory(NotSet/NotSet) for Weapon_Laser_LargeLaser_1-ExoStar
WeaponDef fromJSON
RegisterWeapon CustomAmmoCategory(NotSet/NotSet) for Weapon_Laser_LargeLaser_1-Intek
WeaponDef fromJSON
RegisterWeapon CustomAmmoCategory(NotSet/NotSet) for Weapon_Laser_LargeLaser_2-Diverse_Optics
WeaponDef fromJSON
RegisterWeapon CustomAmmoCategory(NotSet/NotSet) for Weapon_Laser_LargeLaser_2-ExoStar
WeaponDef fromJSON
RegisterWeapon CustomAmmoCategory(NotSet/NotSet) for Weapon_Laser_LargeLaser_2-Intek
WeaponDef fromJSON
RegisterWeapon CustomAmmoCategory(NotSet/NotSet) for Weapon_Laser_LargeLaser_2-Magna
WeaponDef fromJSON
RegisterWeapon CustomAmmoCategory(NotSet/NotSet) for Weapon_Laser_LargeLaser_3-Magna
WeaponDef fromJSON
RegisterWeapon CustomAmmoCategory(NotSet/NotSet) for Weapon_Laser_MediumLaserER_0-STOCK
WeaponDef fromJSON
RegisterWeapon CustomAmmoCategory(NotSet/NotSet) for Weapon_Laser_MediumLaserPulse_0-STOCK
WeaponDef fromJSON
RegisterWeapon CustomAmmoCategory(NotSet/NotSet) for Weapon_Laser_MediumLaser_1-ExoStar
WeaponDef fromJSON
RegisterWeapon CustomAmmoCategory(NotSet/NotSet) for Weapon_Laser_MediumLaser_1-Intek
WeaponDef fromJSON
RegisterWeapon CustomAmmoCategory(NotSet/NotSet) for Weapon_Laser_MediumLaser_1-Magna
WeaponDef fromJSON
RegisterWeapon CustomAmmoCategory(NotSet/NotSet) for Weapon_Laser_MediumLaser_2-Diverse_Optics
WeaponDef fromJSON
RegisterWeapon CustomAmmoCategory(NotSet/NotSet) for Weapon_Laser_MediumLaser_2-ExoStar
WeaponDef fromJSON
RegisterWeapon CustomAmmoCategory(NotSet/NotSet) for Weapon_Laser_MediumLaser_2-Intek
WeaponDef fromJSON
RegisterWeapon CustomAmmoCategory(NotSet/NotSet) for Weapon_Laser_MediumLaser_2-Magna
WeaponDef fromJSON
RegisterWeapon CustomAmmoCategory(NotSet/NotSet) for Weapon_Laser_MediumLaser_3-Diverse_Optics
WeaponDef fromJSON
RegisterWeapon CustomAmmoCategory(NotSet/NotSet) for Weapon_Laser_SmallLaserER_0-STOCK
WeaponDef fromJSON
RegisterWeapon CustomAmmoCategory(NotSet/NotSet) for Weapon_Laser_SmallLaserPulse_0-STOCK
WeaponDef fromJSON
RegisterWeapon CustomAmmoCategory(NotSet/NotSet) for Weapon_Laser_SmallLaser_0-STOCK
WeaponDef fromJSON
RegisterWeapon CustomAmmoCategory(NotSet/NotSet) for Weapon_Laser_SmallLaser_1-Diverse_Optics
WeaponDef fromJSON
RegisterWeapon CustomAmmoCategory(NotSet/NotSet) for Weapon_Laser_SmallLaser_1-ExoStar
WeaponDef fromJSON
RegisterWeapon CustomAmmoCategory(NotSet/NotSet) for Weapon_Laser_SmallLaser_1-Magna
WeaponDef fromJSON
RegisterWeapon CustomAmmoCategory(NotSet/NotSet) for Weapon_Laser_SmallLaser_2-Diverse_Optics
WeaponDef fromJSON
RegisterWeapon CustomAmmoCategory(NotSet/NotSet) for Weapon_Laser_SmallLaser_2-ExoStar
WeaponDef fromJSON
RegisterWeapon CustomAmmoCategory(NotSet/NotSet) for Weapon_Laser_SmallLaser_2-Intek
WeaponDef fromJSON
RegisterWeapon CustomAmmoCategory(NotSet/NotSet) for Weapon_Laser_SmallLaser_2-Magna
WeaponDef fromJSON
RegisterWeapon CustomAmmoCategory(NotSet/NotSet) for Weapon_Laser_SmallLaser_3-Intek
WeaponDef fromJSON
RegisterWeapon CustomAmmoCategory(LRM/LRM) for Weapon_LRM_LRM10_0-STOCK
WeaponDef fromJSON
RegisterWeapon CustomAmmoCategory(LRM/LRM) for Weapon_LRM_LRM10_1-Delta
WeaponDef fromJSON
RegisterWeapon CustomAmmoCategory(LRM/LRM) for Weapon_LRM_LRM10_1-LongFire
WeaponDef fromJSON
RegisterWeapon CustomAmmoCategory(LRM/LRM) for Weapon_LRM_LRM10_1-Telos
WeaponDef fromJSON
RegisterWeapon CustomAmmoCategory(LRM/LRM) for Weapon_LRM_LRM10_2-Delta
WeaponDef fromJSON
RegisterWeapon CustomAmmoCategory(LRM/LRM) for Weapon_LRM_LRM10_2-LongFire
WeaponDef fromJSON
RegisterWeapon CustomAmmoCategory(LRM/LRM) for Weapon_LRM_LRM10_2-Telos
WeaponDef fromJSON
RegisterWeapon CustomAmmoCategory(LRM/LRM) for Weapon_LRM_LRM10_2-Zeus
WeaponDef fromJSON
RegisterWeapon CustomAmmoCategory(LRM/LRM) for Weapon_LRM_LRM10_3-Zeus
WeaponDef fromJSON
RegisterWeapon CustomAmmoCategory(LRM/LRM) for Weapon_LRM_LRM15_0-STOCK
WeaponDef fromJSON
RegisterWeapon CustomAmmoCategory(LRM/LRM) for Weapon_LRM_LRM15_1-Delta
WeaponDef fromJSON
RegisterWeapon CustomAmmoCategory(LRM/LRM) for Weapon_LRM_LRM15_1-LongFire
WeaponDef fromJSON
RegisterWeapon CustomAmmoCategory(LRM/LRM) for Weapon_LRM_LRM15_1-Telos
WeaponDef fromJSON
RegisterWeapon CustomAmmoCategory(LRM/LRM) for Weapon_LRM_LRM15_2-Delta
WeaponDef fromJSON
RegisterWeapon CustomAmmoCategory(LRM/LRM) for Weapon_LRM_LRM15_2-LongFire
WeaponDef fromJSON
RegisterWeapon CustomAmmoCategory(LRM/LRM) for Weapon_LRM_LRM15_2-Telos
WeaponDef fromJSON
RegisterWeapon CustomAmmoCategory(LRM/LRM) for Weapon_LRM_LRM15_2-Zeus
WeaponDef fromJSON
RegisterWeapon CustomAmmoCategory(LRM/LRM) for Weapon_LRM_LRM15_3-Zeus
WeaponDef fromJSON
RegisterWeapon CustomAmmoCategory(LRM/LRM) for Weapon_LRM_LRM20_0-STOCK
WeaponDef fromJSON
RegisterWeapon CustomAmmoCategory(LRM/LRM) for Weapon_LRM_LRM20_1-Delta
WeaponDef fromJSON
RegisterWeapon CustomAmmoCategory(LRM/LRM) for Weapon_LRM_LRM20_1-LongFire
WeaponDef fromJSON
RegisterWeapon CustomAmmoCategory(LRM/LRM) for Weapon_LRM_LRM20_1-Telos
WeaponDef fromJSON
RegisterWeapon CustomAmmoCategory(LRM/LRM) for Weapon_LRM_LRM20_2-Delta
WeaponDef fromJSON
RegisterWeapon CustomAmmoCategory(LRM/LRM) for Weapon_LRM_LRM20_2-LongFire
WeaponDef fromJSON
RegisterWeapon CustomAmmoCategory(LRM/LRM) for Weapon_LRM_LRM20_2-Telos
WeaponDef fromJSON
RegisterWeapon CustomAmmoCategory(LRM/LRM) for Weapon_LRM_LRM20_2-Zeus
WeaponDef fromJSON
RegisterWeapon CustomAmmoCategory(LRM/LRM) for Weapon_LRM_LRM20_3-Zeus
WeaponDef fromJSON
RegisterWeapon CustomAmmoCategory(LRM/LRM) for Weapon_LRM_LRM5_1-Delta
WeaponDef fromJSON
RegisterWeapon CustomAmmoCategory(LRM/LRM) for Weapon_LRM_LRM5_1-LongFire
WeaponDef fromJSON
RegisterWeapon CustomAmmoCategory(LRM/LRM) for Weapon_LRM_LRM5_1-Telos
WeaponDef fromJSON
RegisterWeapon CustomAmmoCategory(LRM/LRM) for Weapon_LRM_LRM5_2-Delta
WeaponDef fromJSON
RegisterWeapon CustomAmmoCategory(LRM/LRM) for Weapon_LRM_LRM5_2-LongFire
WeaponDef fromJSON
RegisterWeapon CustomAmmoCategory(LRM/LRM) for Weapon_LRM_LRM5_2-Telos
WeaponDef fromJSON
RegisterWeapon CustomAmmoCategory(LRM/LRM) for Weapon_LRM_LRM5_2-Zeus
WeaponDef fromJSON
RegisterWeapon CustomAmmoCategory(LRM/LRM) for Weapon_LRM_LRM5_3-Zeus
WeaponDef fromJSON
RegisterWeapon CustomAmmoCategory(MG/MG) for Weapon_MachineGun_MachineGun_0-STOCK
WeaponDef fromJSON
RegisterWeapon CustomAmmoCategory(NotSet/NotSet) for Weapon_PPC_PPCER_0-STOCK
WeaponDef fromJSON
RegisterWeapon CustomAmmoCategory(NotSet/NotSet) for Weapon_PPC_PPC_0-STOCK
WeaponDef fromJSON
RegisterWeapon CustomAmmoCategory(NotSet/NotSet) for Weapon_PPC_PPC_1-Ceres_Arms
WeaponDef fromJSON
RegisterWeapon CustomAmmoCategory(NotSet/NotSet) for Weapon_PPC_PPC_1-Donal
WeaponDef fromJSON
RegisterWeapon CustomAmmoCategory(NotSet/NotSet) for Weapon_PPC_PPC_1-Tiegart
WeaponDef fromJSON
RegisterWeapon CustomAmmoCategory(NotSet/NotSet) for Weapon_PPC_PPC_2-Ceres_Arms
WeaponDef fromJSON
RegisterWeapon CustomAmmoCategory(NotSet/NotSet) for Weapon_PPC_PPC_2-Donal
WeaponDef fromJSON
RegisterWeapon CustomAmmoCategory(NotSet/NotSet) for Weapon_PPC_PPC_2-Tiegart
WeaponDef fromJSON
RegisterWeapon CustomAmmoCategory(SRM/SRM) for Weapon_SRM_SRM2_1-Holly
WeaponDef fromJSON
RegisterWeapon CustomAmmoCategory(SRM/SRM) for Weapon_SRM_SRM2_1-Irian
WeaponDef fromJSON
RegisterWeapon CustomAmmoCategory(SRM/SRM) for Weapon_SRM_SRM2_2-Holly
WeaponDef fromJSON
RegisterWeapon CustomAmmoCategory(SRM/SRM) for Weapon_SRM_SRM2_2-Irian
WeaponDef fromJSON
RegisterWeapon CustomAmmoCategory(SRM/SRM) for Weapon_SRM_SRM2_2-Valiant
WeaponDef fromJSON
RegisterWeapon CustomAmmoCategory(SRM/SRM) for Weapon_SRM_SRM2_3-Valiant
WeaponDef fromJSON
RegisterWeapon CustomAmmoCategory(SRM/SRM) for Weapon_SRM_SRM4_0-STOCK
WeaponDef fromJSON
RegisterWeapon CustomAmmoCategory(SRM/SRM) for Weapon_SRM_SRM4_1-Holly
WeaponDef fromJSON
RegisterWeapon CustomAmmoCategory(SRM/SRM) for Weapon_SRM_SRM4_1-Irian
WeaponDef fromJSON
RegisterWeapon CustomAmmoCategory(SRM/SRM) for Weapon_SRM_SRM4_2-Holly
WeaponDef fromJSON
RegisterWeapon CustomAmmoCategory(SRM/SRM) for Weapon_SRM_SRM4_2-Irian
WeaponDef fromJSON
RegisterWeapon CustomAmmoCategory(SRM/SRM) for Weapon_SRM_SRM4_2-Valiant
WeaponDef fromJSON
RegisterWeapon CustomAmmoCategory(SRM/SRM) for Weapon_SRM_SRM4_3-Valiant
WeaponDef fromJSON
RegisterWeapon CustomAmmoCategory(SRM/SRM) for Weapon_SRM_SRM6_0-STOCK
WeaponDef fromJSON
RegisterWeapon CustomAmmoCategory(SRM/SRM) for Weapon_SRM_SRM6_1-Holly
WeaponDef fromJSON
RegisterWeapon CustomAmmoCategory(SRM/SRM) for Weapon_SRM_SRM6_1-Irian
WeaponDef fromJSON
RegisterWeapon CustomAmmoCategory(SRM/SRM) for Weapon_SRM_SRM6_2-Holly
WeaponDef fromJSON
RegisterWeapon CustomAmmoCategory(SRM/SRM) for Weapon_SRM_SRM6_2-Irian
WeaponDef fromJSON
RegisterWeapon CustomAmmoCategory(SRM/SRM) for Weapon_SRM_SRM6_2-Valiant
WeaponDef fromJSON
RegisterWeapon CustomAmmoCategory(SRM/SRM) for Weapon_SRM_SRM6_3-Valiant
WeaponDef fromJSON
RegisterWeapon CustomAmmoCategory(GAUSS/GAUSS) for Weapon_Gauss_Gauss_1-M7
WeaponDef fromJSON
RegisterWeapon CustomAmmoCategory(GAUSS/GAUSS) for Weapon_Gauss_Gauss_2-M9
WeaponDef fromJSON
RegisterWeapon CustomAmmoCategory(NotSet/NotSet) for Weapon_Laser_LargeLaserER_1-Blankenburg25
WeaponDef fromJSON
RegisterWeapon CustomAmmoCategory(NotSet/NotSet) for Weapon_Laser_LargeLaserER_2-BlazeFire
WeaponDef fromJSON
RegisterWeapon CustomAmmoCategory(NotSet/NotSet) for Weapon_Laser_LargeLaserPulse_1-Thunderbolt12
WeaponDef fromJSON
RegisterWeapon CustomAmmoCategory(NotSet/NotSet) for Weapon_Laser_LargeLaserPulse_2-Exostar
WeaponDef fromJSON
RegisterWeapon CustomAmmoCategory(NotSet/NotSet) for Weapon_Laser_MediumLaserER_1-MagnaVI
WeaponDef fromJSON
RegisterWeapon CustomAmmoCategory(NotSet/NotSet) for Weapon_Laser_MediumLaserER_2-BrightBloom
WeaponDef fromJSON
RegisterWeapon CustomAmmoCategory(NotSet/NotSet) for Weapon_Laser_MediumLaserPulse_1-RakerIV
WeaponDef fromJSON
RegisterWeapon CustomAmmoCategory(NotSet/NotSet) for Weapon_Laser_MediumLaserPulse_2-Magna400P
WeaponDef fromJSON
RegisterWeapon CustomAmmoCategory(NotSet/NotSet) for Weapon_Laser_SmallLaserER_1-Diverse_Optics
WeaponDef fromJSON
RegisterWeapon CustomAmmoCategory(NotSet/NotSet) for Weapon_Laser_SmallLaserER_2-BlazeFire
WeaponDef fromJSON
RegisterWeapon CustomAmmoCategory(NotSet/NotSet) for Weapon_Laser_SmallLaserPulse_1-Maxell
WeaponDef fromJSON
RegisterWeapon CustomAmmoCategory(NotSet/NotSet) for Weapon_Laser_SmallLaserPulse_2-Magna200P
WeaponDef fromJSON
RegisterWeapon CustomAmmoCategory(NotSet/NotSet) for Weapon_PPC_PPCER_1-MagnaFirestar
WeaponDef fromJSON
RegisterWeapon CustomAmmoCategory(NotSet/NotSet) for Weapon_PPC_PPCER_2-TiegartMagnum
WeaponDef fromJSON
RegisterWeapon CustomAmmoCategory(ArrowIV/LRM) for Weapon_ArrowIV
WeaponDef fromJSON
RegisterWeapon CustomAmmoCategory(NotSet/NotSet) for Weapon_ArrowIV_ReportMe
WeaponDef fromJSON
RegisterWeapon CustomAmmoCategory(UAC10/AC10) for Weapon_Autocannon_AC10_0-Ultra
WeaponDef fromJSON
RegisterWeapon CustomAmmoCategory(LBX10/AC10) for Weapon_Autocannon_AC10_LBX
WeaponDef fromJSON
RegisterWeapon CustomAmmoCategory(RifleMedium/AC10) for Weapon_Autocannon_AC10_MRIFLE
WeaponDef fromJSON
RegisterWeapon CustomAmmoCategory(UAC20/AC20) for Weapon_Autocannon_AC20_0-Ultra
WeaponDef fromJSON
RegisterWeapon CustomAmmoCategory(RifleHeavy/AC20) for Weapon_Autocannon_AC20_HRIFLE
WeaponDef fromJSON
RegisterWeapon CustomAmmoCategory(LBX20/AC20) for Weapon_Autocannon_AC20_LBX
WeaponDef fromJSON
RegisterWeapon CustomAmmoCategory(UAC2/AC2) for Weapon_Autocannon_AC2_0-Ultra
WeaponDef fromJSON
RegisterWeapon CustomAmmoCategory(LBX2/AC2) for Weapon_Autocannon_AC2_LBX
WeaponDef fromJSON
RegisterWeapon CustomAmmoCategory(AC2/AC2) for Weapon_Autocannon_AC2_LIGHT
WeaponDef fromJSON
RegisterWeapon CustomAmmoCategory(RiflePot/AC2) for Weapon_Autocannon_AC2_PERRIFLE
WeaponDef fromJSON
RegisterWeapon CustomAmmoCategory(UAC5/AC5) for Weapon_Autocannon_AC5_0-Ultra
WeaponDef fromJSON
RegisterWeapon CustomAmmoCategory(LBX5/AC5) for Weapon_Autocannon_AC5_LBX
WeaponDef fromJSON
RegisterWeapon CustomAmmoCategory(AC5/AC5) for Weapon_Autocannon_AC5_LIGHT
WeaponDef fromJSON
RegisterWeapon CustomAmmoCategory(RifleLight/AC5) for Weapon_Autocannon_AC5_LRIFLE
WeaponDef fromJSON
RegisterWeapon CustomAmmoCategory(LongTom/AC20) for Weapon_Autocannon_LONGTOM
WeaponDef fromJSON
RegisterWeapon CustomAmmoCategory(RAC2/AC2) for Weapon_Autocannon_RAC2_0-Mydron
WeaponDef fromJSON
RegisterWeapon CustomAmmoCategory(RAC5/AC5) for Weapon_Autocannon_RAC5_0-Mydron
WeaponDef fromJSON
RegisterWeapon CustomAmmoCategory(AC20/AC20) for Weapon_Autocannon_SNIPER
WeaponDef fromJSON
RegisterWeapon CustomAmmoCategory(Thumper/AC10) for Weapon_Autocannon_THUMPER
WeaponDef fromJSON
RegisterWeapon CustomAmmoCategory(NotSet/NotSet) for Weapon_C3_Master
WeaponDef fromJSON
RegisterWeapon CustomAmmoCategory(NotSet/NotSet) for Weapon_Elite_2_Chainsword
WeaponDef fromJSON
RegisterWeapon CustomAmmoCategory(NotSet/NotSet) for Weapon_Elite_2_Jackhammer
WeaponDef fromJSON
RegisterWeapon CustomAmmoCategory(NotSet/NotSet) for Weapon_Elite_2_LaserDrill
WeaponDef fromJSON
RegisterWeapon CustomAmmoCategory(NotSet/NotSet) for Weapon_Elite_2_PlasmaTorch
WeaponDef fromJSON
RegisterWeapon CustomAmmoCategory(NotSet/NotSet) for Weapon_Flail
WeaponDef fromJSON
RegisterWeapon CustomAmmoCategory(NotSet/NotSet) for Weapon_Flamer_Firefist
WeaponDef fromJSON
RegisterWeapon CustomAmmoCategory(NotSet/NotSet) for Weapon_Flamer_Flamer_3-Prometheus
WeaponDef fromJSON
RegisterWeapon CustomAmmoCategory(Flamer/Flamer) for Weapon_Flamer_Heavy_Vehicle
WeaponDef fromJSON
RegisterWeapon CustomAmmoCategory(Plasma/GAUSS) for Weapon_FLAMER_PLASMA
WeaponDef fromJSON
RegisterWeapon CustomAmmoCategory(NotSet/NotSet) for Weapon_Flamer_REPORTME
WeaponDef fromJSON
RegisterWeapon CustomAmmoCategory(Fluid/MG) for Weapon_FluidGun
WeaponDef fromJSON
RegisterWeapon CustomAmmoCategory(GAUSS/GAUSS) for Weapon_Gauss_Gauss_1-Defiance
WeaponDef fromJSON
RegisterWeapon CustomAmmoCategory(GAUSS/GAUSS) for Weapon_Gauss_Gauss_2-Norse
WeaponDef fromJSON
RegisterWeapon CustomAmmoCategory(GAUSS/GAUSS) for Weapon_Gauss_Gauss_3-Blackwell
WeaponDef fromJSON
RegisterWeapon CustomAmmoCategory(HGAUSS/GAUSS) for Weapon_Gauss_Gauss_HEAVY
WeaponDef fromJSON
RegisterWeapon CustomAmmoCategory(LGAUSS/GAUSS) for Weapon_Gauss_Gauss_LIGHT
WeaponDef fromJSON
RegisterWeapon CustomAmmoCategory(GAUSS/GAUSS) for Weapon_Gauss_Gauss_Silverbullet
WeaponDef fromJSON
RegisterWeapon CustomAmmoCategory(HGAUSS/GAUSS) for Weapon_Gauss_Improved_HEAVY
WeaponDef fromJSON
RegisterWeapon CustomAmmoCategory(Flamer/Flamer) for Weapon_Gauss_Magshot
WeaponDef fromJSON
RegisterWeapon CustomAmmoCategory(Railgun/GAUSS) for Weapon_Gauss_RAILGUN_SLDF
WeaponDef fromJSON
RegisterWeapon CustomAmmoCategory(Taser/MG) for Weapon_Gauss_Taser
WeaponDef fromJSON
RegisterWeapon CustomAmmoCategory(NotSet/NotSet) for Weapon_HandyVac_Industrial_Agro_0_Cultivator
WeaponDef fromJSON
RegisterWeapon CustomAmmoCategory(NotSet/NotSet) for Weapon_HandyVac_Industrial_Agro_1_Chainsaw
WeaponDef fromJSON
RegisterWeapon CustomAmmoCategory(NotSet/NotSet) for Weapon_HandyVac_Industrial_Construction_0_ArcWelder
WeaponDef fromJSON
RegisterWeapon CustomAmmoCategory(NotSet/NotSet) for Weapon_HandyVac_Industrial_Construction_1_LaserCutter
WeaponDef fromJSON
RegisterWeapon CustomAmmoCategory(NotSet/NotSet) for Weapon_HandyVac_Industrial_Construction_1_PlasmaTorch
WeaponDef fromJSON
RegisterWeapon CustomAmmoCategory(NotSet/NotSet) for Weapon_HandyVac_Industrial_Mining_0_Jackhammer
WeaponDef fromJSON
RegisterWeapon CustomAmmoCategory(NotSet/NotSet) for Weapon_HandyVac_Industrial_Mining_1_MiningDrill
WeaponDef fromJSON
RegisterWeapon CustomAmmoCategory(NotSet/NotSet) for Weapon_Laser_BinaryLaserCannon_0-STOCK
WeaponDef fromJSON
RegisterWeapon CustomAmmoCategory(NotSet/NotSet) for Weapon_Laser_BinaryLaserCannon_1-Defiance
WeaponDef fromJSON
RegisterWeapon CustomAmmoCategory(NotSet/NotSet) for Weapon_Laser_LargeLaserPulse_VSPL
WeaponDef fromJSON
RegisterWeapon CustomAmmoCategory(NotSet/NotSet) for Weapon_Laser_LargeLaserPulse_X
WeaponDef fromJSON
RegisterWeapon CustomAmmoCategory(NotSet/NotSet) for Weapon_Laser_LargeLaser_Bombast
WeaponDef fromJSON
RegisterWeapon CustomAmmoCategory(NotSet/NotSet) for Weapon_Laser_MediumLaserPulse_VSPL
WeaponDef fromJSON
RegisterWeapon CustomAmmoCategory(NotSet/NotSet) for Weapon_Laser_MediumLaserPulse_X
WeaponDef fromJSON
RegisterWeapon CustomAmmoCategory(NotSet/NotSet) for Weapon_Laser_SmallLaserPulse_VSPL
WeaponDef fromJSON
RegisterWeapon CustomAmmoCategory(NotSet/NotSet) for Weapon_Laser_SmallLaserPulse_X
WeaponDef fromJSON
RegisterWeapon CustomAmmoCategory(NotSet/NotSet) for Weapon_Laser_SmallLaser_EXPA
WeaponDef fromJSON
RegisterWeapon CustomAmmoCategory(NotSet/NotSet) for Weapon_Laser_TAG
WeaponDef fromJSON
RegisterWeapon CustomAmmoCategory(Flamer/Flamer) for Weapon_LRM_FLARELAUNCHER5
WeaponDef fromJSON
RegisterWeapon CustomAmmoCategory(Flamer/Flamer) for Weapon_LRM_INFERNOLAUNCHER10
WeaponDef fromJSON
RegisterWeapon CustomAmmoCategory(Flamer/Flamer) for Weapon_LRM_INFERNOLAUNCHER15
WeaponDef fromJSON
RegisterWeapon CustomAmmoCategory(Flamer/Flamer) for Weapon_LRM_INFERNOLAUNCHER20
WeaponDef fromJSON
RegisterWeapon CustomAmmoCategory(Flamer/Flamer) for Weapon_LRM_INFERNOLAUNCHER5
WeaponDef fromJSON
RegisterWeapon CustomAmmoCategory(LRM/LRM) for Weapon_LRM_LRM10_ENHANCED
WeaponDef fromJSON
RegisterWeapon CustomAmmoCategory(LRM/LRM) for Weapon_LRM_LRM10_EXTENTED
WeaponDef fromJSON
RegisterWeapon CustomAmmoCategory(LRM/LRM) for Weapon_LRM_LRM15_ENHANCED
WeaponDef fromJSON
RegisterWeapon CustomAmmoCategory(LRM/LRM) for Weapon_LRM_LRM15_EXTENTED
WeaponDef fromJSON
RegisterWeapon CustomAmmoCategory(LRM/LRM) for Weapon_LRM_LRM20_ENHANCED
WeaponDef fromJSON
RegisterWeapon CustomAmmoCategory(LRM/LRM) for Weapon_LRM_LRM20_EXTENTED
WeaponDef fromJSON
RegisterWeapon CustomAmmoCategory(LRM/LRM) for Weapon_LRM_LRM5_ENHANCED
WeaponDef fromJSON
RegisterWeapon CustomAmmoCategory(LRM/LRM) for Weapon_LRM_LRM5_EXTENTED
WeaponDef fromJSON
RegisterWeapon CustomAmmoCategory(Flamer/Flamer) for Weapon_LRM_ROCKETLAUNCHER10
WeaponDef fromJSON
RegisterWeapon CustomAmmoCategory(Flamer/Flamer) for Weapon_LRM_ROCKETLAUNCHER15
WeaponDef fromJSON
RegisterWeapon CustomAmmoCategory(Flamer/Flamer) for Weapon_LRM_ROCKETLAUNCHER20
WeaponDef fromJSON
RegisterWeapon CustomAmmoCategory(Flamer/Flamer) for Weapon_LRM_ROCKETLAUNCHER5
WeaponDef fromJSON
RegisterWeapon CustomAmmoCategory(TBOLT10/LRM) for Weapon_LRM_Thunderbolt10
WeaponDef fromJSON
RegisterWeapon CustomAmmoCategory(TBOLT15/LRM) for Weapon_LRM_Thunderbolt15
WeaponDef fromJSON
RegisterWeapon CustomAmmoCategory(TBOLT20/LRM) for Weapon_LRM_Thunderbolt20
WeaponDef fromJSON
RegisterWeapon CustomAmmoCategory(TBOLT5/LRM) for Weapon_LRM_Thunderbolt5
WeaponDef fromJSON
RegisterWeapon CustomAmmoCategory(MG/MG) for Weapon_MachineGun_MachineGun_1-Blackwell
WeaponDef fromJSON
RegisterWeapon CustomAmmoCategory(HMG/MG) for Weapon_MachineGun_MachineGun_1-HEAVY
WeaponDef fromJSON
RegisterWeapon CustomAmmoCategory(LMG/MG) for Weapon_MachineGun_MachineGun_1-LIGHT
WeaponDef fromJSON
RegisterWeapon CustomAmmoCategory(HMG/MG) for Weapon_MachineGun_MachineGun_ARRAY-HEAVY
WeaponDef fromJSON
RegisterWeapon CustomAmmoCategory(LMG/MG) for Weapon_MachineGun_MachineGun_ARRAY-LIGHT
WeaponDef fromJSON
RegisterWeapon CustomAmmoCategory(MG/MG) for Weapon_MachineGun_MachineGun_ARRAY-STOCK
WeaponDef fromJSON
RegisterWeapon CustomAmmoCategory(MML/LRM) for Weapon_MML_3
WeaponDef fromJSON
RegisterWeapon CustomAmmoCategory(MML/LRM) for Weapon_MML_5
WeaponDef fromJSON
RegisterWeapon CustomAmmoCategory(MML/LRM) for Weapon_MML_7
WeaponDef fromJSON
RegisterWeapon CustomAmmoCategory(MML/LRM) for Weapon_MML_9
WeaponDef fromJSON
RegisterWeapon CustomAmmoCategory(MRM/LRM) for Weapon_MRM_10
WeaponDef fromJSON
RegisterWeapon CustomAmmoCategory(MRM/LRM) for Weapon_MRM_20
WeaponDef fromJSON
RegisterWeapon CustomAmmoCategory(MRM/LRM) for Weapon_MRM_30
WeaponDef fromJSON
RegisterWeapon CustomAmmoCategory(MRM/LRM) for Weapon_MRM_40
WeaponDef fromJSON
RegisterWeapon CustomAmmoCategory(Flamer/Flamer) for Weapon_PA_PLASMA
WeaponDef fromJSON
RegisterWeapon CustomAmmoCategory(Flamer/Flamer) for Weapon_POD_A
WeaponDef fromJSON
RegisterWeapon CustomAmmoCategory(Flamer/Flamer) for Weapon_POD_B
WeaponDef fromJSON
RegisterWeapon CustomAmmoCategory(Flamer/Flamer) for Weapon_POD_M
WeaponDef fromJSON
RegisterWeapon CustomAmmoCategory(NotSet/NotSet) for Weapon_PPC_PPC_HEAVY
WeaponDef fromJSON
RegisterWeapon CustomAmmoCategory(NotSet/NotSet) for Weapon_PPC_PPC_LIGHT
WeaponDef fromJSON
RegisterWeapon CustomAmmoCategory(NotSet/NotSet) for Weapon_PPC_PPC_SNUBNOSE
WeaponDef fromJSON
RegisterWeapon CustomAmmoCategory(NotSet/NotSet) for Weapon_PPC_TSEMP
WeaponDef fromJSON
RegisterWeapon CustomAmmoCategory(Flamer/Flamer) for Weapon_SRM_SRM2_EXPA
WeaponDef fromJSON
RegisterWeapon CustomAmmoCategory(STREAKSRM/SRM) for Weapon_SRM_SRM2_STREAK
WeaponDef fromJSON
RegisterWeapon CustomAmmoCategory(STREAKSRM/SRM) for Weapon_SRM_SRM4_STREAK
WeaponDef fromJSON
RegisterWeapon CustomAmmoCategory(STREAKSRM/SRM) for Weapon_SRM_SRM6_STREAK
WeaponDef fromJSON
RegisterWeapon CustomAmmoCategory(NotSet/NotSet) for Weapon_SRM_SRM_NARC
WeaponDef fromJSON
RegisterWeapon CustomAmmoCategory(NotSet/NotSet) for Weapon_Wrecking_Ball
WeaponDef fromJSON
RegisterWeapon CustomAmmoCategory(NotSet/NotSet) for Weapon_PPC_PPC_3-Defiance
WeaponDef fromJSON
RegisterWeapon CustomAmmoCategory(NotSet/NotSet) for Weapon_FCS_TAG
WeaponDef fromJSON
RegisterWeapon CustomAmmoCategory(NotSet/NotSet) for Weapon_Flamer_Dragonbreath
WeaponDef fromJSON
RegisterWeapon CustomAmmoCategory(GAUSS/GAUSS) for Weapon_Gauss_Gauss_Prototype
WeaponDef fromJSON
RegisterWeapon CustomAmmoCategory(HGAUSS/GAUSS) for Weapon_Gauss_Prototype_HEAVY
WeaponDef fromJSON
RegisterWeapon CustomAmmoCategory(HGAUSS/GAUSS) for Weapon_Gauss_RAILGUN_BFG
WeaponDef fromJSON
RegisterWeapon CustomAmmoCategory(NotSet/NotSet) for Weapon_Laser_BeholderStare
WeaponDef fromJSON
RegisterWeapon CustomAmmoCategory(NotSet/NotSet) for Weapon_Prototype_PLASMA
WeaponDef fromJSON
RegisterWeapon CustomAmmoCategory(Flamer/Flamer) for Weapon_QUIRK_INFERNOLAUNCHER10
WeaponDef fromJSON
RegisterWeapon CustomAmmoCategory(Flamer/Flamer) for Weapon_QUIRK_INFERNOLAUNCHER15
WeaponDef fromJSON
RegisterWeapon CustomAmmoCategory(Flamer/Flamer) for Weapon_QUIRK_INFERNOLAUNCHER20
WeaponDef fromJSON
RegisterWeapon CustomAmmoCategory(Flamer/Flamer) for Weapon_QUIRK_INFERNOLAUNCHER5
WeaponDef fromJSON
RegisterWeapon CustomAmmoCategory(AC10/AC10) for Weapon_Autocannon_AC10_Quicsell
WeaponDef fromJSON
RegisterWeapon CustomAmmoCategory(NotSet/NotSet) for Weapon_Industrial_PolePlanter
WeaponDef fromJSON
RegisterWeapon CustomAmmoCategory(NotSet/NotSet) for Weapon_Laser_LargeLaser_-1-Tronel
WeaponDef fromJSON
RegisterWeapon CustomAmmoCategory(NotSet/NotSet) for Weapon_Laser_MediumLaser_-1-Agra
WeaponDef fromJSON
RegisterWeapon CustomAmmoCategory(AC10/AC10) for Weapon_Autocannon_AC10_0-jrig
WeaponDef fromJSON
RegisterWeapon CustomAmmoCategory(AC10/AC10) for Weapon_Autocannon_AC10_0-jrig2
WeaponDef fromJSON
RegisterWeapon CustomAmmoCategory(LBX10/AC10) for Weapon_Autocannon_AC10_LBX_jrig
WeaponDef fromJSON
RegisterWeapon CustomAmmoCategory(RifleMedium/AC10) for Weapon_Autocannon_AC10_PEPPERBOX
WeaponDef fromJSON
RegisterWeapon CustomAmmoCategory(AC20/AC20) for Weapon_Autocannon_AC20_0-jrig
WeaponDef fromJSON
RegisterWeapon CustomAmmoCategory(AC20/AC20) for Weapon_Autocannon_AC20_AP-jrig
WeaponDef fromJSON
RegisterWeapon CustomAmmoCategory(AC5/AC5) for Weapon_Autocannon_AC5_IN-jrig
WeaponDef fromJSON
RegisterWeapon CustomAmmoCategory(RAC10/AC10) for Weapon_Autocannon_RAC10_Pirate
WeaponDef fromJSON
RegisterWeapon CustomAmmoCategory(RAC20/AC20) for Weapon_Autocannon_RAC20_Pirate
WeaponDef fromJSON
RegisterWeapon CustomAmmoCategory(RAC2/AC2) for Weapon_Autocannon_RAC2_0-jrig
WeaponDef fromJSON
RegisterWeapon CustomAmmoCategory(RAC5/AC5) for Weapon_Autocannon_RAC5_0-jrig
WeaponDef fromJSON
RegisterWeapon CustomAmmoCategory(LBX20/AC20) for Weapon_Boomstick_AC20_LBX
WeaponDef fromJSON
RegisterWeapon CustomAmmoCategory(NotSet/NotSet) for Weapon_Flamer_Flamer_0-jrig
WeaponDef fromJSON
RegisterWeapon CustomAmmoCategory(NotSet/NotSet) for Weapon_Flamer_Flamer_P-Cockpit
WeaponDef fromJSON
RegisterWeapon CustomAmmoCategory(Flamer/Flamer) for Weapon_Flamer_Heavy_Pirate
WeaponDef fromJSON
RegisterWeapon CustomAmmoCategory(GAUSS/GAUSS) for Weapon_Gauss_Gauss_0-jrig
WeaponDef fromJSON
RegisterWeapon CustomAmmoCategory(GAUSS/GAUSS) for Weapon_Gauss_Pirate_Silverbullet
WeaponDef fromJSON
RegisterWeapon CustomAmmoCategory(NotSet/NotSet) for Weapon_Laser_LargeLaserPulse_0-jrig
WeaponDef fromJSON
RegisterWeapon CustomAmmoCategory(NotSet/NotSet) for Weapon_Laser_LargeLaser_MediumHeavy
WeaponDef fromJSON
RegisterWeapon CustomAmmoCategory(NotSet/NotSet) for Weapon_Laser_MediumLaserER_0-jrig
WeaponDef fromJSON
RegisterWeapon CustomAmmoCategory(NotSet/NotSet) for Weapon_Laser_MediumLaser_0-jrig
WeaponDef fromJSON
RegisterWeapon CustomAmmoCategory(NotSet/NotSet) for Weapon_Laser_SmallLaser_0-jrig
WeaponDef fromJSON
RegisterWeapon CustomAmmoCategory(NotSet/NotSet) for Weapon_Laser_TAG_pirate
WeaponDef fromJSON
RegisterWeapon CustomAmmoCategory(NotSet/NotSet) for Weapon_Laser_TheStare-jrig
WeaponDef fromJSON
RegisterWeapon CustomAmmoCategory(LRM/LRM) for Weapon_LRM_LRM10_0-jrig
WeaponDef fromJSON
RegisterWeapon CustomAmmoCategory(LRM/LRM) for Weapon_LRM_LRM15_0-jrig
WeaponDef fromJSON
RegisterWeapon CustomAmmoCategory(LRM/LRM) for Weapon_LRM_LRM30_0-jrig
WeaponDef fromJSON
RegisterWeapon CustomAmmoCategory(LRM/LRM) for Weapon_LRM_LRM5_0-jrig
WeaponDef fromJSON
RegisterWeapon CustomAmmoCategory(HMG/MG) for Weapon_MachineGun_MachineGun_Heavy-jrig
WeaponDef fromJSON
RegisterWeapon CustomAmmoCategory(NotSet/NotSet) for Weapon_PPC_PIRATE_LIGHT
WeaponDef fromJSON
RegisterWeapon CustomAmmoCategory(NotSet/NotSet) for Weapon_PPC_PIRATE_SNUBNOSE
WeaponDef fromJSON
RegisterWeapon CustomAmmoCategory(NotSet/NotSet) for Weapon_PPC_PPCER_0-jrig
WeaponDef fromJSON
RegisterWeapon CustomAmmoCategory(NotSet/NotSet) for Weapon_PPC_PPC_0-jrig
WeaponDef fromJSON
RegisterWeapon CustomAmmoCategory(NotSet/NotSet) for Weapon_PPC_PPC_0-jrig2
WeaponDef fromJSON
RegisterWeapon CustomAmmoCategory(NotSet/NotSet) for Weapon_PPC_PPC_HEAVY_jrig
WeaponDef fromJSON
RegisterWeapon CustomAmmoCategory(SRM/SRM) for Weapon_SRM_SRM4_0-jrig
WeaponDef fromJSON
RegisterWeapon CustomAmmoCategory(SRM/SRM) for Weapon_SRM_SRM6_0-jrig
WeaponDef fromJSON
RegisterWeapon CustomAmmoCategory(NotSet/NotSet) for Weapon_Wrecking_Ball_Spiked
WeaponDef fromJSON
RegisterWeapon CustomAmmoCategory(Flamer/Flamer) for Weapon_ArrowIV_CLAN
WeaponDef fromJSON
RegisterWeapon CustomAmmoCategory(UAC10/AC10) for Weapon_Autocannon_AC10_CLAN
WeaponDef fromJSON
RegisterWeapon CustomAmmoCategory(LBX10/AC10) for Weapon_Autocannon_AC10_LBX_CLAN
WeaponDef fromJSON
RegisterWeapon CustomAmmoCategory(UAC20/AC20) for Weapon_Autocannon_AC20_CLAN
WeaponDef fromJSON
RegisterWeapon CustomAmmoCategory(LBX20/AC20) for Weapon_Autocannon_AC20_LBX_CLAN
WeaponDef fromJSON
RegisterWeapon CustomAmmoCategory(UAC2/AC2) for Weapon_Autocannon_AC2_CLAN
WeaponDef fromJSON
RegisterWeapon CustomAmmoCategory(LBX2/AC2) for Weapon_Autocannon_AC2_LBX_CLAN
WeaponDef fromJSON
RegisterWeapon CustomAmmoCategory(UAC5/AC5) for Weapon_Autocannon_AC5_CLAN
WeaponDef fromJSON
RegisterWeapon CustomAmmoCategory(LBX5/AC5) for Weapon_Autocannon_AC5_LBX_CLAN
WeaponDef fromJSON
RegisterWeapon CustomAmmoCategory(RAC2/AC2) for Weapon_Autocannon_RAC2_CLAN
WeaponDef fromJSON
RegisterWeapon CustomAmmoCategory(RAC5/AC5) for Weapon_Autocannon_RAC5_CLAN
WeaponDef fromJSON
RegisterWeapon CustomAmmoCategory(AC5/AC5) for Weapon_Autocannon_RAC5_CLANPLUS
WeaponDef fromJSON
RegisterWeapon CustomAmmoCategory(NotSet/NotSet) for Weapon_Flamer_Flamer_CLAN
WeaponDef fromJSON
RegisterWeapon CustomAmmoCategory(Plasma/GAUSS) for Weapon_FLAMER_PLASMA_CLAN
WeaponDef fromJSON
RegisterWeapon CustomAmmoCategory(GAUSS/GAUSS) for Weapon_Gauss_Gauss_CLAN
WeaponDef fromJSON
RegisterWeapon CustomAmmoCategory(HYPERGAUSS/GAUSS) for Weapon_Gauss_HAG20_CLAN
WeaponDef fromJSON
RegisterWeapon CustomAmmoCategory(HYPERGAUSS/GAUSS) for Weapon_Gauss_HAG30_CLAN
WeaponDef fromJSON
RegisterWeapon CustomAmmoCategory(HYPERGAUSS/GAUSS) for Weapon_Gauss_HAG40_CLAN
WeaponDef fromJSON
RegisterWeapon CustomAmmoCategory(Flamer/Flamer) for Weapon_Gauss_Magshot_Clan
WeaponDef fromJSON
RegisterWeapon CustomAmmoCategory(Railgun/GAUSS) for Weapon_Gauss_RAILGUN
WeaponDef fromJSON
RegisterWeapon CustomAmmoCategory(NotSet/NotSet) for Weapon_Laser_HeavyLargeLaser_CLAN
WeaponDef fromJSON
RegisterWeapon CustomAmmoCategory(NotSet/NotSet) for Weapon_Laser_HeavyMediumLaser_CLAN
WeaponDef fromJSON
RegisterWeapon CustomAmmoCategory(NotSet/NotSet) for Weapon_Laser_HeavySmallLaser_CLAN
WeaponDef fromJSON
RegisterWeapon CustomAmmoCategory(NotSet/NotSet) for Weapon_Laser_ImprovedHeavyLargeLaser_CLAN
WeaponDef fromJSON
RegisterWeapon CustomAmmoCategory(NotSet/NotSet) for Weapon_Laser_ImprovedHeavyMediumLaser_CLAN
WeaponDef fromJSON
RegisterWeapon CustomAmmoCategory(NotSet/NotSet) for Weapon_Laser_ImprovedHeavySmallLaser_CLAN
WeaponDef fromJSON
RegisterWeapon CustomAmmoCategory(NotSet/NotSet) for Weapon_Laser_LargeLaserERPulse_CLAN
WeaponDef fromJSON
RegisterWeapon CustomAmmoCategory(NotSet/NotSet) for Weapon_Laser_LargeLaserER_CLAN
WeaponDef fromJSON
RegisterWeapon CustomAmmoCategory(NotSet/NotSet) for Weapon_Laser_LargeLaserPulse_CLAN
WeaponDef fromJSON
RegisterWeapon CustomAmmoCategory(NotSet/NotSet) for Weapon_Laser_Light_TAG_CLAN
WeaponDef fromJSON
RegisterWeapon CustomAmmoCategory(NotSet/NotSet) for Weapon_Laser_MediumLaserERPulse_CLAN
WeaponDef fromJSON
RegisterWeapon CustomAmmoCategory(NotSet/NotSet) for Weapon_Laser_MediumLaserER_CLAN
WeaponDef fromJSON
RegisterWeapon CustomAmmoCategory(NotSet/NotSet) for Weapon_Laser_MediumLaserPulse_CLAN
WeaponDef fromJSON
RegisterWeapon CustomAmmoCategory(NotSet/NotSet) for Weapon_Laser_MicroLaserER_CLAN
WeaponDef fromJSON
RegisterWeapon CustomAmmoCategory(NotSet/NotSet) for Weapon_Laser_MicroLaserPulse_CLAN
WeaponDef fromJSON
RegisterWeapon CustomAmmoCategory(NotSet/NotSet) for Weapon_Laser_SmallLaserERPulse_CLAN
WeaponDef fromJSON
RegisterWeapon CustomAmmoCategory(NotSet/NotSet) for Weapon_Laser_SmallLaserER_CLAN
WeaponDef fromJSON
RegisterWeapon CustomAmmoCategory(NotSet/NotSet) for Weapon_Laser_SmallLaserPulse_CLAN
WeaponDef fromJSON
RegisterWeapon CustomAmmoCategory(ATM/LRM) for Weapon_LRM_ATM12_CLAN
WeaponDef fromJSON
RegisterWeapon CustomAmmoCategory(ATM/LRM) for Weapon_LRM_ATM3_CLAN
WeaponDef fromJSON
RegisterWeapon CustomAmmoCategory(ATM/LRM) for Weapon_LRM_ATM6_CLAN
WeaponDef fromJSON
RegisterWeapon CustomAmmoCategory(ATM/LRM) for Weapon_LRM_ATM9_CLAN
WeaponDef fromJSON
RegisterWeapon CustomAmmoCategory(iATM/LRM) for Weapon_LRM_iATM12_CLAN
WeaponDef fromJSON
RegisterWeapon CustomAmmoCategory(iATM/LRM) for Weapon_LRM_iATM3_CLAN
WeaponDef fromJSON
RegisterWeapon CustomAmmoCategory(iATM/LRM) for Weapon_LRM_iATM6_CLAN
WeaponDef fromJSON
RegisterWeapon CustomAmmoCategory(iATM/LRM) for Weapon_LRM_iATM9_CLAN
WeaponDef fromJSON
RegisterWeapon CustomAmmoCategory(LRM/LRM) for Weapon_LRM_LRM10_CLAN
WeaponDef fromJSON
RegisterWeapon CustomAmmoCategory(STREAKLRM/LRM) for Weapon_LRM_LRM10_STREAK
WeaponDef fromJSON
RegisterWeapon CustomAmmoCategory(LRM/LRM) for Weapon_LRM_LRM15_CLAN
WeaponDef fromJSON
RegisterWeapon CustomAmmoCategory(STREAKLRM/LRM) for Weapon_LRM_LRM15_STREAK
WeaponDef fromJSON
RegisterWeapon CustomAmmoCategory(LRM/LRM) for Weapon_LRM_LRM20_CLAN
WeaponDef fromJSON
RegisterWeapon CustomAmmoCategory(STREAKLRM/LRM) for Weapon_LRM_LRM20_STREAK
WeaponDef fromJSON
RegisterWeapon CustomAmmoCategory(LRM/LRM) for Weapon_LRM_LRM5_CLAN
WeaponDef fromJSON
RegisterWeapon CustomAmmoCategory(NotSet/NotSet) for Weapon_LRM_LRM5_STREAK
WeaponDef fromJSON
RegisterWeapon CustomAmmoCategory(HMG/MG) for Weapon_MachineGun_MachineGun_1-HEAVY_CLAN
WeaponDef fromJSON
RegisterWeapon CustomAmmoCategory(LMG/MG) for Weapon_MachineGun_MachineGun_1-LIGHT_CLAN
WeaponDef fromJSON
RegisterWeapon CustomAmmoCategory(MG/MG) for Weapon_MachineGun_MachineGun_CLAN
WeaponDef fromJSON
RegisterWeapon CustomAmmoCategory(NotSet/NotSet) for Weapon_PPC_PPCER_CLAN
WeaponDef fromJSON
RegisterWeapon CustomAmmoCategory(SRM/SRM) for Weapon_SRM_SRM2_CLAN
WeaponDef fromJSON
RegisterWeapon CustomAmmoCategory(STREAKSRM/SRM) for Weapon_SRM_SRM2_STREAK_CLAN
WeaponDef fromJSON
RegisterWeapon CustomAmmoCategory(SRM/SRM) for Weapon_SRM_SRM4_CLAN
WeaponDef fromJSON
RegisterWeapon CustomAmmoCategory(STREAKSRM/SRM) for Weapon_SRM_SRM4_STREAK_CLAN
WeaponDef fromJSON
RegisterWeapon CustomAmmoCategory(SRM/SRM) for Weapon_SRM_SRM6_CLAN
WeaponDef fromJSON
RegisterWeapon CustomAmmoCategory(STREAKSRM/SRM) for Weapon_SRM_SRM6_STREAK_CLAN
WeaponDef fromJSON
RegisterWeapon CustomAmmoCategory(NotSet/NotSet) for Weapon_SRM_SRM_NARC_CLAN
