INFO: 2021-06-12T22:39:29 - Initializing TisButAScratch - Version 1.0.2.2
INFO: 2021-06-12T22:39:29 - Adding effects for BleedGutsLvl1!
INFO: 2021-06-12T22:39:29 - TEMPORARY: MechWarrior

TBAS_SimBleed__Guts__-1

BattleTech.SimGameStat[] AND {"Scope":1,"Requirements":null,"AddedTags":["TBAS_SimBleed__Guts__-1"],"RemovedTags":[],"Stats":[],"Actions":[],"ForceEvents":null,"TemporaryResult":true,"ResultDuration":10}!
INFO: 2021-06-12T22:39:29 - Adding effects for BleedGutsLvl2!
INFO: 2021-06-12T22:39:29 - TEMPORARY: MechWarrior

TBAS_SimBleed__Guts__-3

BattleTech.SimGameStat[] AND {"Scope":1,"Requirements":null,"AddedTags":["TBAS_SimBleed__Guts__-3"],"RemovedTags":[],"Stats":[],"Actions":[],"ForceEvents":null,"TemporaryResult":true,"ResultDuration":20}!
INFO: 2021-06-12T22:39:29 - Adding effects for BleedGutsLvl3!
INFO: 2021-06-12T22:39:29 - TEMPORARY: MechWarrior

TBAS_SimBleed__Guts__-5

BattleTech.SimGameStat[] AND {"Scope":1,"Requirements":null,"AddedTags":["TBAS_SimBleed__Guts__-5"],"RemovedTags":[],"Stats":[],"Actions":[],"ForceEvents":null,"TemporaryResult":true,"ResultDuration":30}!
INFO: 2021-06-12T22:39:29 - Adding effects for Shock!
INFO: 2021-06-12T22:39:29 - Adding effects for Dizzy!
INFO: 2021-06-12T22:39:29 - Adding effects for Groggy!
INFO: 2021-06-12T22:39:29 - Adding effects for Concussion!
INFO: 2021-06-12T22:39:29 - Adding effects for Broken Jaw!
INFO: 2021-06-12T22:39:29 - Adding effects for Severe Burns - Head!
INFO: 2021-06-12T22:39:29 - Adding effects for Barotrauma - Head!
INFO: 2021-06-12T22:39:29 - Adding effects for Severe Burns - Left Arm!
INFO: 2021-06-12T22:39:29 - Adding effects for Severe Burns - Right Arm!
INFO: 2021-06-12T22:39:29 - Adding effects for Simple Fracture - Left Arm!
INFO: 2021-06-12T22:39:29 - Adding effects for Simple Fracture - Right Arm!
INFO: 2021-06-12T22:39:29 - Adding effects for Compound Fracture - Left Arm!
INFO: 2021-06-12T22:39:29 - Adding effects for Compound Fracture - Right Arm!
INFO: 2021-06-12T22:39:29 - Adding effects for Severe Burns - Left Leg!
INFO: 2021-06-12T22:39:29 - Adding effects for Severe Burns - Right Leg!
INFO: 2021-06-12T22:39:29 - Adding effects for Simple Fracture - Left Leg!
INFO: 2021-06-12T22:39:29 - Adding effects for Compound Fracture - Left Leg!
INFO: 2021-06-12T22:39:29 - Adding effects for Simple Fracture - Right Leg!
INFO: 2021-06-12T22:39:29 - Adding effects for Compound Fracture - Right Leg!
INFO: 2021-06-12T22:39:29 - Adding effects for Internal Bleeding - Torso!
INFO: 2021-06-12T22:39:29 - Adding effects for Broken Ribs!
INFO: 2021-06-12T22:39:29 - Adding effects for Punctured Lung!
INFO: 2021-06-12T22:39:29 - Adding effects for Collapsed Lung!
INFO: 2021-06-12T22:39:29 - Adding effects for Severe Burns - Torso!
INFO: 2021-06-12T22:39:29 - Adding effects for Neural Feedback!
INFO: 2021-06-12T22:41:49 - Deserializing injuryState and removing from company tags. State was {"iGUID_commander89f88631-6f9d-4199-9270-86f4a06cad48":[],"iGUID_pilot_backer_Piazzacbc4f70a-0903-4b03-8f5e-568313a541a1":[],"iGUID_pilot_tbone_t-bone7063c2db-10d6-4854-af85-0889c7406be1":[],"iGUID_pilot_backer_Reidinger67f429ab-d808-46c3-a6ff-a4cf548cf1a3":[],"iGUID_pilot_ronin_Arclightde9c2e0c-00b7-456f-bbf3-7dc6e4a3bb23":[],"iGUID_pilot_at_Brick58d31fb1-caa2-446a-aa46-cd2dbe3e243d":[],"iGUID_pilot_backer_Woodse41f67e6-4454-4a6b-b117-d735e7a34fb4":[],"iGUID_pilot_Bansheed2a0fd8f-f5b0-4180-b474-4ad403b59d24":["TorsoRibs","LegRBroken"]}
INFO: 2021-06-12T22:41:49 - Successfully deserialized or determined deserializing unnecessary.
INFO: 2021-06-12T22:41:49 - Fetched Commander iGUID iGUID_commander89f88631-6f9d-4199-9270-86f4a06cad48
INFO: 2021-06-12T22:41:49 - Fetched Rook iGUID iGUID_pilot_backer_Piazzacbc4f70a-0903-4b03-8f5e-568313a541a1
INFO: 2021-06-12T22:41:49 - Fetched t-bone iGUID iGUID_pilot_tbone_t-bone7063c2db-10d6-4854-af85-0889c7406be1
INFO: 2021-06-12T22:41:49 - Fetched Ariamaki iGUID iGUID_pilot_backer_Reidinger67f429ab-d808-46c3-a6ff-a4cf548cf1a3
INFO: 2021-06-12T22:41:49 - Fetched Arclight iGUID iGUID_pilot_ronin_Arclightde9c2e0c-00b7-456f-bbf3-7dc6e4a3bb23
INFO: 2021-06-12T22:41:49 - Fetched Brick iGUID iGUID_pilot_at_Brick58d31fb1-caa2-446a-aa46-cd2dbe3e243d
INFO: 2021-06-12T22:41:49 - Fetched Ice Trey iGUID iGUID_pilot_backer_Woodse41f67e6-4454-4a6b-b117-d735e7a34fb4
INFO: 2021-06-12T22:41:49 - Fetched Banshee iGUID iGUID_pilot_Bansheed2a0fd8f-f5b0-4180-b474-4ad403b59d24
INFO: 2021-06-12T22:42:15 - Serialized injuryState and adding to company tags. State was injuryState_{"iGUID_commander89f88631-6f9d-4199-9270-86f4a06cad48":[],"iGUID_pilot_backer_Piazzacbc4f70a-0903-4b03-8f5e-568313a541a1":[],"iGUID_pilot_tbone_t-bone7063c2db-10d6-4854-af85-0889c7406be1":[],"iGUID_pilot_backer_Reidinger67f429ab-d808-46c3-a6ff-a4cf548cf1a3":[],"iGUID_pilot_ronin_Arclightde9c2e0c-00b7-456f-bbf3-7dc6e4a3bb23":[],"iGUID_pilot_at_Brick58d31fb1-caa2-446a-aa46-cd2dbe3e243d":[],"iGUID_pilot_backer_Woodse41f67e6-4454-4a6b-b117-d735e7a34fb4":[],"iGUID_pilot_Bansheed2a0fd8f-f5b0-4180-b474-4ad403b59d24":["TorsoRibs","LegRBroken"]}
INFO: 2021-06-12T22:43:14 - Initializing  EffectStat `NeedsFeedbackInjury`, `BledOut`, `internalDmgInjuryCount`, `MissionKilled`, `LastInjuryId`, `InjureOnStructDmg`, and `isTorsoMount`
INFO: 2021-06-12T22:43:20 - Initializing Deploy EffectStat `NeedsFeedbackInjury`, `BledOut`, `internalDmgInjuryCount`, `MissionKilled`, `LastInjuryId`, `InjureOnStructDmg`, and `isTorsoMount`
INFO: 2021-06-12T22:43:20 - Added Deploy iGUID tag
INFO: 2021-06-12T22:43:20 - Fetched Deploy iGUID
INFO: 2021-06-12T22:43:20 - Deploy missing, added to combatInjuriesMap
INFO: 2021-06-12T22:43:20 - Deploy missing, added to pilotInjuriesMap
INFO: 2021-06-12T22:43:20 - Initializing injury effects for Deploy
INFO: 2021-06-12T22:43:20 - Deploy calculated BloodBank and BloodCapacity: 2
INFO: 2021-06-12T22:43:58 - Initializing Ginger EffectStat `NeedsFeedbackInjury`, `BledOut`, `internalDmgInjuryCount`, `MissionKilled`, `LastInjuryId`, `InjureOnStructDmg`, and `isTorsoMount`
INFO: 2021-06-12T22:43:58 - Fetched Ginger iGUID
INFO: 2021-06-12T22:43:58 - Ginger missing, added to combatInjuriesMap
INFO: 2021-06-12T22:43:58 - Initializing injury effects for Ginger
INFO: 2021-06-12T22:43:58 - Ginger calculated BloodBank and BloodCapacity: 11
INFO: 2021-06-12T22:43:58 - Initializing Ice Trey EffectStat `NeedsFeedbackInjury`, `BledOut`, `internalDmgInjuryCount`, `MissionKilled`, `LastInjuryId`, `InjureOnStructDmg`, and `isTorsoMount`
INFO: 2021-06-12T22:43:58 - Fetched Ice Trey iGUID
INFO: 2021-06-12T22:43:58 - Ice Trey missing, added to combatInjuriesMap
INFO: 2021-06-12T22:43:58 - Initializing injury effects for Ice Trey
INFO: 2021-06-12T22:43:58 - Ice Trey calculated BloodBank and BloodCapacity: 5
INFO: 2021-06-12T22:43:58 - Initializing Rook EffectStat `NeedsFeedbackInjury`, `BledOut`, `internalDmgInjuryCount`, `MissionKilled`, `LastInjuryId`, `InjureOnStructDmg`, and `isTorsoMount`
INFO: 2021-06-12T22:43:58 - Fetched Rook iGUID
INFO: 2021-06-12T22:43:58 - Rook missing, added to combatInjuriesMap
INFO: 2021-06-12T22:43:58 - Initializing injury effects for Rook
INFO: 2021-06-12T22:43:58 - Rook calculated BloodBank and BloodCapacity: 4
INFO: 2021-06-12T22:43:58 - Initializing Arclight EffectStat `NeedsFeedbackInjury`, `BledOut`, `internalDmgInjuryCount`, `MissionKilled`, `LastInjuryId`, `InjureOnStructDmg`, and `isTorsoMount`
INFO: 2021-06-12T22:43:58 - Fetched Arclight iGUID
INFO: 2021-06-12T22:43:58 - Arclight missing, added to combatInjuriesMap
INFO: 2021-06-12T22:43:58 - Initializing injury effects for Arclight
INFO: 2021-06-12T22:43:58 - Arclight calculated BloodBank and BloodCapacity: 4
INFO: 2021-06-12T22:43:58 - Initializing Ariamaki EffectStat `NeedsFeedbackInjury`, `BledOut`, `internalDmgInjuryCount`, `MissionKilled`, `LastInjuryId`, `InjureOnStructDmg`, and `isTorsoMount`
INFO: 2021-06-12T22:43:58 - Fetched Ariamaki iGUID
INFO: 2021-06-12T22:43:58 - Ariamaki missing, added to combatInjuriesMap
INFO: 2021-06-12T22:43:58 - Initializing injury effects for Ariamaki
INFO: 2021-06-12T22:43:58 - Ariamaki calculated BloodBank and BloodCapacity: 5
INFO: 2021-06-12T22:43:58 - Initializing Lieutenant EffectStat `NeedsFeedbackInjury`, `BledOut`, `internalDmgInjuryCount`, `MissionKilled`, `LastInjuryId`, `InjureOnStructDmg`, and `isTorsoMount`
INFO: 2021-06-12T22:43:58 - Added Lieutenant iGUID tag
INFO: 2021-06-12T22:43:58 - Fetched Lieutenant iGUID
INFO: 2021-06-12T22:43:58 - Lieutenant missing, added to combatInjuriesMap
INFO: 2021-06-12T22:43:58 - Lieutenant missing, added to pilotInjuriesMap
INFO: 2021-06-12T22:43:58 - Initializing injury effects for Lieutenant
INFO: 2021-06-12T22:43:58 - Lieutenant calculated BloodBank and BloodCapacity: 7
INFO: 2021-06-12T22:43:58 - Initializing Lieutenant EffectStat `NeedsFeedbackInjury`, `BledOut`, `internalDmgInjuryCount`, `MissionKilled`, `LastInjuryId`, `InjureOnStructDmg`, and `isTorsoMount`
INFO: 2021-06-12T22:43:58 - Added Lieutenant iGUID tag
INFO: 2021-06-12T22:43:58 - Fetched Lieutenant iGUID
INFO: 2021-06-12T22:43:58 - Lieutenant missing, added to combatInjuriesMap
INFO: 2021-06-12T22:43:58 - Lieutenant missing, added to pilotInjuriesMap
INFO: 2021-06-12T22:43:58 - Initializing injury effects for Lieutenant
INFO: 2021-06-12T22:43:58 - Lieutenant calculated BloodBank and BloodCapacity: 6
INFO: 2021-06-12T22:43:58 - Initializing Lieutenant EffectStat `NeedsFeedbackInjury`, `BledOut`, `internalDmgInjuryCount`, `MissionKilled`, `LastInjuryId`, `InjureOnStructDmg`, and `isTorsoMount`
INFO: 2021-06-12T22:43:58 - Added Lieutenant iGUID tag
INFO: 2021-06-12T22:43:58 - Fetched Lieutenant iGUID
INFO: 2021-06-12T22:43:58 - Lieutenant missing, added to combatInjuriesMap
INFO: 2021-06-12T22:43:58 - Lieutenant missing, added to pilotInjuriesMap
INFO: 2021-06-12T22:43:58 - Initializing injury effects for Lieutenant
INFO: 2021-06-12T22:43:58 - Lieutenant calculated BloodBank and BloodCapacity: 6
INFO: 2021-06-12T22:43:59 - Initializing Lieutenant EffectStat `NeedsFeedbackInjury`, `BledOut`, `internalDmgInjuryCount`, `MissionKilled`, `LastInjuryId`, `InjureOnStructDmg`, and `isTorsoMount`
INFO: 2021-06-12T22:43:59 - Added Lieutenant iGUID tag
INFO: 2021-06-12T22:43:59 - Fetched Lieutenant iGUID
INFO: 2021-06-12T22:43:59 - Lieutenant missing, added to combatInjuriesMap
INFO: 2021-06-12T22:43:59 - Lieutenant missing, added to pilotInjuriesMap
INFO: 2021-06-12T22:43:59 - Initializing injury effects for Lieutenant
INFO: 2021-06-12T22:43:59 - Lieutenant calculated BloodBank and BloodCapacity: 6
INFO: 2021-06-12T22:43:59 - Initializing PinkPone EffectStat `NeedsFeedbackInjury`, `BledOut`, `internalDmgInjuryCount`, `MissionKilled`, `LastInjuryId`, `InjureOnStructDmg`, and `isTorsoMount`
INFO: 2021-06-12T22:43:59 - Added PinkPone iGUID tag
INFO: 2021-06-12T22:43:59 - Fetched PinkPone iGUID
INFO: 2021-06-12T22:43:59 - PinkPone missing, added to combatInjuriesMap
INFO: 2021-06-12T22:43:59 - PinkPone missing, added to pilotInjuriesMap
INFO: 2021-06-12T22:43:59 - Initializing injury effects for PinkPone
INFO: 2021-06-12T22:43:59 - PinkPone calculated BloodBank and BloodCapacity: 9
INFO: 2021-06-12T22:43:59 - Initializing Lieutenant EffectStat `NeedsFeedbackInjury`, `BledOut`, `internalDmgInjuryCount`, `MissionKilled`, `LastInjuryId`, `InjureOnStructDmg`, and `isTorsoMount`
INFO: 2021-06-12T22:43:59 - Added Lieutenant iGUID tag
INFO: 2021-06-12T22:43:59 - Fetched Lieutenant iGUID
INFO: 2021-06-12T22:43:59 - Lieutenant missing, added to combatInjuriesMap
INFO: 2021-06-12T22:43:59 - Lieutenant missing, added to pilotInjuriesMap
INFO: 2021-06-12T22:43:59 - Initializing injury effects for Lieutenant
INFO: 2021-06-12T22:43:59 - Lieutenant calculated BloodBank and BloodCapacity: 6
INFO: 2021-06-12T22:43:59 - Initializing Lieutenant EffectStat `NeedsFeedbackInjury`, `BledOut`, `internalDmgInjuryCount`, `MissionKilled`, `LastInjuryId`, `InjureOnStructDmg`, and `isTorsoMount`
INFO: 2021-06-12T22:43:59 - Added Lieutenant iGUID tag
INFO: 2021-06-12T22:43:59 - Fetched Lieutenant iGUID
INFO: 2021-06-12T22:43:59 - Lieutenant missing, added to combatInjuriesMap
INFO: 2021-06-12T22:43:59 - Lieutenant missing, added to pilotInjuriesMap
INFO: 2021-06-12T22:43:59 - Initializing injury effects for Lieutenant
INFO: 2021-06-12T22:43:59 - Lieutenant calculated BloodBank and BloodCapacity: 6
INFO: 2021-06-12T22:43:59 - Initializing Lieutenant EffectStat `NeedsFeedbackInjury`, `BledOut`, `internalDmgInjuryCount`, `MissionKilled`, `LastInjuryId`, `InjureOnStructDmg`, and `isTorsoMount`
INFO: 2021-06-12T22:43:59 - Added Lieutenant iGUID tag
INFO: 2021-06-12T22:43:59 - Fetched Lieutenant iGUID
INFO: 2021-06-12T22:43:59 - Lieutenant missing, added to combatInjuriesMap
INFO: 2021-06-12T22:43:59 - Lieutenant missing, added to pilotInjuriesMap
INFO: 2021-06-12T22:43:59 - Initializing injury effects for Lieutenant
INFO: 2021-06-12T22:43:59 - Lieutenant calculated BloodBank and BloodCapacity: 6
INFO: 2021-06-12T22:43:59 - Initializing PinkPone EffectStat `NeedsFeedbackInjury`, `BledOut`, `internalDmgInjuryCount`, `MissionKilled`, `LastInjuryId`, `InjureOnStructDmg`, and `isTorsoMount`
INFO: 2021-06-12T22:43:59 - Added PinkPone iGUID tag
INFO: 2021-06-12T22:43:59 - Fetched PinkPone iGUID
INFO: 2021-06-12T22:43:59 - PinkPone missing, added to combatInjuriesMap
INFO: 2021-06-12T22:43:59 - PinkPone missing, added to pilotInjuriesMap
INFO: 2021-06-12T22:43:59 - Initializing injury effects for PinkPone
INFO: 2021-06-12T22:43:59 - PinkPone calculated BloodBank and BloodCapacity: 9
INFO: 2021-06-12T22:43:59 - Initializing Cerberus EffectStat `NeedsFeedbackInjury`, `BledOut`, `internalDmgInjuryCount`, `MissionKilled`, `LastInjuryId`, `InjureOnStructDmg`, and `isTorsoMount`
INFO: 2021-06-12T22:43:59 - Added Cerberus iGUID tag
INFO: 2021-06-12T22:43:59 - Fetched Cerberus iGUID
INFO: 2021-06-12T22:43:59 - Cerberus missing, added to combatInjuriesMap
INFO: 2021-06-12T22:43:59 - Cerberus missing, added to pilotInjuriesMap
INFO: 2021-06-12T22:43:59 - Initializing injury effects for Cerberus
INFO: 2021-06-12T22:43:59 - Cerberus calculated BloodBank and BloodCapacity: 11
INFO: 2021-06-12T22:43:59 - Initializing Epona EffectStat `NeedsFeedbackInjury`, `BledOut`, `internalDmgInjuryCount`, `MissionKilled`, `LastInjuryId`, `InjureOnStructDmg`, and `isTorsoMount`
INFO: 2021-06-12T22:43:59 - Added Epona iGUID tag
INFO: 2021-06-12T22:43:59 - Fetched Epona iGUID
INFO: 2021-06-12T22:43:59 - Epona missing, added to combatInjuriesMap
INFO: 2021-06-12T22:43:59 - Epona missing, added to pilotInjuriesMap
INFO: 2021-06-12T22:43:59 - Initializing injury effects for Epona
INFO: 2021-06-12T22:43:59 - Epona calculated BloodBank and BloodCapacity: 10
INFO: 2021-06-12T22:45:36 - Lieutenant has 0 injuries before InjurePilot; proceeding.
INFO: 2021-06-12T22:45:36 - Lieutenant injuryStat set to 0.
INFO: 2021-06-12T22:45:36 - Rolling standard injury with 1 damage for Lieutenant iGUID_risc_d5_gunner_high8fbe4e7e-8ec4-4ba6-98de-5431cbe9a2e0AI_TEMP_
INFO: 2021-06-12T22:45:36 - Injury Loc ArmR chosen for Lieutenant
INFO: 2021-06-12T22:45:36 - Injury Compound Fracture - Right Arm chosen for Lieutenant
INFO: 2021-06-12T22:45:36 - Adding Compound Fracture - Right Arm to Lieutenant's combat injury map. PilotID: iGUID_risc_d5_gunner_high8fbe4e7e-8ec4-4ba6-98de-5431cbe9a2e0AI_TEMP_
INFO: 2021-06-12T22:45:36 - Setting Compound Fracture - Right Arm to Lieutenant's LastInjuryId stat. PilotID: iGUID_risc_d5_gunner_high8fbe4e7e-8ec4-4ba6-98de-5431cbe9a2e0AI_TEMP_
INFO: 2021-06-12T22:45:36 - Adding Compound Fracture - Right Arm's severity value: 1 to Lieutenant's MissionKilledStat
INFO: 2021-06-12T22:45:36 - Calculated iGUID_risc_d5_gunner_high8fbe4e7e-8ec4-4ba6-98de-5431cbe9a2e0AI_TEMP_'s bloodLevel fraction: 1!
INFO: 2021-06-12T22:45:36 - Groggy needs blood level <= 0.25 to apply.
INFO: 2021-06-12T22:45:36 - Dizzy needs blood level <= 0.5 to apply.
INFO: 2021-06-12T22:45:36 - Shock needs blood level <= 0.75 to apply.
INFO: 2021-06-12T22:45:36 - processing 1 injury effects for Lieutenant_iGUID_risc_d5_gunner_high8fbe4e7e-8ec4-4ba6-98de-5431cbe9a2e0AI_TEMP_
INFO: 2021-06-12T22:45:36 - processing Broken Arm, Compound - Right for Lieutenant_iGUID_risc_d5_gunner_high8fbe4e7e-8ec4-4ba6-98de-5431cbe9a2e0AI_TEMP_
INFO: 2021-06-12T22:45:36 - Applying InjuryEffect_Lieutenant_ArmRCmpdBroken_bleedout
INFO: 2021-06-12T22:50:04 - Lieutenant_iGUID_risc_d5_gunner_high8fbe4e7e-8ec4-4ba6-98de-5431cbe9a2e0AI_TEMP_ bleeding out at rate of 1/activation!
INFO: 2021-06-12T22:50:04 - Lieutenant_iGUID_risc_d5_gunner_high8fbe4e7e-8ec4-4ba6-98de-5431cbe9a2e0AI_TEMP_: Current bloodBank at 6!
INFO: 2021-06-12T22:50:04 - Lieutenant_iGUID_risc_d5_gunner_high8fbe4e7e-8ec4-4ba6-98de-5431cbe9a2e0AI_TEMP_: BloodBank set to 5
INFO: 2021-06-12T22:50:04 - Calculated iGUID_risc_d5_gunner_high8fbe4e7e-8ec4-4ba6-98de-5431cbe9a2e0AI_TEMP_'s bloodLevel fraction: 0.8333333!
INFO: 2021-06-12T22:50:04 - Groggy needs blood level <= 0.25 to apply.
INFO: 2021-06-12T22:50:04 - Dizzy needs blood level <= 0.5 to apply.
INFO: 2021-06-12T22:50:04 - Shock needs blood level <= 0.75 to apply.
INFO: 2021-06-12T22:51:01 - Lieutenant has 1 injuries before InjurePilot; proceeding.
INFO: 2021-06-12T22:51:01 - Lieutenant injuryStat set to 1.
INFO: 2021-06-12T22:51:01 - Rolling standard injury with 5 damage for Lieutenant iGUID_risc_d5_gunner_high8fbe4e7e-8ec4-4ba6-98de-5431cbe9a2e0AI_TEMP_
INFO: 2021-06-12T22:51:01 - Lieutenant has preexisting conditions, processing location weight
INFO: 2021-06-12T22:51:01 - Final list of injury location indices: 2,3,4,5,6,7
INFO: 2021-06-12T22:51:01 - Injury Loc LegR chosen for Lieutenant
INFO: 2021-06-12T22:51:01 - Injury Severe Burns - Right Leg chosen for Lieutenant
INFO: 2021-06-12T22:51:01 - Adding Severe Burns - Right Leg to Lieutenant's combat injury map. PilotID: iGUID_risc_d5_gunner_high8fbe4e7e-8ec4-4ba6-98de-5431cbe9a2e0AI_TEMP_
INFO: 2021-06-12T22:51:01 - Setting Severe Burns - Right Leg to Lieutenant's LastInjuryId stat. PilotID: iGUID_risc_d5_gunner_high8fbe4e7e-8ec4-4ba6-98de-5431cbe9a2e0AI_TEMP_
INFO: 2021-06-12T22:51:01 - Adding Severe Burns - Right Leg's severity value: 1 to Lieutenant's MissionKilledStat
INFO: 2021-06-12T22:51:01 - processing 2 injury effects for Lieutenant_iGUID_risc_d5_gunner_high8fbe4e7e-8ec4-4ba6-98de-5431cbe9a2e0AI_TEMP_
INFO: 2021-06-12T22:51:01 - processing Severe Burns - Right Leg for Lieutenant_iGUID_risc_d5_gunner_high8fbe4e7e-8ec4-4ba6-98de-5431cbe9a2e0AI_TEMP_
INFO: 2021-06-12T22:51:01 - Applying InjuryEffect_Lieutenant_LegRBurnedWalk
INFO: 2021-06-12T22:51:01 - processing Severe Burns - Right Leg for Lieutenant_iGUID_risc_d5_gunner_high8fbe4e7e-8ec4-4ba6-98de-5431cbe9a2e0AI_TEMP_
INFO: 2021-06-12T22:51:01 - Applying InjuryEffect_Lieutenant_LegRBurnedJump
INFO: 2021-06-12T22:51:01 - Lieutenant has preexisting conditions, processing location weight
INFO: 2021-06-12T22:51:01 - Final list of injury location indices: 2,3,4,5,6,7
INFO: 2021-06-12T22:51:01 - Injury Loc ArmR chosen for Lieutenant
INFO: 2021-06-12T22:51:01 - Injury Severe Burns - Right Arm chosen for Lieutenant
INFO: 2021-06-12T22:51:01 - Adding Severe Burns - Right Arm to Lieutenant's combat injury map. PilotID: iGUID_risc_d5_gunner_high8fbe4e7e-8ec4-4ba6-98de-5431cbe9a2e0AI_TEMP_
INFO: 2021-06-12T22:51:01 - Setting Severe Burns - Right Arm to Lieutenant's LastInjuryId stat. PilotID: iGUID_risc_d5_gunner_high8fbe4e7e-8ec4-4ba6-98de-5431cbe9a2e0AI_TEMP_
INFO: 2021-06-12T22:51:01 - Adding Severe Burns - Right Arm's severity value: 1 to Lieutenant's MissionKilledStat
INFO: 2021-06-12T22:51:01 - processing 1 injury effects for Lieutenant_iGUID_risc_d5_gunner_high8fbe4e7e-8ec4-4ba6-98de-5431cbe9a2e0AI_TEMP_
INFO: 2021-06-12T22:51:01 - processing Severe Burns - Right Arm for Lieutenant_iGUID_risc_d5_gunner_high8fbe4e7e-8ec4-4ba6-98de-5431cbe9a2e0AI_TEMP_
INFO: 2021-06-12T22:51:01 - Applying InjuryEffect_Lieutenant_ArmRBurned
INFO: 2021-06-12T22:51:01 - Lieutenant has preexisting conditions, processing location weight
INFO: 2021-06-12T22:51:01 - Final list of injury location indices: 2,3,4,5,6,7
INFO: 2021-06-12T22:51:01 - Injury Loc ArmL chosen for Lieutenant
INFO: 2021-06-12T22:51:01 - Injury Severe Burns - Left Arm chosen for Lieutenant
INFO: 2021-06-12T22:51:01 - Adding Severe Burns - Left Arm to Lieutenant's combat injury map. PilotID: iGUID_risc_d5_gunner_high8fbe4e7e-8ec4-4ba6-98de-5431cbe9a2e0AI_TEMP_
INFO: 2021-06-12T22:51:01 - Setting Severe Burns - Left Arm to Lieutenant's LastInjuryId stat. PilotID: iGUID_risc_d5_gunner_high8fbe4e7e-8ec4-4ba6-98de-5431cbe9a2e0AI_TEMP_
INFO: 2021-06-12T22:51:01 - Adding Severe Burns - Left Arm's severity value: 1 to Lieutenant's MissionKilledStat
INFO: 2021-06-12T22:51:01 - processing 1 injury effects for Lieutenant_iGUID_risc_d5_gunner_high8fbe4e7e-8ec4-4ba6-98de-5431cbe9a2e0AI_TEMP_
INFO: 2021-06-12T22:51:01 - processing Severe Burns - Left Arm for Lieutenant_iGUID_risc_d5_gunner_high8fbe4e7e-8ec4-4ba6-98de-5431cbe9a2e0AI_TEMP_
INFO: 2021-06-12T22:51:01 - Applying InjuryEffect_Lieutenant_ArmLBurned
INFO: 2021-06-12T22:51:01 - Lieutenant has preexisting conditions, processing location weight
INFO: 2021-06-12T22:51:01 - Final list of injury location indices: 2,3,4,5,6,7
INFO: 2021-06-12T22:51:01 - Injury Loc Torso chosen for Lieutenant
INFO: 2021-06-12T22:51:01 - Injury Punctured Lung chosen for Lieutenant
INFO: 2021-06-12T22:51:01 - Adding Punctured Lung to Lieutenant's combat injury map. PilotID: iGUID_risc_d5_gunner_high8fbe4e7e-8ec4-4ba6-98de-5431cbe9a2e0AI_TEMP_
INFO: 2021-06-12T22:51:01 - Setting Punctured Lung to Lieutenant's LastInjuryId stat. PilotID: iGUID_risc_d5_gunner_high8fbe4e7e-8ec4-4ba6-98de-5431cbe9a2e0AI_TEMP_
INFO: 2021-06-12T22:51:01 - Adding Punctured Lung's severity value: 1 to Lieutenant's MissionKilledStat
INFO: 2021-06-12T22:51:01 - processing 1 injury effects for Lieutenant_iGUID_risc_d5_gunner_high8fbe4e7e-8ec4-4ba6-98de-5431cbe9a2e0AI_TEMP_
INFO: 2021-06-12T22:51:01 - processing Punctured Lung for Lieutenant_iGUID_risc_d5_gunner_high8fbe4e7e-8ec4-4ba6-98de-5431cbe9a2e0AI_TEMP_
INFO: 2021-06-12T22:51:01 - Applying InjuryEffect_Lieutenant_TorsoLungsGuts
INFO: 2021-06-12T22:51:01 - Lieutenant has preexisting conditions, processing location weight
INFO: 2021-06-12T22:51:01 - Final list of injury location indices: 2,3,4,5,6,7
INFO: 2021-06-12T22:51:01 - Injury Loc ArmR chosen for Lieutenant
INFO: 2021-06-12T22:51:01 - Injury Simple Fracture - Right Arm chosen for Lieutenant
INFO: 2021-06-12T22:51:01 - Adding Simple Fracture - Right Arm to Lieutenant's combat injury map. PilotID: iGUID_risc_d5_gunner_high8fbe4e7e-8ec4-4ba6-98de-5431cbe9a2e0AI_TEMP_
INFO: 2021-06-12T22:51:01 - Setting Simple Fracture - Right Arm to Lieutenant's LastInjuryId stat. PilotID: iGUID_risc_d5_gunner_high8fbe4e7e-8ec4-4ba6-98de-5431cbe9a2e0AI_TEMP_
INFO: 2021-06-12T22:51:01 - Adding Simple Fracture - Right Arm's severity value: 1 to Lieutenant's MissionKilledStat
INFO: 2021-06-12T22:51:01 - processing 1 injury effects for Lieutenant_iGUID_risc_d5_gunner_high8fbe4e7e-8ec4-4ba6-98de-5431cbe9a2e0AI_TEMP_
INFO: 2021-06-12T22:51:01 - processing Broken Arm - Right for Lieutenant_iGUID_risc_d5_gunner_high8fbe4e7e-8ec4-4ba6-98de-5431cbe9a2e0AI_TEMP_
INFO: 2021-06-12T22:51:01 - Applying InjuryEffect_Lieutenant_ArmRBroken
INFO: 2021-06-12T23:02:21 - Lieutenant has 0 injuries before InjurePilot; proceeding.
INFO: 2021-06-12T23:02:21 - Lieutenant injuryStat set to 0.
INFO: 2021-06-12T23:02:21 - Rolling standard injury with 1 damage for Lieutenant iGUID_risc_d5_tactician_high73063023-945f-43bc-b98d-ca7ebf2ad256AI_TEMP_
INFO: 2021-06-12T23:02:21 - Injury Loc LegL chosen for Lieutenant
INFO: 2021-06-12T23:02:21 - Injury Simple Fracture - Left Leg chosen for Lieutenant
INFO: 2021-06-12T23:02:21 - Adding Simple Fracture - Left Leg to Lieutenant's combat injury map. PilotID: iGUID_risc_d5_tactician_high73063023-945f-43bc-b98d-ca7ebf2ad256AI_TEMP_
INFO: 2021-06-12T23:02:21 - Setting Simple Fracture - Left Leg to Lieutenant's LastInjuryId stat. PilotID: iGUID_risc_d5_tactician_high73063023-945f-43bc-b98d-ca7ebf2ad256AI_TEMP_
INFO: 2021-06-12T23:02:21 - Adding Simple Fracture - Left Leg's severity value: 1 to Lieutenant's MissionKilledStat
INFO: 2021-06-12T23:02:21 - processing 2 injury effects for Lieutenant_iGUID_risc_d5_tactician_high73063023-945f-43bc-b98d-ca7ebf2ad256AI_TEMP_
INFO: 2021-06-12T23:02:21 - processing Simple Fracture - Left Leg for Lieutenant_iGUID_risc_d5_tactician_high73063023-945f-43bc-b98d-ca7ebf2ad256AI_TEMP_
INFO: 2021-06-12T23:02:21 - Applying InjuryEffect_Lieutenant_LegLBrokeWalk
INFO: 2021-06-12T23:02:21 - processing Simple Fracture - Left Leg for Lieutenant_iGUID_risc_d5_tactician_high73063023-945f-43bc-b98d-ca7ebf2ad256AI_TEMP_
INFO: 2021-06-12T23:02:21 - Applying InjuryEffect_Lieutenant_LegLBrokeJump
INFO: 2021-06-12T23:07:52 - Cockpit component (Crew Compartment) damaged/destroyed, pilot needs injury!
INFO: 2021-06-12T23:07:52 - Injuring Balac RISC pilot Lieutenant due to crew compartment damage!
INFO: 2021-06-12T23:07:52 - Lieutenant has 0 injuries before InjurePilot; proceeding.
INFO: 2021-06-12T23:07:52 - Lieutenant injuryStat set to 0.
INFO: 2021-06-12T23:07:52 - Rolling standard injury with 1 damage for Lieutenant iGUID_risc_d5_gunner_high00dafd35-8ea8-4362-a64a-dc3826e5bce6AI_TEMP_
INFO: 2021-06-12T23:07:52 - Injury Loc Head chosen for Lieutenant
INFO: 2021-06-12T23:07:52 - Injury Severe Burns - Head chosen for Lieutenant
INFO: 2021-06-12T23:07:52 - Adding Severe Burns - Head to Lieutenant's combat injury map. PilotID: iGUID_risc_d5_gunner_high00dafd35-8ea8-4362-a64a-dc3826e5bce6AI_TEMP_
INFO: 2021-06-12T23:07:52 - Setting Severe Burns - Head to Lieutenant's LastInjuryId stat. PilotID: iGUID_risc_d5_gunner_high00dafd35-8ea8-4362-a64a-dc3826e5bce6AI_TEMP_
INFO: 2021-06-12T23:07:52 - Adding Severe Burns - Head's severity value: 1 to Lieutenant's MissionKilledStat
INFO: 2021-06-12T23:07:52 - processing 1 injury effects for Lieutenant_iGUID_risc_d5_gunner_high00dafd35-8ea8-4362-a64a-dc3826e5bce6AI_TEMP_
INFO: 2021-06-12T23:07:52 - processing Head Burned for Lieutenant_iGUID_risc_d5_gunner_high00dafd35-8ea8-4362-a64a-dc3826e5bce6AI_TEMP_
INFO: 2021-06-12T23:07:52 - Applying InjuryEffect_Lieutenant_EyesBurnSpotter
INFO: 2021-06-12T23:08:04 - Lieutenant has 0 injuries before InjurePilot; proceeding.
INFO: 2021-06-12T23:08:04 - Lieutenant injuryStat set to 0.
INFO: 2021-06-12T23:08:04 - Rolling standard injury with 1 damage for Lieutenant iGUID_risc_d5_tactician_highd2f14c94-d31e-4ded-bdf1-fccfc76c8370AI_TEMP_
INFO: 2021-06-12T23:08:04 - Injury Loc ArmR chosen for Lieutenant
INFO: 2021-06-12T23:08:04 - Injury Severe Burns - Right Arm chosen for Lieutenant
INFO: 2021-06-12T23:08:04 - Adding Severe Burns - Right Arm to Lieutenant's combat injury map. PilotID: iGUID_risc_d5_tactician_highd2f14c94-d31e-4ded-bdf1-fccfc76c8370AI_TEMP_
INFO: 2021-06-12T23:08:04 - Setting Severe Burns - Right Arm to Lieutenant's LastInjuryId stat. PilotID: iGUID_risc_d5_tactician_highd2f14c94-d31e-4ded-bdf1-fccfc76c8370AI_TEMP_
INFO: 2021-06-12T23:08:04 - Adding Severe Burns - Right Arm's severity value: 1 to Lieutenant's MissionKilledStat
INFO: 2021-06-12T23:08:04 - processing 1 injury effects for Lieutenant_iGUID_risc_d5_tactician_highd2f14c94-d31e-4ded-bdf1-fccfc76c8370AI_TEMP_
INFO: 2021-06-12T23:08:04 - processing Severe Burns - Right Arm for Lieutenant_iGUID_risc_d5_tactician_highd2f14c94-d31e-4ded-bdf1-fccfc76c8370AI_TEMP_
INFO: 2021-06-12T23:08:04 - Applying InjuryEffect_Lieutenant_ArmRBurned
INFO: 2021-06-12T23:08:41 - Lieutenant has 1 injuries before InjurePilot; proceeding.
INFO: 2021-06-12T23:08:41 - Lieutenant injuryStat set to 1.
INFO: 2021-06-12T23:08:41 - Lieutenant_iGUID_risc_d5_tactician_highd2f14c94-d31e-4ded-bdf1-fccfc76c8370AI_TEMP_ still has 1 injuries; aborting.
INFO: 2021-06-12T23:09:09 - PinkPone has 0 injuries before InjurePilot; proceeding.
INFO: 2021-06-12T23:09:09 - PinkPone injuryStat set to 0.
INFO: 2021-06-12T23:09:09 - Rolling standard injury with 3 damage for PinkPone iGUID_pilot_d5_PinkPonedf050081-2b1e-41a3-8338-5732354c87fcAI_TEMP_
INFO: 2021-06-12T23:09:09 - Injury Loc ArmR chosen for PinkPone
INFO: 2021-06-12T23:09:09 - Injury Compound Fracture - Right Arm chosen for PinkPone
INFO: 2021-06-12T23:09:09 - Adding Compound Fracture - Right Arm to PinkPone's combat injury map. PilotID: iGUID_pilot_d5_PinkPonedf050081-2b1e-41a3-8338-5732354c87fcAI_TEMP_
INFO: 2021-06-12T23:09:09 - Setting Compound Fracture - Right Arm to PinkPone's LastInjuryId stat. PilotID: iGUID_pilot_d5_PinkPonedf050081-2b1e-41a3-8338-5732354c87fcAI_TEMP_
INFO: 2021-06-12T23:09:09 - Adding Compound Fracture - Right Arm's severity value: 1 to PinkPone's MissionKilledStat
INFO: 2021-06-12T23:09:09 - Calculated iGUID_pilot_d5_PinkPonedf050081-2b1e-41a3-8338-5732354c87fcAI_TEMP_'s bloodLevel fraction: 1!
INFO: 2021-06-12T23:09:09 - Groggy needs blood level <= 0.25 to apply.
INFO: 2021-06-12T23:09:09 - Dizzy needs blood level <= 0.5 to apply.
INFO: 2021-06-12T23:09:09 - Shock needs blood level <= 0.75 to apply.
INFO: 2021-06-12T23:09:09 - processing 1 injury effects for PinkPone_iGUID_pilot_d5_PinkPonedf050081-2b1e-41a3-8338-5732354c87fcAI_TEMP_
INFO: 2021-06-12T23:09:09 - processing Broken Arm, Compound - Right for PinkPone_iGUID_pilot_d5_PinkPonedf050081-2b1e-41a3-8338-5732354c87fcAI_TEMP_
INFO: 2021-06-12T23:09:09 - Applying InjuryEffect_PinkPone_ArmRCmpdBroken_bleedout
INFO: 2021-06-12T23:09:09 - PinkPone has preexisting conditions, processing location weight
INFO: 2021-06-12T23:09:09 - Final list of injury location indices: 2,3,4,5,6,7
INFO: 2021-06-12T23:09:09 - Injury Loc ArmL chosen for PinkPone
INFO: 2021-06-12T23:09:09 - Injury Severe Burns - Left Arm chosen for PinkPone
INFO: 2021-06-12T23:09:09 - Adding Severe Burns - Left Arm to PinkPone's combat injury map. PilotID: iGUID_pilot_d5_PinkPonedf050081-2b1e-41a3-8338-5732354c87fcAI_TEMP_
INFO: 2021-06-12T23:09:09 - Setting Severe Burns - Left Arm to PinkPone's LastInjuryId stat. PilotID: iGUID_pilot_d5_PinkPonedf050081-2b1e-41a3-8338-5732354c87fcAI_TEMP_
INFO: 2021-06-12T23:09:09 - Adding Severe Burns - Left Arm's severity value: 1 to PinkPone's MissionKilledStat
INFO: 2021-06-12T23:09:09 - processing 1 injury effects for PinkPone_iGUID_pilot_d5_PinkPonedf050081-2b1e-41a3-8338-5732354c87fcAI_TEMP_
INFO: 2021-06-12T23:09:09 - processing Severe Burns - Left Arm for PinkPone_iGUID_pilot_d5_PinkPonedf050081-2b1e-41a3-8338-5732354c87fcAI_TEMP_
INFO: 2021-06-12T23:09:09 - Applying InjuryEffect_PinkPone_ArmLBurned
INFO: 2021-06-12T23:09:09 - PinkPone has preexisting conditions, processing location weight
INFO: 2021-06-12T23:09:09 - Final list of injury location indices: 2,3,4,5,6,7
INFO: 2021-06-12T23:09:09 - Injury Loc LegL chosen for PinkPone
INFO: 2021-06-12T23:09:09 - Injury Compound Fracture - Left Leg chosen for PinkPone
INFO: 2021-06-12T23:09:09 - Adding Compound Fracture - Left Leg to PinkPone's combat injury map. PilotID: iGUID_pilot_d5_PinkPonedf050081-2b1e-41a3-8338-5732354c87fcAI_TEMP_
INFO: 2021-06-12T23:09:09 - Setting Compound Fracture - Left Leg to PinkPone's LastInjuryId stat. PilotID: iGUID_pilot_d5_PinkPonedf050081-2b1e-41a3-8338-5732354c87fcAI_TEMP_
INFO: 2021-06-12T23:09:09 - Adding Compound Fracture - Left Leg's severity value: 1 to PinkPone's MissionKilledStat
INFO: 2021-06-12T23:09:09 - Calculated iGUID_pilot_d5_PinkPonedf050081-2b1e-41a3-8338-5732354c87fcAI_TEMP_'s bloodLevel fraction: 1!
INFO: 2021-06-12T23:09:09 - Groggy needs blood level <= 0.25 to apply.
INFO: 2021-06-12T23:09:09 - Dizzy needs blood level <= 0.5 to apply.
INFO: 2021-06-12T23:09:09 - Shock needs blood level <= 0.75 to apply.
INFO: 2021-06-12T23:09:09 - processing 2 injury effects for PinkPone_iGUID_pilot_d5_PinkPonedf050081-2b1e-41a3-8338-5732354c87fcAI_TEMP_
INFO: 2021-06-12T23:09:09 - processing Compound Fracture - Left Leg for PinkPone_iGUID_pilot_d5_PinkPonedf050081-2b1e-41a3-8338-5732354c87fcAI_TEMP_
INFO: 2021-06-12T23:09:09 - Applying InjuryEffect_PinkPone_LegLBrokeCmpndWalk_bleedout
INFO: 2021-06-12T23:09:09 - processing Compound Fracture - Left Leg for PinkPone_iGUID_pilot_d5_PinkPonedf050081-2b1e-41a3-8338-5732354c87fcAI_TEMP_
INFO: 2021-06-12T23:09:09 - Applying InjuryEffect_PinkPone_LegLBrokeCmpndJump_bleedout
INFO: 2021-06-12T23:15:39 - Lieutenant has 1 injuries before InjurePilot; proceeding.
INFO: 2021-06-12T23:15:39 - Lieutenant injuryStat set to 1.
INFO: 2021-06-12T23:15:39 - Rolling standard injury with 5 damage for Lieutenant iGUID_risc_d5_tactician_highd2f14c94-d31e-4ded-bdf1-fccfc76c8370AI_TEMP_
INFO: 2021-06-12T23:15:39 - Lieutenant has preexisting conditions, processing location weight
INFO: 2021-06-12T23:15:39 - Final list of injury location indices: 2,3,4,5,6,7
INFO: 2021-06-12T23:15:39 - Injury Loc ArmR chosen for Lieutenant
INFO: 2021-06-12T23:15:39 - Injury Severe Burns - Right Arm chosen for Lieutenant
INFO: 2021-06-12T23:15:39 - Adding Severe Burns - Right Arm to Lieutenant's combat injury map. PilotID: iGUID_risc_d5_tactician_highd2f14c94-d31e-4ded-bdf1-fccfc76c8370AI_TEMP_
INFO: 2021-06-12T23:15:39 - Setting Severe Burns - Right Arm to Lieutenant's LastInjuryId stat. PilotID: iGUID_risc_d5_tactician_highd2f14c94-d31e-4ded-bdf1-fccfc76c8370AI_TEMP_
INFO: 2021-06-12T23:15:39 - Adding Severe Burns - Right Arm's severity value: 1 to Lieutenant's MissionKilledStat
INFO: 2021-06-12T23:15:39 - processing 1 injury effects for Lieutenant_iGUID_risc_d5_tactician_highd2f14c94-d31e-4ded-bdf1-fccfc76c8370AI_TEMP_
INFO: 2021-06-12T23:15:39 - processing Severe Burns - Right Arm for Lieutenant_iGUID_risc_d5_tactician_highd2f14c94-d31e-4ded-bdf1-fccfc76c8370AI_TEMP_
INFO: 2021-06-12T23:15:39 - Applying InjuryEffect_Lieutenant_ArmRBurned
INFO: 2021-06-12T23:15:39 - Lieutenant has preexisting conditions, processing location weight
INFO: 2021-06-12T23:15:39 - Final list of injury location indices: 2,3,4,5,6,7
INFO: 2021-06-12T23:15:39 - Injury Loc ArmL chosen for Lieutenant
INFO: 2021-06-12T23:15:39 - Injury Compound Fracture - Left Arm chosen for Lieutenant
INFO: 2021-06-12T23:15:39 - Adding Compound Fracture - Left Arm to Lieutenant's combat injury map. PilotID: iGUID_risc_d5_tactician_highd2f14c94-d31e-4ded-bdf1-fccfc76c8370AI_TEMP_
INFO: 2021-06-12T23:15:39 - Setting Compound Fracture - Left Arm to Lieutenant's LastInjuryId stat. PilotID: iGUID_risc_d5_tactician_highd2f14c94-d31e-4ded-bdf1-fccfc76c8370AI_TEMP_
INFO: 2021-06-12T23:15:39 - Adding Compound Fracture - Left Arm's severity value: 1 to Lieutenant's MissionKilledStat
INFO: 2021-06-12T23:15:39 - Calculated iGUID_risc_d5_tactician_highd2f14c94-d31e-4ded-bdf1-fccfc76c8370AI_TEMP_'s bloodLevel fraction: 1!
INFO: 2021-06-12T23:15:39 - Groggy needs blood level <= 0.25 to apply.
INFO: 2021-06-12T23:15:39 - Dizzy needs blood level <= 0.5 to apply.
INFO: 2021-06-12T23:15:39 - Shock needs blood level <= 0.75 to apply.
INFO: 2021-06-12T23:15:39 - processing 1 injury effects for Lieutenant_iGUID_risc_d5_tactician_highd2f14c94-d31e-4ded-bdf1-fccfc76c8370AI_TEMP_
INFO: 2021-06-12T23:15:39 - processing Broken Arm, Compound - Left for Lieutenant_iGUID_risc_d5_tactician_highd2f14c94-d31e-4ded-bdf1-fccfc76c8370AI_TEMP_
INFO: 2021-06-12T23:15:39 - Applying InjuryEffect_Lieutenant_ArmLCmpdBroken_bleedout
INFO: 2021-06-12T23:15:39 - Lieutenant has preexisting conditions, processing location weight
INFO: 2021-06-12T23:15:39 - Final list of injury location indices: 2,3,4,5,6,7
INFO: 2021-06-12T23:15:39 - Injury Loc ArmL chosen for Lieutenant
INFO: 2021-06-12T23:15:39 - Injury Compound Fracture - Left Arm chosen for Lieutenant
INFO: 2021-06-12T23:15:39 - Adding Compound Fracture - Left Arm to Lieutenant's combat injury map. PilotID: iGUID_risc_d5_tactician_highd2f14c94-d31e-4ded-bdf1-fccfc76c8370AI_TEMP_
INFO: 2021-06-12T23:15:39 - Setting Compound Fracture - Left Arm to Lieutenant's LastInjuryId stat. PilotID: iGUID_risc_d5_tactician_highd2f14c94-d31e-4ded-bdf1-fccfc76c8370AI_TEMP_
INFO: 2021-06-12T23:15:39 - Adding Compound Fracture - Left Arm's severity value: 1 to Lieutenant's MissionKilledStat
INFO: 2021-06-12T23:15:39 - Calculated iGUID_risc_d5_tactician_highd2f14c94-d31e-4ded-bdf1-fccfc76c8370AI_TEMP_'s bloodLevel fraction: 1!
INFO: 2021-06-12T23:15:39 - Groggy needs blood level <= 0.25 to apply.
INFO: 2021-06-12T23:15:39 - Dizzy needs blood level <= 0.5 to apply.
INFO: 2021-06-12T23:15:39 - Shock needs blood level <= 0.75 to apply.
INFO: 2021-06-12T23:15:39 - processing 1 injury effects for Lieutenant_iGUID_risc_d5_tactician_highd2f14c94-d31e-4ded-bdf1-fccfc76c8370AI_TEMP_
INFO: 2021-06-12T23:15:39 - processing Broken Arm, Compound - Left for Lieutenant_iGUID_risc_d5_tactician_highd2f14c94-d31e-4ded-bdf1-fccfc76c8370AI_TEMP_
INFO: 2021-06-12T23:15:39 - Applying InjuryEffect_Lieutenant_ArmLCmpdBroken_bleedout
INFO: 2021-06-12T23:15:39 - Lieutenant has preexisting conditions, processing location weight
INFO: 2021-06-12T23:15:39 - Final list of injury location indices: 2,3,4,5,6,7
INFO: 2021-06-12T23:15:39 - Injury Loc Torso chosen for Lieutenant
INFO: 2021-06-12T23:15:39 - Injury Internal Bleeding - Torso chosen for Lieutenant
INFO: 2021-06-12T23:15:39 - Adding Internal Bleeding - Torso to Lieutenant's combat injury map. PilotID: iGUID_risc_d5_tactician_highd2f14c94-d31e-4ded-bdf1-fccfc76c8370AI_TEMP_
INFO: 2021-06-12T23:15:39 - Setting Internal Bleeding - Torso to Lieutenant's LastInjuryId stat. PilotID: iGUID_risc_d5_tactician_highd2f14c94-d31e-4ded-bdf1-fccfc76c8370AI_TEMP_
INFO: 2021-06-12T23:15:39 - Adding Internal Bleeding - Torso's severity value: 2 to Lieutenant's MissionKilledStat
INFO: 2021-06-12T23:15:39 - Calculated iGUID_risc_d5_tactician_highd2f14c94-d31e-4ded-bdf1-fccfc76c8370AI_TEMP_'s bloodLevel fraction: 1!
INFO: 2021-06-12T23:15:39 - Groggy needs blood level <= 0.25 to apply.
INFO: 2021-06-12T23:15:39 - Dizzy needs blood level <= 0.5 to apply.
INFO: 2021-06-12T23:15:39 - Shock needs blood level <= 0.75 to apply.
INFO: 2021-06-12T23:15:39 - processing 1 injury effects for Lieutenant_iGUID_risc_d5_tactician_highd2f14c94-d31e-4ded-bdf1-fccfc76c8370AI_TEMP_
INFO: 2021-06-12T23:15:39 - processing Internal Bleeding for Lieutenant_iGUID_risc_d5_tactician_highd2f14c94-d31e-4ded-bdf1-fccfc76c8370AI_TEMP_
INFO: 2021-06-12T23:15:39 - Applying InjuryEffect_Lieutenant_TorsoHemEvasion_bleedout
INFO: 2021-06-12T23:15:39 - Lieutenant has preexisting conditions, processing location weight
INFO: 2021-06-12T23:15:39 - Final list of injury location indices: 2,3,4,5,6,7
INFO: 2021-06-12T23:15:39 - Injury Loc ArmR chosen for Lieutenant
INFO: 2021-06-12T23:15:39 - Injury Severe Burns - Right Arm chosen for Lieutenant
INFO: 2021-06-12T23:15:39 - Adding Severe Burns - Right Arm to Lieutenant's combat injury map. PilotID: iGUID_risc_d5_tactician_highd2f14c94-d31e-4ded-bdf1-fccfc76c8370AI_TEMP_
INFO: 2021-06-12T23:15:39 - Setting Severe Burns - Right Arm to Lieutenant's LastInjuryId stat. PilotID: iGUID_risc_d5_tactician_highd2f14c94-d31e-4ded-bdf1-fccfc76c8370AI_TEMP_
INFO: 2021-06-12T23:15:39 - Adding Severe Burns - Right Arm's severity value: 1 to Lieutenant's MissionKilledStat
INFO: 2021-06-12T23:15:39 - processing 1 injury effects for Lieutenant_iGUID_risc_d5_tactician_highd2f14c94-d31e-4ded-bdf1-fccfc76c8370AI_TEMP_
INFO: 2021-06-12T23:15:39 - processing Severe Burns - Right Arm for Lieutenant_iGUID_risc_d5_tactician_highd2f14c94-d31e-4ded-bdf1-fccfc76c8370AI_TEMP_
INFO: 2021-06-12T23:15:39 - Applying InjuryEffect_Lieutenant_ArmRBurned
INFO: 2021-06-12T23:15:55 - Cerberus has 0 injuries before InjurePilot; proceeding.
INFO: 2021-06-12T23:15:55 - Cerberus injuryStat set to 0.
INFO: 2021-06-12T23:15:55 - Rolling standard injury with 1 damage for Cerberus iGUID_pilot_d6_Elite8305c693-2bab-466b-99ae-76c36fab905aAI_TEMP_
INFO: 2021-06-12T23:15:55 - Injury Loc LegL chosen for Cerberus
INFO: 2021-06-12T23:15:55 - Injury Severe Burns - Left Leg chosen for Cerberus
INFO: 2021-06-12T23:15:55 - Adding Severe Burns - Left Leg to Cerberus's combat injury map. PilotID: iGUID_pilot_d6_Elite8305c693-2bab-466b-99ae-76c36fab905aAI_TEMP_
INFO: 2021-06-12T23:15:55 - Setting Severe Burns - Left Leg to Cerberus's LastInjuryId stat. PilotID: iGUID_pilot_d6_Elite8305c693-2bab-466b-99ae-76c36fab905aAI_TEMP_
INFO: 2021-06-12T23:15:55 - Adding Severe Burns - Left Leg's severity value: 1 to Cerberus's MissionKilledStat
INFO: 2021-06-12T23:15:55 - processing 2 injury effects for Cerberus_iGUID_pilot_d6_Elite8305c693-2bab-466b-99ae-76c36fab905aAI_TEMP_
INFO: 2021-06-12T23:15:55 - processing Severe Burns - Left Leg for Cerberus_iGUID_pilot_d6_Elite8305c693-2bab-466b-99ae-76c36fab905aAI_TEMP_
INFO: 2021-06-12T23:15:55 - Applying InjuryEffect_Cerberus_LegLBurnedWalk
INFO: 2021-06-12T23:15:55 - processing Severe Burns - Left Leg for Cerberus_iGUID_pilot_d6_Elite8305c693-2bab-466b-99ae-76c36fab905aAI_TEMP_
INFO: 2021-06-12T23:15:55 - Applying InjuryEffect_Cerberus_LegLBurnedJump
INFO: 2021-06-12T23:19:25 - Lieutenant has 0 injuries before InjurePilot; proceeding.
INFO: 2021-06-12T23:19:25 - Lieutenant injuryStat set to 0.
INFO: 2021-06-12T23:19:25 - Rolling standard injury with 1 damage for Lieutenant iGUID_risc_d5_tactician_high87684543-28bb-4d62-8732-0ec91d134d89AI_TEMP_
INFO: 2021-06-12T23:19:25 - Injury Loc Head chosen for Lieutenant
INFO: 2021-06-12T23:19:25 - Injury Severe Burns - Head chosen for Lieutenant
INFO: 2021-06-12T23:19:25 - Adding Severe Burns - Head to Lieutenant's combat injury map. PilotID: iGUID_risc_d5_tactician_high87684543-28bb-4d62-8732-0ec91d134d89AI_TEMP_
INFO: 2021-06-12T23:19:25 - Setting Severe Burns - Head to Lieutenant's LastInjuryId stat. PilotID: iGUID_risc_d5_tactician_high87684543-28bb-4d62-8732-0ec91d134d89AI_TEMP_
INFO: 2021-06-12T23:19:25 - Adding Severe Burns - Head's severity value: 1 to Lieutenant's MissionKilledStat
INFO: 2021-06-12T23:19:25 - processing 1 injury effects for Lieutenant_iGUID_risc_d5_tactician_high87684543-28bb-4d62-8732-0ec91d134d89AI_TEMP_
INFO: 2021-06-12T23:19:25 - processing Head Burned for Lieutenant_iGUID_risc_d5_tactician_high87684543-28bb-4d62-8732-0ec91d134d89AI_TEMP_
INFO: 2021-06-12T23:19:25 - Applying InjuryEffect_Lieutenant_EyesBurnSpotter
INFO: 2021-06-12T23:19:29 - Adding Ginger's combatInjuryMap to their pilotInjuryMap
INFO: 2021-06-12T23:19:29 - Adding Ice Trey's combatInjuryMap to their pilotInjuryMap
INFO: 2021-06-12T23:19:29 - Adding Rook's combatInjuryMap to their pilotInjuryMap
INFO: 2021-06-12T23:19:29 - Adding Arclight's combatInjuryMap to their pilotInjuryMap
INFO: 2021-06-12T23:19:29 - Adding Ariamaki's combatInjuryMap to their pilotInjuryMap
INFO: 2021-06-12T23:19:29 - Initializing Arclight EffectStat `NeedsFeedbackInjury`, `BledOut`, `internalDmgInjuryCount`, `MissionKilled`, `LastInjuryId`, `InjureOnStructDmg`, and `isTorsoMount`
INFO: 2021-06-12T23:19:29 - Initializing Ariamaki EffectStat `NeedsFeedbackInjury`, `BledOut`, `internalDmgInjuryCount`, `MissionKilled`, `LastInjuryId`, `InjureOnStructDmg`, and `isTorsoMount`
INFO: 2021-06-12T23:21:17 - Pilot with pilotID iGUID_pilot_deploy_director3a49d704-adf4-428a-b410-eaf8236763b5AI_TEMP_ not in roster, removing from pilotInjuriesMap
INFO: 2021-06-12T23:21:17 - Pilot with pilotID iGUID_risc_d5_tactician_high73063023-945f-43bc-b98d-ca7ebf2ad256AI_TEMP_ not in roster, removing from pilotInjuriesMap
INFO: 2021-06-12T23:21:17 - Pilot with pilotID iGUID_risc_d5_gunner_high00dafd35-8ea8-4362-a64a-dc3826e5bce6AI_TEMP_ not in roster, removing from pilotInjuriesMap
INFO: 2021-06-12T23:21:17 - Pilot with pilotID iGUID_risc_d5_gunner_highe474db4d-bf1a-4f73-abc4-e5d6fc78906dAI_TEMP_ not in roster, removing from pilotInjuriesMap
INFO: 2021-06-12T23:21:17 - Pilot with pilotID iGUID_risc_d5_tactician_high27316109-f714-42e8-a340-bf7d5e6028dfAI_TEMP_ not in roster, removing from pilotInjuriesMap
INFO: 2021-06-12T23:21:17 - Pilot with pilotID iGUID_pilot_d5_PinkPone49005c62-df4a-4f7d-a904-3673f602132fAI_TEMP_ not in roster, removing from pilotInjuriesMap
INFO: 2021-06-12T23:21:17 - Pilot with pilotID iGUID_risc_d5_tactician_highd2f14c94-d31e-4ded-bdf1-fccfc76c8370AI_TEMP_ not in roster, removing from pilotInjuriesMap
INFO: 2021-06-12T23:21:17 - Pilot with pilotID iGUID_risc_d5_gunner_high8fbe4e7e-8ec4-4ba6-98de-5431cbe9a2e0AI_TEMP_ not in roster, removing from pilotInjuriesMap
INFO: 2021-06-12T23:21:17 - Pilot with pilotID iGUID_risc_d5_tactician_high87684543-28bb-4d62-8732-0ec91d134d89AI_TEMP_ not in roster, removing from pilotInjuriesMap
INFO: 2021-06-12T23:21:17 - Pilot with pilotID iGUID_pilot_d5_PinkPonedf050081-2b1e-41a3-8338-5732354c87fcAI_TEMP_ not in roster, removing from pilotInjuriesMap
INFO: 2021-06-12T23:21:17 - Pilot with pilotID iGUID_pilot_d6_Elite8305c693-2bab-466b-99ae-76c36fab905aAI_TEMP_ not in roster, removing from pilotInjuriesMap
INFO: 2021-06-12T23:21:17 - Pilot with pilotID iGUID_pilot_d4_EponaRhi2a5d1c10-ac7d-4a90-b09f-a77a91ef3210AI_TEMP_ not in roster, removing from pilotInjuriesMap
INFO: 2021-06-12T23:21:17 - Serialized injuryState and adding to company tags. State was injuryState_{"iGUID_commander89f88631-6f9d-4199-9270-86f4a06cad48":[],"iGUID_pilot_backer_Piazzacbc4f70a-0903-4b03-8f5e-568313a541a1":[],"iGUID_pilot_tbone_t-bone7063c2db-10d6-4854-af85-0889c7406be1":[],"iGUID_pilot_backer_Reidinger67f429ab-d808-46c3-a6ff-a4cf548cf1a3":[],"iGUID_pilot_ronin_Arclightde9c2e0c-00b7-456f-bbf3-7dc6e4a3bb23":[],"iGUID_pilot_at_Brick58d31fb1-caa2-446a-aa46-cd2dbe3e243d":[],"iGUID_pilot_backer_Woodse41f67e6-4454-4a6b-b117-d735e7a34fb4":[],"iGUID_pilot_Bansheed2a0fd8f-f5b0-4180-b474-4ad403b59d24":["TorsoRibs","LegRBroken"]}
INFO: 2021-06-12T23:21:51 - Banshee has been healed!!
INFO: 2021-06-12T23:21:59 - Serialized injuryState and adding to company tags. State was injuryState_{"iGUID_commander89f88631-6f9d-4199-9270-86f4a06cad48":[],"iGUID_pilot_backer_Piazzacbc4f70a-0903-4b03-8f5e-568313a541a1":[],"iGUID_pilot_tbone_t-bone7063c2db-10d6-4854-af85-0889c7406be1":[],"iGUID_pilot_backer_Reidinger67f429ab-d808-46c3-a6ff-a4cf548cf1a3":[],"iGUID_pilot_ronin_Arclightde9c2e0c-00b7-456f-bbf3-7dc6e4a3bb23":[],"iGUID_pilot_at_Brick58d31fb1-caa2-446a-aa46-cd2dbe3e243d":[],"iGUID_pilot_backer_Woodse41f67e6-4454-4a6b-b117-d735e7a34fb4":[],"iGUID_pilot_Bansheed2a0fd8f-f5b0-4180-b474-4ad403b59d24":[]}
